#
# There is insufficient memory for the Java Runtime Environment to continue.
# Native memory allocation (mmap) failed to map 82313216 bytes for committing reserved memory.
# Possible reasons:
#   The system is out of physical RAM or swap space
#   In 32 bit mode, the process size limit was hit
# Possible solutions:
#   Reduce memory load on the system
#   Increase physical memory or swap space
#   Check if swap backing store is full
#   Use 64 bit Java on a 64 bit OS
#   Decrease Java heap size (-Xmx/-Xms)
#   Decrease number of Java threads
#   Decrease Java thread stack sizes (-Xss)
#   Set larger code cache with -XX:ReservedCodeCacheSize=
# This output file may be truncated or incomplete.
#
#  Out of Memory Error (os_linux.cpp:2627), pid=4341, tid=140548861327104
#
# JRE version: Java(TM) SE Runtime Environment (8.0_66-b17) (build 1.8.0_66-b17)
# Java VM: Java HotSpot(TM) 64-Bit Server VM (25.66-b17 mixed mode linux-amd64 compressed oops)
# Failed to write core dump. Core dumps have been disabled. To enable core dumping, try "ulimit -c unlimited" before starting Java again
#

---------------  T H R E A D  ---------------

Current thread (0x00007fd40c00a000):  JavaThread "main" [_thread_in_vm, id=4345, stack(0x00007fd414e3f000,0x00007fd414f40000)]

Stack: [0x00007fd414e3f000,0x00007fd414f40000],  sp=0x00007fd414f3dc40,  free space=1019k
Native frames: (J=compiled Java code, j=interpreted, Vv=VM code, C=native code)
V  [libjvm.so+0xab9a1a]  VMError::report_and_die()+0x2ba
V  [libjvm.so+0x4f9e0b]  report_vm_out_of_memory(char const*, int, unsigned long, VMErrorType, char const*)+0x8b
V  [libjvm.so+0x91a8a3]  os::Linux::commit_memory_impl(char*, unsigned long, bool)+0x103
V  [libjvm.so+0x91adf9]  os::pd_commit_memory(char*, unsigned long, unsigned long, bool)+0x29
V  [libjvm.so+0x91510a]  os::commit_memory(char*, unsigned long, unsigned long, bool)+0x2a
V  [libjvm.so+0x9887a3]  PSVirtualSpace::expand_by(unsigned long)+0x53
V  [libjvm.so+0x979090]  PSOldGen::expand(unsigned long)+0x170
V  [libjvm.so+0x97934a]  PSOldGen::expand_and_allocate(unsigned long)+0x1a
V  [libjvm.so+0x97946b]  PSOldGen::allocate(unsigned long)+0xcb
V  [libjvm.so+0x93e1be]  ParallelScavengeHeap::mem_allocate(unsigned long, bool*)+0xfe
V  [libjvm.so+0xa7fb5e]  TypeArrayKlass::allocate_common(int, bool, Thread*)+0x26e
V  [libjvm.so+0x3db3aa]  Runtime1::new_type_array(JavaThread*, Klass*, int)+0x2a
v  ~RuntimeStub::new_type_array Runtime1 stub
J 64 C1 java.util.Arrays.copyOf([BI)[B (19 bytes) @ 0x00007fd3fd1286e6 [0x00007fd3fd1284e0+0x206]
j  java.io.ByteArrayOutputStream.grow(I)V+36
J 1147 C1 java.io.ByteArrayOutputStream.write([BII)V (66 bytes) @ 0x00007fd3fd34fb24 [0x00007fd3fd34f840+0x2e4]
j  com.android.dx.cf.direct.ClassPathOpener.processArchive(Ljava/io/File;)Z+162
j  com.android.dx.cf.direct.ClassPathOpener.processOne(Ljava/io/File;Z)Z+48
j  com.android.dx.cf.direct.ClassPathOpener.process()Z+15
j  com.android.dx.command.dexer.Main.processOne(Ljava/lang/String;Lcom/android/dx/cf/direct/ClassPathOpener$FileNameFilter;)V+20
j  com.android.dx.command.dexer.Main.processAllFiles()Z+272
j  com.android.dx.command.dexer.Main.runMonoDex()I+58
j  com.android.dx.command.dexer.Main.run(Lcom/android/dx/command/dexer/Main$Arguments;)I+76
j  com.android.dx.command.dexer.Main.main([Ljava/lang/String;)V+14
j  com.android.dx.command.Main.main([Ljava/lang/String;)V+61
v  ~StubRoutines::call_stub
V  [libjvm.so+0x68bc46]  JavaCalls::call_helper(JavaValue*, methodHandle*, JavaCallArguments*, Thread*)+0x1056
V  [libjvm.so+0x6cd262]  jni_invoke_static(JNIEnv_*, JavaValue*, _jobject*, JNICallType, _jmethodID*, JNI_ArgumentPusher*, Thread*)+0x362
V  [libjvm.so+0x6e9c6a]  jni_CallStaticVoidMethod+0x17a
C  [libjli.so+0x7bcc]  JavaMain+0x80c
C  [libpthread.so.0+0x76aa]  start_thread+0xca

Java frames: (J=compiled Java code, j=interpreted, Vv=VM code)
v  ~RuntimeStub::new_type_array Runtime1 stub
J 64 C1 java.util.Arrays.copyOf([BI)[B (19 bytes) @ 0x00007fd3fd1286e6 [0x00007fd3fd1284e0+0x206]
j  java.io.ByteArrayOutputStream.grow(I)V+36
J 1147 C1 java.io.ByteArrayOutputStream.write([BII)V (66 bytes) @ 0x00007fd3fd34fb24 [0x00007fd3fd34f840+0x2e4]
j  com.android.dx.cf.direct.ClassPathOpener.processArchive(Ljava/io/File;)Z+162
j  com.android.dx.cf.direct.ClassPathOpener.processOne(Ljava/io/File;Z)Z+48
j  com.android.dx.cf.direct.ClassPathOpener.process()Z+15
j  com.android.dx.command.dexer.Main.processOne(Ljava/lang/String;Lcom/android/dx/cf/direct/ClassPathOpener$FileNameFilter;)V+20
j  com.android.dx.command.dexer.Main.processAllFiles()Z+272
j  com.android.dx.command.dexer.Main.runMonoDex()I+58
j  com.android.dx.command.dexer.Main.run(Lcom/android/dx/command/dexer/Main$Arguments;)I+76
j  com.android.dx.command.dexer.Main.main([Ljava/lang/String;)V+14
j  com.android.dx.command.Main.main([Ljava/lang/String;)V+61
v  ~StubRoutines::call_stub

---------------  P R O C E S S  ---------------

Java Threads: ( => current thread )
  0x00007fd40c15a800 JavaThread "pool-1-thread-4" [_thread_blocked, id=4392, stack(0x00007fd3f5312000,0x00007fd3f5413000)]
  0x00007fd40c14e800 JavaThread "pool-1-thread-3" [_thread_blocked, id=4389, stack(0x00007fd3f5413000,0x00007fd3f5514000)]
  0x00007fd40c14d000 JavaThread "pool-1-thread-2" [_thread_blocked, id=4386, stack(0x00007fd3f5514000,0x00007fd3f5615000)]
  0x00007fd40c14b800 JavaThread "pool-2-thread-1" [_thread_blocked, id=4384, stack(0x00007fd3f5615000,0x00007fd3f5716000)]
  0x00007fd40c147000 JavaThread "pool-1-thread-1" [_thread_blocked, id=4381, stack(0x00007fd3f5716000,0x00007fd3f5817000)]
  0x00007fd40c0d1000 JavaThread "Service Thread" daemon [_thread_blocked, id=4368, stack(0x00007fd3fc08e000,0x00007fd3fc18f000)]
  0x00007fd40c0bc000 JavaThread "C1 CompilerThread2" daemon [_thread_blocked, id=4366, stack(0x00007fd3fc18f000,0x00007fd3fc290000)]
  0x00007fd40c0ba000 JavaThread "C2 CompilerThread1" daemon [_thread_blocked, id=4364, stack(0x00007fd3fc290000,0x00007fd3fc391000)]
  0x00007fd40c0b7000 JavaThread "C2 CompilerThread0" daemon [_thread_blocked, id=4357, stack(0x00007fd3fc391000,0x00007fd3fc492000)]
  0x00007fd40c0b5800 JavaThread "Signal Dispatcher" daemon [_thread_blocked, id=4353, stack(0x00007fd3fc492000,0x00007fd3fc593000)]
  0x00007fd40c07f800 JavaThread "Finalizer" daemon [_thread_blocked, id=4352, stack(0x00007fd3fc593000,0x00007fd3fc694000)]
  0x00007fd40c07d800 JavaThread "Reference Handler" daemon [_thread_blocked, id=4351, stack(0x00007fd3fc694000,0x00007fd3fc795000)]
=>0x00007fd40c00a000 JavaThread "main" [_thread_in_vm, id=4345, stack(0x00007fd414e3f000,0x00007fd414f40000)]

Other Threads:
  0x00007fd40c078000 VMThread [stack: 0x00007fd3fc795000,0x00007fd3fc896000] [id=4350]
  0x00007fd40c0d4000 WatcherThread [stack: 0x00007fd3f5817000,0x00007fd3f5918000] [id=4371]

VM state:not at safepoint (normal execution)

VM Mutex/Monitor currently owned by a thread:  ([mutex/lock_event])
[0x00007fd40c005e50] ExpandHeap_lock - owner thread: 0x00007fd40c00a000
[0x00007fd40c0069d0] Heap_lock - owner thread: 0x00007fd40c00a000

Heap:
 PSYoungGen      total 34304K, used 26339K [0x00000000eab00000, 0x00000000eee00000, 0x0000000100000000)
  eden space 31744K, 75% used [0x00000000eab00000,0x00000000ec240e08,0x00000000eca00000)
  from space 2560K, 98% used [0x00000000eca00000,0x00000000ecc78038,0x00000000ecc80000)
  to   space 2560K, 0% used [0x00000000eeb80000,0x00000000eeb80000,0x00000000eee00000)
 ParOldGen       total 82944K, used 54805K [0x00000000c0000000, 0x00000000c5100000, 0x00000000eab00000)
  object space 82944K, 66% used [0x00000000c0000000,0x00000000c35855c0,0x00000000c5100000)
 Metaspace       used 5719K, capacity 6768K, committed 7040K, reserved 1056768K
  class space    used 576K, capacity 616K, committed 640K, reserved 1048576K

Card table byte_map: [0x00007fd411a06000,0x00007fd411c07000] byte_map_base: 0x00007fd411406000

Marking Bits: (ParMarkBitMap*) 0x00007fd414318020
 Begin Bits: [0x00007fd3f6000000, 0x00007fd3f7000000)
 End Bits:   [0x00007fd3f7000000, 0x00007fd3f8000000)

Polling page: 0x00007fd414f65000

CodeCache: size=245760Kb used=3464Kb max_used=3476Kb free=242295Kb
 bounds [0x00007fd3fd000000, 0x00007fd3fd370000, 0x00007fd40c000000]
 total_blobs=1186 nmethods=919 adapters=181
 compilation: enabled

Compilation events (10 events):
Event: 14.793 Thread 0x00007fd40c0bc000 1144   !   3       java.util.zip.ZipFile$ZipFileInputStream::read (131 bytes)
Event: 14.795 Thread 0x00007fd40c0bc000 nmethod 1144 0x00007fd3fd362610 code [0x00007fd3fd3627e0, 0x00007fd3fd363088]
Event: 14.866 Thread 0x00007fd40c0b7000 1145       4       java.util.zip.Inflater::ensureOpen (47 bytes)
Event: 14.871 Thread 0x00007fd40c0bc000 1146       3       java.io.FilterInputStream::read (9 bytes)
Event: 14.872 Thread 0x00007fd40c0bc000 nmethod 1146 0x00007fd3fd350110 code [0x00007fd3fd350280, 0x00007fd3fd3504a8]
Event: 14.884 Thread 0x00007fd40c0b7000 nmethod 1145 0x00007fd3fd363ad0 code [0x00007fd3fd363c20, 0x00007fd3fd363cb8]
Event: 15.137 Thread 0x00007fd40c0bc000 1147  s    3       java.io.ByteArrayOutputStream::write (66 bytes)
Event: 15.138 Thread 0x00007fd40c0bc000 nmethod 1147 0x00007fd3fd34f690 code [0x00007fd3fd34f840, 0x00007fd3fd34fea8]
Event: 15.339 Thread 0x00007fd40c0ba000 1148   !   4       java.util.zip.Inflater::inflate (113 bytes)
Event: 15.355 Thread 0x00007fd40c0ba000 nmethod 1148 0x00007fd3fd356cd0 code [0x00007fd3fd356e40, 0x00007fd3fd3572c8]

GC Heap History (6 events):
Event: 4.859 GC heap before
{Heap before GC invocations=1 (full 0):
 PSYoungGen      total 18432K, used 15872K [0x00000000eab00000, 0x00000000ebf80000, 0x0000000100000000)
  eden space 15872K, 100% used [0x00000000eab00000,0x00000000eba80000,0x00000000eba80000)
  from space 2560K, 0% used [0x00000000ebd00000,0x00000000ebd00000,0x00000000ebf80000)
  to   space 2560K, 0% used [0x00000000eba80000,0x00000000eba80000,0x00000000ebd00000)
 ParOldGen       total 42496K, used 0K [0x00000000c0000000, 0x00000000c2980000, 0x00000000eab00000)
  object space 42496K, 0% used [0x00000000c0000000,0x00000000c0000000,0x00000000c2980000)
 Metaspace       used 5549K, capacity 6576K, committed 6784K, reserved 1056768K
  class space    used 576K, capacity 616K, committed 640K, reserved 1048576K
Event: 4.922 GC heap after
Heap after GC invocations=1 (full 0):
 PSYoungGen      total 18432K, used 2535K [0x00000000eab00000, 0x00000000ecf00000, 0x0000000100000000)
  eden space 15872K, 0% used [0x00000000eab00000,0x00000000eab00000,0x00000000eba80000)
  from space 2560K, 99% used [0x00000000eba80000,0x00000000ebcf9c88,0x00000000ebd00000)
  to   space 2560K, 0% used [0x00000000ecc80000,0x00000000ecc80000,0x00000000ecf00000)
 ParOldGen       total 42496K, used 1440K [0x00000000c0000000, 0x00000000c2980000, 0x00000000eab00000)
  object space 42496K, 3% used [0x00000000c0000000,0x00000000c0168060,0x00000000c2980000)
 Metaspace       used 5549K, capacity 6576K, committed 6784K, reserved 1056768K
  class space    used 576K, capacity 616K, committed 640K, reserved 1048576K
}
Event: 10.554 GC heap before
{Heap before GC invocations=2 (full 0):
 PSYoungGen      total 18432K, used 18407K [0x00000000eab00000, 0x00000000ecf00000, 0x0000000100000000)
  eden space 15872K, 100% used [0x00000000eab00000,0x00000000eba80000,0x00000000eba80000)
  from space 2560K, 99% used [0x00000000eba80000,0x00000000ebcf9c88,0x00000000ebd00000)
  to   space 2560K, 0% used [0x00000000ecc80000,0x00000000ecc80000,0x00000000ecf00000)
 ParOldGen       total 42496K, used 1440K [0x00000000c0000000, 0x00000000c2980000, 0x00000000eab00000)
  object space 42496K, 3% used [0x00000000c0000000,0x00000000c0168060,0x00000000c2980000)
 Metaspace       used 5654K, capacity 6704K, committed 6784K, reserved 1056768K
  class space    used 576K, capacity 616K, committed 640K, reserved 1048576K
Event: 10.656 GC heap after
Heap after GC invocations=2 (full 0):
 PSYoungGen      total 34304K, used 2535K [0x00000000eab00000, 0x00000000ecf00000, 0x0000000100000000)
  eden space 31744K, 0% used [0x00000000eab00000,0x00000000eab00000,0x00000000eca00000)
  from space 2560K, 99% used [0x00000000ecc80000,0x00000000ecef9c68,0x00000000ecf00000)
  to   space 2560K, 0% used [0x00000000eca00000,0x00000000eca00000,0x00000000ecc80000)
 ParOldGen       total 42496K, used 3122K [0x00000000c0000000, 0x00000000c2980000, 0x00000000eab00000)
  object space 42496K, 7% used [0x00000000c0000000,0x00000000c030ca08,0x00000000c2980000)
 Metaspace       used 5654K, capacity 6704K, committed 6784K, reserved 1056768K
  class space    used 576K, capacity 616K, committed 640K, reserved 1048576K
}
Event: 11.801 GC heap before
{Heap before GC invocations=3 (full 0):
 PSYoungGen      total 34304K, used 34279K [0x00000000eab00000, 0x00000000ecf00000, 0x0000000100000000)
  eden space 31744K, 100% used [0x00000000eab00000,0x00000000eca00000,0x00000000eca00000)
  from space 2560K, 99% used [0x00000000ecc80000,0x00000000ecef9c68,0x00000000ecf00000)
  to   space 2560K, 0% used [0x00000000eca00000,0x00000000eca00000,0x00000000ecc80000)
 ParOldGen       total 42496K, used 3178K [0x00000000c0000000, 0x00000000c2980000, 0x00000000eab00000)
  object space 42496K, 7% used [0x00000000c0000000,0x00000000c031a968,0x00000000c2980000)
 Metaspace       used 5712K, capacity 6768K, committed 7040K, reserved 1056768K
  class space    used 576K, capacity 616K, committed 640K, reserved 1048576K
Event: 12.106 GC heap after
Heap after GC invocations=3 (full 0):
 PSYoungGen      total 34304K, used 2528K [0x00000000eab00000, 0x00000000eee00000, 0x0000000100000000)
  eden space 31744K, 0% used [0x00000000eab00000,0x00000000eab00000,0x00000000eca00000)
  from space 2560K, 98% used [0x00000000eca00000,0x00000000ecc78038,0x00000000ecc80000)
  to   space 2560K, 0% used [0x00000000eeb80000,0x00000000eeb80000,0x00000000eee00000)
 ParOldGen       total 42496K, used 14805K [0x00000000c0000000, 0x00000000c2980000, 0x00000000eab00000)
  object space 42496K, 34% used [0x00000000c0000000,0x00000000c0e755b0,0x00000000c2980000)
 Metaspace       used 5712K, capacity 6768K, committed 7040K, reserved 1056768K
  class space    used 576K, capacity 616K, committed 640K, reserved 1048576K
}

Deoptimization events (3 events):
Event: 2.577 Thread 0x00007fd40c00a000 Uncommon trap: reason=unstable_if action=reinterpret pc=0x00007fd3fd13c588 method=java.lang.String.indexOf(II)I @ 49
Event: 4.105 Thread 0x00007fd40c147000 Uncommon trap: reason=unstable_if action=reinterpret pc=0x00007fd3fd1e8880 method=java.util.HashMap.getNode(ILjava/lang/Object;)Ljava/util/HashMap$Node; @ 129
Event: 4.238 Thread 0x00007fd40c147000 Uncommon trap: reason=unstable_if action=reinterpret pc=0x00007fd3fd1f1b6c method=java.util.BitSet.nextSetBit(I)I @ 87

Internal exceptions (2 events):
Event: 0.252 Thread 0x00007fd40c00a000 Exception <a 'java/lang/NoSuchMethodError': Method sun.misc.Unsafe.defineClass(Ljava/lang/String;[BII)Ljava/lang/Class; name or signature does not match> (0x00000000eab12b90) thrown at [/HUDSON/workspace/8-2-build-linux-amd64/jdk8u66/4988/hotspot/src/shar
Event: 0.252 Thread 0x00007fd40c00a000 Exception <a 'java/lang/NoSuchMethodError': Method sun.misc.Unsafe.prefetchRead(Ljava/lang/Object;J)V name or signature does not match> (0x00000000eab12e78) thrown at [/HUDSON/workspace/8-2-build-linux-amd64/jdk8u66/4988/hotspot/src/share/vm/prims/jni.cpp

Events (10 events):
Event: 4.699 loading class com/android/dx/rop/code/LocalItem
Event: 4.699 loading class com/android/dx/rop/code/LocalItem done
Event: 4.852 Executing VM operation: ParallelGCFailedAllocation
Event: 4.922 Executing VM operation: ParallelGCFailedAllocation done
Event: 5.855 Executing VM operation: ParallelGCFailedAllocation
Event: 10.656 Executing VM operation: ParallelGCFailedAllocation done
Event: 11.797 Executing VM operation: ParallelGCFailedAllocation
Event: 11.797 Executing VM operation: ParallelGCFailedAllocation done
Event: 11.801 Executing VM operation: ParallelGCSystemGC
Event: 12.106 Executing VM operation: ParallelGCSystemGC done


Dynamic libraries:
00400000-00401000 r-xp 00000000 08:06 2375596                            /usr/lib/jvm/java-8-oracle/bin/java
00600000-00601000 rw-p 00000000 08:06 2375596                            /usr/lib/jvm/java-8-oracle/bin/java
01b29000-01b4a000 rw-p 00000000 00:00 0                                  [heap]
c0000000-c5100000 rw-p 00000000 00:00 0 
c9f80000-eab00000 ---p 00000000 00:00 0 
eab00000-eee00000 rw-p 00000000 00:00 0 
eee00000-100000000 ---p 00000000 00:00 0 
100000000-1000a0000 rw-p 00000000 00:00 0 
1000a0000-140000000 ---p 00000000 00:00 0 
7fd3a8000000-7fd3a8021000 rw-p 00000000 00:00 0 
7fd3a8021000-7fd3ac000000 ---p 00000000 00:00 0 
7fd3b0000000-7fd3b0021000 rw-p 00000000 00:00 0 
7fd3b0021000-7fd3b4000000 ---p 00000000 00:00 0 
7fd3b4000000-7fd3b4043000 rw-p 00000000 00:00 0 
7fd3b4043000-7fd3b8000000 ---p 00000000 00:00 0 
7fd3b8000000-7fd3b8021000 rw-p 00000000 00:00 0 
7fd3b8021000-7fd3bc000000 ---p 00000000 00:00 0 
7fd3bc000000-7fd3bc021000 rw-p 00000000 00:00 0 
7fd3bc021000-7fd3c0000000 ---p 00000000 00:00 0 
7fd3c0000000-7fd3c0021000 rw-p 00000000 00:00 0 
7fd3c0021000-7fd3c4000000 ---p 00000000 00:00 0 
7fd3c4000000-7fd3c4021000 rw-p 00000000 00:00 0 
7fd3c4021000-7fd3c8000000 ---p 00000000 00:00 0 
7fd3c8000000-7fd3c81cb000 rw-p 00000000 00:00 0 
7fd3c81cb000-7fd3cc000000 ---p 00000000 00:00 0 
7fd3cc000000-7fd3cc4dc000 rw-p 00000000 00:00 0 
7fd3cc4dc000-7fd3d0000000 ---p 00000000 00:00 0 
7fd3d0000000-7fd3d0021000 rw-p 00000000 00:00 0 
7fd3d0021000-7fd3d4000000 ---p 00000000 00:00 0 
7fd3d4000000-7fd3d4471000 rw-p 00000000 00:00 0 
7fd3d4471000-7fd3d8000000 ---p 00000000 00:00 0 
7fd3d8000000-7fd3d8021000 rw-p 00000000 00:00 0 
7fd3d8021000-7fd3dc000000 ---p 00000000 00:00 0 
7fd3dc000000-7fd3dc021000 rw-p 00000000 00:00 0 
7fd3dc021000-7fd3e0000000 ---p 00000000 00:00 0 
7fd3e0000000-7fd3e0021000 rw-p 00000000 00:00 0 
7fd3e0021000-7fd3e4000000 ---p 00000000 00:00 0 
7fd3e4000000-7fd3e4021000 rw-p 00000000 00:00 0 
7fd3e4021000-7fd3e8000000 ---p 00000000 00:00 0 
7fd3e8000000-7fd3e8021000 rw-p 00000000 00:00 0 
7fd3e8021000-7fd3ec000000 ---p 00000000 00:00 0 
7fd3f0000000-7fd3f0021000 rw-p 00000000 00:00 0 
7fd3f0021000-7fd3f4000000 ---p 00000000 00:00 0 
7fd3f5312000-7fd3f5315000 ---p 00000000 00:00 0 
7fd3f5315000-7fd3f5413000 rw-p 00000000 00:00 0                          [stack:4392]
7fd3f5413000-7fd3f5416000 ---p 00000000 00:00 0 
7fd3f5416000-7fd3f5514000 rw-p 00000000 00:00 0                          [stack:4389]
7fd3f5514000-7fd3f5517000 ---p 00000000 00:00 0 
7fd3f5517000-7fd3f5615000 rw-p 00000000 00:00 0                          [stack:4386]
7fd3f5615000-7fd3f5618000 ---p 00000000 00:00 0 
7fd3f5618000-7fd3f5716000 rw-p 00000000 00:00 0                          [stack:4384]
7fd3f5716000-7fd3f5719000 ---p 00000000 00:00 0 
7fd3f5719000-7fd3f5817000 rw-p 00000000 00:00 0                          [stack:4381]
7fd3f5817000-7fd3f5818000 ---p 00000000 00:00 0 
7fd3f5818000-7fd3f5918000 rw-p 00000000 00:00 0                          [stack:4371]
7fd3f5918000-7fd3f6000000 r--p 00000000 08:06 2106131                    /usr/lib/locale/locale-archive
7fd3f6000000-7fd3f8000000 rw-p 00000000 00:00 0 
7fd3f8000000-7fd3f8021000 rw-p 00000000 00:00 0 
7fd3f8021000-7fd3fc000000 ---p 00000000 00:00 0 
7fd3fc08e000-7fd3fc091000 ---p 00000000 00:00 0 
7fd3fc091000-7fd3fc18f000 rw-p 00000000 00:00 0                          [stack:4368]
7fd3fc18f000-7fd3fc192000 ---p 00000000 00:00 0 
7fd3fc192000-7fd3fc290000 rw-p 00000000 00:00 0                          [stack:4366]
7fd3fc290000-7fd3fc293000 ---p 00000000 00:00 0 
7fd3fc293000-7fd3fc391000 rw-p 00000000 00:00 0                          [stack:4364]
7fd3fc391000-7fd3fc394000 ---p 00000000 00:00 0 
7fd3fc394000-7fd3fc492000 rw-p 00000000 00:00 0                          [stack:4357]
7fd3fc492000-7fd3fc495000 ---p 00000000 00:00 0 
7fd3fc495000-7fd3fc593000 rw-p 00000000 00:00 0                          [stack:4353]
7fd3fc593000-7fd3fc596000 ---p 00000000 00:00 0 
7fd3fc596000-7fd3fc694000 rw-p 00000000 00:00 0                          [stack:4352]
7fd3fc694000-7fd3fc697000 ---p 00000000 00:00 0 
7fd3fc697000-7fd3fc795000 rw-p 00000000 00:00 0                          [stack:4351]
7fd3fc795000-7fd3fc796000 ---p 00000000 00:00 0 
7fd3fc796000-7fd3fd000000 rw-p 00000000 00:00 0                          [stack:4350]
7fd3fd000000-7fd3fd370000 rwxp 00000000 00:00 0 
7fd3fd370000-7fd40c000000 ---p 00000000 00:00 0 
7fd40c000000-7fd40c409000 rw-p 00000000 00:00 0 
7fd40c409000-7fd410000000 ---p 00000000 00:00 0 
7fd410004000-7fd410013000 r--s 000df000 08:06 2100170                    /home/geng/Android/Sdk/build-tools/23.0.2/lib/dx.jar
7fd410013000-7fd41085d000 rw-p 00000000 00:00 0 
7fd41085d000-7fd410a36000 r--s 03d20000 08:06 2242548                    /usr/lib/jvm/java-8-oracle/jre/lib/rt.jar
7fd410a36000-7fd4110ec000 rw-p 00000000 00:00 0 
7fd4110ec000-7fd4112ac000 ---p 00000000 00:00 0 
7fd4112ac000-7fd4114ac000 rw-p 00000000 00:00 0 
7fd4114ac000-7fd4114ad000 ---p 00000000 00:00 0 
7fd4114ad000-7fd4115ad000 rw-p 00000000 00:00 0                          [stack:4349]
7fd4115ad000-7fd4115ae000 ---p 00000000 00:00 0 
7fd4115ae000-7fd4116ae000 rw-p 00000000 00:00 0                          [stack:4348]
7fd4116ae000-7fd4116af000 ---p 00000000 00:00 0 
7fd4116af000-7fd4117af000 rw-p 00000000 00:00 0                          [stack:4347]
7fd4117af000-7fd4117b0000 ---p 00000000 00:00 0 
7fd4117b0000-7fd4118d9000 rw-p 00000000 00:00 0                          [stack:4346]
7fd4118d9000-7fd411a06000 ---p 00000000 00:00 0 
7fd411a06000-7fd411a2f000 rw-p 00000000 00:00 0 
7fd411a2f000-7fd411b5b000 ---p 00000000 00:00 0 
7fd411b5b000-7fd411b7d000 rw-p 00000000 00:00 0 
7fd411b7d000-7fd411c06000 ---p 00000000 00:00 0 
7fd411c06000-7fd411c15000 rw-p 00000000 00:00 0 
7fd411c15000-7fd411fc7000 ---p 00000000 00:00 0 
7fd411fc7000-7fd411fe1000 r-xp 00000000 08:06 2242601                    /usr/lib/jvm/java-8-oracle/jre/lib/amd64/libzip.so
7fd411fe1000-7fd4121e1000 ---p 0001a000 08:06 2242601                    /usr/lib/jvm/java-8-oracle/jre/lib/amd64/libzip.so
7fd4121e1000-7fd4121e2000 rw-p 0001a000 08:06 2242601                    /usr/lib/jvm/java-8-oracle/jre/lib/amd64/libzip.so
7fd4121e2000-7fd4121ee000 r-xp 00000000 08:06 660723                     /lib/x86_64-linux-gnu/libnss_files-2.21.so
7fd4121ee000-7fd4123ed000 ---p 0000c000 08:06 660723                     /lib/x86_64-linux-gnu/libnss_files-2.21.so
7fd4123ed000-7fd4123ee000 r--p 0000b000 08:06 660723                     /lib/x86_64-linux-gnu/libnss_files-2.21.so
7fd4123ee000-7fd4123ef000 rw-p 0000c000 08:06 660723                     /lib/x86_64-linux-gnu/libnss_files-2.21.so
7fd4123ef000-7fd4123fa000 r-xp 00000000 08:06 662850                     /lib/x86_64-linux-gnu/libnss_nis-2.21.so
7fd4123fa000-7fd4125f9000 ---p 0000b000 08:06 662850                     /lib/x86_64-linux-gnu/libnss_nis-2.21.so
7fd4125f9000-7fd4125fa000 r--p 0000a000 08:06 662850                     /lib/x86_64-linux-gnu/libnss_nis-2.21.so
7fd4125fa000-7fd4125fb000 rw-p 0000b000 08:06 662850                     /lib/x86_64-linux-gnu/libnss_nis-2.21.so
7fd4125fb000-7fd412612000 r-xp 00000000 08:06 662279                     /lib/x86_64-linux-gnu/libnsl-2.21.so
7fd412612000-7fd412811000 ---p 00017000 08:06 662279                     /lib/x86_64-linux-gnu/libnsl-2.21.so
7fd412811000-7fd412812000 r--p 00016000 08:06 662279                     /lib/x86_64-linux-gnu/libnsl-2.21.so
7fd412812000-7fd412813000 rw-p 00017000 08:06 662279                     /lib/x86_64-linux-gnu/libnsl-2.21.so
7fd412813000-7fd412815000 rw-p 00000000 00:00 0 
7fd412815000-7fd41281d000 r-xp 00000000 08:06 660725                     /lib/x86_64-linux-gnu/libnss_compat-2.21.so
7fd41281d000-7fd412a1c000 ---p 00008000 08:06 660725                     /lib/x86_64-linux-gnu/libnss_compat-2.21.so
7fd412a1c000-7fd412a1d000 r--p 00007000 08:06 660725                     /lib/x86_64-linux-gnu/libnss_compat-2.21.so
7fd412a1d000-7fd412a1e000 rw-p 00008000 08:06 660725                     /lib/x86_64-linux-gnu/libnss_compat-2.21.so
7fd412a1e000-7fd412a48000 r-xp 00000000 08:06 2242596                    /usr/lib/jvm/java-8-oracle/jre/lib/amd64/libjava.so
7fd412a48000-7fd412c48000 ---p 0002a000 08:06 2242596                    /usr/lib/jvm/java-8-oracle/jre/lib/amd64/libjava.so
7fd412c48000-7fd412c4a000 rw-p 0002a000 08:06 2242596                    /usr/lib/jvm/java-8-oracle/jre/lib/amd64/libjava.so
7fd412c4a000-7fd412c57000 r-xp 00000000 08:06 2242600                    /usr/lib/jvm/java-8-oracle/jre/lib/amd64/libverify.so
7fd412c57000-7fd412e57000 ---p 0000d000 08:06 2242600                    /usr/lib/jvm/java-8-oracle/jre/lib/amd64/libverify.so
7fd412e57000-7fd412e59000 rw-p 0000d000 08:06 2242600                    /usr/lib/jvm/java-8-oracle/jre/lib/amd64/libverify.so
7fd412e59000-7fd412e60000 r-xp 00000000 08:06 659846                     /lib/x86_64-linux-gnu/librt-2.21.so
7fd412e60000-7fd41305f000 ---p 00007000 08:06 659846                     /lib/x86_64-linux-gnu/librt-2.21.so
7fd41305f000-7fd413060000 r--p 00006000 08:06 659846                     /lib/x86_64-linux-gnu/librt-2.21.so
7fd413060000-7fd413061000 rw-p 00007000 08:06 659846                     /lib/x86_64-linux-gnu/librt-2.21.so
7fd413061000-7fd413168000 r-xp 00000000 08:06 662854                     /lib/x86_64-linux-gnu/libm-2.21.so
7fd413168000-7fd413367000 ---p 00107000 08:06 662854                     /lib/x86_64-linux-gnu/libm-2.21.so
7fd413367000-7fd413368000 r--p 00106000 08:06 662854                     /lib/x86_64-linux-gnu/libm-2.21.so
7fd413368000-7fd413369000 rw-p 00107000 08:06 662854                     /lib/x86_64-linux-gnu/libm-2.21.so
7fd413369000-7fd414027000 r-xp 00000000 08:06 2242621                    /usr/lib/jvm/java-8-oracle/jre/lib/amd64/server/libjvm.so
7fd414027000-7fd414226000 ---p 00cbe000 08:06 2242621                    /usr/lib/jvm/java-8-oracle/jre/lib/amd64/server/libjvm.so
7fd414226000-7fd4142ff000 rw-p 00cbd000 08:06 2242621                    /usr/lib/jvm/java-8-oracle/jre/lib/amd64/server/libjvm.so
7fd4142ff000-7fd414343000 rw-p 00000000 00:00 0 
7fd414343000-7fd414503000 r-xp 00000000 08:06 662856                     /lib/x86_64-linux-gnu/libc-2.21.so
7fd414503000-7fd414703000 ---p 001c0000 08:06 662856                     /lib/x86_64-linux-gnu/libc-2.21.so
7fd414703000-7fd414707000 r--p 001c0000 08:06 662856                     /lib/x86_64-linux-gnu/libc-2.21.so
7fd414707000-7fd414709000 rw-p 001c4000 08:06 662856                     /lib/x86_64-linux-gnu/libc-2.21.so
7fd414709000-7fd41470d000 rw-p 00000000 00:00 0 
7fd41470d000-7fd414710000 r-xp 00000000 08:06 662848                     /lib/x86_64-linux-gnu/libdl-2.21.so
7fd414710000-7fd41490f000 ---p 00003000 08:06 662848                     /lib/x86_64-linux-gnu/libdl-2.21.so
7fd41490f000-7fd414910000 r--p 00002000 08:06 662848                     /lib/x86_64-linux-gnu/libdl-2.21.so
7fd414910000-7fd414911000 rw-p 00003000 08:06 662848                     /lib/x86_64-linux-gnu/libdl-2.21.so
7fd414911000-7fd414926000 r-xp 00000000 08:06 2257905                    /usr/lib/jvm/java-8-oracle/lib/amd64/jli/libjli.so
7fd414926000-7fd414b26000 ---p 00015000 08:06 2257905                    /usr/lib/jvm/java-8-oracle/lib/amd64/jli/libjli.so
7fd414b26000-7fd414b27000 rw-p 00015000 08:06 2257905                    /usr/lib/jvm/java-8-oracle/lib/amd64/jli/libjli.so
7fd414b27000-7fd414b3f000 r-xp 00000000 08:06 660721                     /lib/x86_64-linux-gnu/libpthread-2.21.so
7fd414b3f000-7fd414d3f000 ---p 00018000 08:06 660721                     /lib/x86_64-linux-gnu/libpthread-2.21.so
7fd414d3f000-7fd414d40000 r--p 00018000 08:06 660721                     /lib/x86_64-linux-gnu/libpthread-2.21.so
7fd414d40000-7fd414d41000 rw-p 00019000 08:06 660721                     /lib/x86_64-linux-gnu/libpthread-2.21.so
7fd414d41000-7fd414d45000 rw-p 00000000 00:00 0 
7fd414d45000-7fd414d69000 r-xp 00000000 08:06 662553                     /lib/x86_64-linux-gnu/ld-2.21.so
7fd414d6a000-7fd414e3f000 rw-p 00000000 00:00 0 
7fd414e3f000-7fd414e42000 ---p 00000000 00:00 0 
7fd414e42000-7fd414f44000 rw-p 00000000 00:00 0                          [stack:4345]
7fd414f44000-7fd414f48000 r--s 01460000 08:06 1059913                    /home/geng/.gradle/caches/modules-2/files-2.1/io.openwebrtc/openwebrtc-android/0.3/407a1ca68c5ac67f0cf3949b46379713dd82d35c/openwebrtc-android-0.3.jar
7fd414f48000-7fd414f5c000 rw-p 00000000 00:00 0 
7fd414f5c000-7fd414f64000 rw-s 00000000 08:06 1059393                    /tmp/hsperfdata_geng/4341
7fd414f64000-7fd414f65000 rw-p 00000000 00:00 0 
7fd414f65000-7fd414f66000 r--p 00000000 00:00 0 
7fd414f66000-7fd414f68000 rw-p 00000000 00:00 0 
7fd414f68000-7fd414f69000 r--p 00023000 08:06 662553                     /lib/x86_64-linux-gnu/ld-2.21.so
7fd414f69000-7fd414f6a000 rw-p 00024000 08:06 662553                     /lib/x86_64-linux-gnu/ld-2.21.so
7fd414f6a000-7fd414f6b000 rw-p 00000000 00:00 0 
7ffcf5995000-7ffcf59b7000 rw-p 00000000 00:00 0                          [stack]
7ffcf59eb000-7ffcf59ed000 r--p 00000000 00:00 0                          [vvar]
7ffcf59ed000-7ffcf59ef000 r-xp 00000000 00:00 0                          [vdso]
ffffffffff600000-ffffffffff601000 r-xp 00000000 00:00 0                  [vsyscall]

VM Arguments:
jvm_args: -Djava.awt.headless=true -Xmx1024M -Dfile.encoding=UTF-8 -Duser.country=US -Duser.language=en -Duser.variant 
java_command: com.android.dx.command.Main --dex --force-jumbo --num-threads=4 --output /home/geng/grad/GuideMe/app/build/intermediates/pre-dexed/debug/openwebrtc-android-0.3_261aa57c383cd46b17518bf89c7d1782ee28b199.jar /home/geng/.gradle/caches/modules-2/files-2.1/io.openwebrtc/openwebrtc-android/0.3/407a1ca68c5ac67f0cf3949b46379713dd82d35c/openwebrtc-android-0.3.jar
java_class_path (initial): /home/geng/Android/Sdk/build-tools/23.0.2/lib/dx.jar
Launcher Type: SUN_STANDARD

Environment Variables:
PATH=/home/geng/.rvm/gems/jruby-1.7.19/bin:/home/geng/.rvm/gems/jruby-1.7.19@global/bin:/home/geng/.rvm/rubies/jruby-1.7.19/bin:/usr/local/heroku/bin:/usr/local/sbin:/usr/local/bin:/usr/sbin:/usr/bin:/sbin:/bin:/usr/games:/usr/local/games:/home/geng/.rvm/bin:/home/geng/.rvm/bin:/home/geng/.rvm/bin
LD_LIBRARY_PATH=/opt/android-studio/bin:
SHELL=/bin/bash
DISPLAY=:0

Signal Handlers:
SIGSEGV: [libjvm.so+0xaba2a0], sa_mask[0]=11111111011111111101111111111110, sa_flags=SA_RESTART|SA_SIGINFO
SIGBUS: [libjvm.so+0xaba2a0], sa_mask[0]=11111111011111111101111111111110, sa_flags=SA_RESTART|SA_SIGINFO
SIGFPE: [libjvm.so+0x917710], sa_mask[0]=11111111011111111101111111111110, sa_flags=SA_RESTART|SA_SIGINFO
SIGPIPE: [libjvm.so+0x917710], sa_mask[0]=11111111011111111101111111111110, sa_flags=SA_RESTART|SA_SIGINFO
SIGXFSZ: [libjvm.so+0x917710], sa_mask[0]=11111111011111111101111111111110, sa_flags=SA_RESTART|SA_SIGINFO
SIGILL: [libjvm.so+0x917710], sa_mask[0]=11111111011111111101111111111110, sa_flags=SA_RESTART|SA_SIGINFO
SIGUSR1: SIG_DFL, sa_mask[0]=00000000000000000000000000000000, sa_flags=none
SIGUSR2: [libjvm.so+0x918d40], sa_mask[0]=00100000000000000000000000000000, sa_flags=SA_RESTART|SA_SIGINFO
SIGHUP: [libjvm.so+0x91a140], sa_mask[0]=11111111011111111101111111111110, sa_flags=SA_RESTART|SA_SIGINFO
SIGINT: [libjvm.so+0x91a140], sa_mask[0]=11111111011111111101111111111110, sa_flags=SA_RESTART|SA_SIGINFO
SIGTERM: [libjvm.so+0x91a140], sa_mask[0]=11111111011111111101111111111110, sa_flags=SA_RESTART|SA_SIGINFO
SIGQUIT: [libjvm.so+0x91a140], sa_mask[0]=11111111011111111101111111111110, sa_flags=SA_RESTART|SA_SIGINFO


---------------  S Y S T E M  ---------------

OS:DISTRIB_ID=Ubuntu
DISTRIB_RELEASE=15.10
DISTRIB_CODENAME=wily
DISTRIB_DESCRIPTION="Ubuntu 15.10"

uname:Linux 4.2.0-35-generic #40-Ubuntu SMP Tue Mar 15 22:15:45 UTC 2016 x86_64
libc:glibc 2.21 NPTL 2.21 
rlimit: STACK 8192k, CORE 0k, NPROC 15268, NOFILE 65536, AS infinity
load average:10.57 4.57 2.50

/proc/meminfo:
MemTotal:        3945432 kB
MemFree:           33956 kB
MemAvailable:      79832 kB
Buffers:            1232 kB
Cached:           263128 kB
SwapCached:         1652 kB
Active:          2693356 kB
Inactive:        1038952 kB
Active(anon):    2667248 kB
Inactive(anon):  1024836 kB
Active(file):      26108 kB
Inactive(file):    14116 kB
Unevictable:         216 kB
Mlocked:             216 kB
SwapTotal:        976892 kB
SwapFree:              0 kB
Dirty:               100 kB
Writeback:             0 kB
AnonPages:       3466968 kB
Mapped:           151664 kB
Shmem:            223624 kB
Slab:              75024 kB
SReclaimable:      35004 kB
SUnreclaim:        40020 kB
KernelStack:       13424 kB
PageTables:        50224 kB
NFS_Unstable:          0 kB
Bounce:                0 kB
WritebackTmp:          0 kB
CommitLimit:     2949608 kB
Committed_AS:   10359696 kB
VmallocTotal:   34359738367 kB
VmallocUsed:      354720 kB
VmallocChunk:   34358945788 kB
HardwareCorrupted:     0 kB
AnonHugePages:    563200 kB
CmaTotal:              0 kB
CmaFree:               0 kB
HugePages_Total:       0
HugePages_Free:        0
HugePages_Rsvd:        0
HugePages_Surp:        0
Hugepagesize:       2048 kB
DirectMap4k:      130080 kB
DirectMap2M:     3964928 kB


CPU:total 4 (2 cores per cpu, 2 threads per core) family 6 model 42 stepping 7, cmov, cx8, fxsr, mmx, sse, sse2, sse3, ssse3, sse4.1, sse4.2, popcnt, avx, aes, clmul, ht, tsc, tscinvbit

/proc/cpuinfo:
processor	: 0
vendor_id	: GenuineIntel
cpu family	: 6
model		: 42
model name	: Intel(R) Core(TM) i5-2467M CPU @ 1.60GHz
stepping	: 7
microcode	: 0x1a
cpu MHz		: 1999.937
cache size	: 3072 KB
physical id	: 0
siblings	: 4
core id		: 0
cpu cores	: 2
apicid		: 0
initial apicid	: 0
fpu		: yes
fpu_exception	: yes
cpuid level	: 13
wp		: yes
flags		: fpu vme de pse tsc msr pae mce cx8 apic sep mtrr pge mca cmov pat pse36 clflush dts acpi mmx fxsr sse sse2 ss ht tm pbe syscall nx rdtscp lm constant_tsc arch_perfmon pebs bts rep_good nopl xtopology nonstop_tsc aperfmperf eagerfpu pni pclmulqdq dtes64 monitor ds_cpl vmx est tm2 ssse3 cx16 xtpr pdcm pcid sse4_1 sse4_2 x2apic popcnt tsc_deadline_timer aes xsave avx lahf_lm ida arat epb pln pts dtherm tpr_shadow vnmi flexpriority ept vpid xsaveopt
bugs		:
bogomips	: 3192.98
clflush size	: 64
cache_alignment	: 64
address sizes	: 36 bits physical, 48 bits virtual
power management:

processor	: 1
vendor_id	: GenuineIntel
cpu family	: 6
model		: 42
model name	: Intel(R) Core(TM) i5-2467M CPU @ 1.60GHz
stepping	: 7
microcode	: 0x1a
cpu MHz		: 2000.000
cache size	: 3072 KB
physical id	: 0
siblings	: 4
core id		: 1
cpu cores	: 2
apicid		: 2
initial apicid	: 2
fpu		: yes
fpu_exception	: yes
cpuid level	: 13
wp		: yes
flags		: fpu vme de pse tsc msr pae mce cx8 apic sep mtrr pge mca cmov pat pse36 clflush dts acpi mmx fxsr sse sse2 ss ht tm pbe syscall nx rdtscp lm constant_tsc arch_perfmon pebs bts rep_good nopl xtopology nonstop_tsc aperfmperf eagerfpu pni pclmulqdq dtes64 monitor ds_cpl vmx est tm2 ssse3 cx16 xtpr pdcm pcid sse4_1 sse4_2 x2apic popcnt tsc_deadline_timer aes xsave avx lahf_lm ida arat epb pln pts dtherm tpr_shadow vnmi flexpriority ept vpid xsaveopt
bugs		:
bogomips	: 3192.98
clflush size	: 64
cache_alignment	: 64
address sizes	: 36 bits physical, 48 bits virtual
power management:

processor	: 2
vendor_id	: GenuineIntel
cpu family	: 6
model		: 42
model name	: Intel(R) Core(TM) i5-2467M CPU @ 1.60GHz
stepping	: 7
microcode	: 0x1a
cpu MHz		: 2000.000
cache size	: 3072 KB
physical id	: 0
siblings	: 4
core id		: 0
cpu cores	: 2
apicid		: 1
initial apicid	: 1
fpu		: yes
fpu_exception	: yes
cpuid level	: 13
wp		: yes
flags		: fpu vme de pse tsc msr pae mce cx8 apic sep mtrr pge mca cmov pat pse36 clflush dts acpi mmx fxsr sse sse2 ss ht tm pbe syscall nx rdtscp lm constant_tsc arch_perfmon pebs bts rep_good nopl xtopology nonstop_tsc aperfmperf eagerfpu pni pclmulqdq dtes64 monitor ds_cpl vmx est tm2 ssse3 cx16 xtpr pdcm pcid sse4_1 sse4_2 x2apic popcnt tsc_deadline_timer aes xsave avx lahf_lm ida arat epb pln pts dtherm tpr_shadow vnmi flexpriority ept vpid xsaveopt
bugs		:
bogomips	: 3192.98
clflush size	: 64
cache_alignment	: 64
address sizes	: 36 bits physical, 48 bits virtual
power management:

processor	: 3
vendor_id	: GenuineIntel
cpu family	: 6
model		: 42
model name	: Intel(R) Core(TM) i5-2467M CPU @ 1.60GHz
stepping	: 7
microcode	: 0x1a
cpu MHz		: 1999.937
cache size	: 3072 KB
physical id	: 0
siblings	: 4
core id		: 1
cpu cores	: 2
apicid		: 3
initial apicid	: 3
fpu		: yes
fpu_exception	: yes
cpuid level	: 13
wp		: yes
flags		: fpu vme de pse tsc msr pae mce cx8 apic sep mtrr pge mca cmov pat pse36 clflush dts acpi mmx fxsr sse sse2 ss ht tm pbe syscall nx rdtscp lm constant_tsc arch_perfmon pebs bts rep_good nopl xtopology nonstop_tsc aperfmperf eagerfpu pni pclmulqdq dtes64 monitor ds_cpl vmx est tm2 ssse3 cx16 xtpr pdcm pcid sse4_1 sse4_2 x2apic popcnt tsc_deadline_timer aes xsave avx lahf_lm ida arat epb pln pts dtherm tpr_shadow vnmi flexpriority ept vpid xsaveopt
bugs		:
bogomips	: 3192.98
clflush size	: 64
cache_alignment	: 64
address sizes	: 36 bits physical, 48 bits virtual
power management:



Memory: 4k page, physical 3945432k(33956k free), swap 976892k(0k free)

vm_info: Java HotSpot(TM) 64-Bit Server VM (25.66-b17) for linux-amd64 JRE (1.8.0_66-b17), built on Oct  6 2015 17:28:34 by "java_re" with gcc 4.3.0 20080428 (Red Hat 4.3.0-8)

time: Wed Apr 13 13:22:09 2016
elapsed time: 16 seconds (0d 0h 0m 16s)

