#
# There is insufficient memory for the Java Runtime Environment to continue.
# Native memory allocation (mmap) failed to map 72351744 bytes for committing reserved memory.
# Possible reasons:
#   The system is out of physical RAM or swap space
#   In 32 bit mode, the process size limit was hit
# Possible solutions:
#   Reduce memory load on the system
#   Increase physical memory or swap space
#   Check if swap backing store is full
#   Use 64 bit Java on a 64 bit OS
#   Decrease Java heap size (-Xmx/-Xms)
#   Decrease number of Java threads
#   Decrease Java thread stack sizes (-Xss)
#   Set larger code cache with -XX:ReservedCodeCacheSize=
# This output file may be truncated or incomplete.
#
#  Out of Memory Error (os_linux.cpp:2627), pid=16232, tid=140379539560192
#
# JRE version: Java(TM) SE Runtime Environment (8.0_66-b17) (build 1.8.0_66-b17)
# Java VM: Java HotSpot(TM) 64-Bit Server VM (25.66-b17 mixed mode linux-amd64 compressed oops)
# Failed to write core dump. Core dumps have been disabled. To enable core dumping, try "ulimit -c unlimited" before starting Java again
#

---------------  T H R E A D  ---------------

Current thread (0x00007facc0078000):  VMThread [stack: 0x00007faca886d000,0x00007faca896e000] [id=16242]

Stack: [0x00007faca886d000,0x00007faca896e000],  sp=0x00007faca896c120,  free space=1020k
Native frames: (J=compiled Java code, j=interpreted, Vv=VM code, C=native code)
V  [libjvm.so+0xab9a1a]  VMError::report_and_die()+0x2ba
V  [libjvm.so+0x4f9e0b]  report_vm_out_of_memory(char const*, int, unsigned long, VMErrorType, char const*)+0x8b
V  [libjvm.so+0x91a8a3]  os::Linux::commit_memory_impl(char*, unsigned long, bool)+0x103
V  [libjvm.so+0x91adf9]  os::pd_commit_memory(char*, unsigned long, unsigned long, bool)+0x29
V  [libjvm.so+0x91510a]  os::commit_memory(char*, unsigned long, unsigned long, bool)+0x2a
V  [libjvm.so+0x9887a3]  PSVirtualSpace::expand_by(unsigned long)+0x53
V  [libjvm.so+0x989ba8]  PSYoungGen::resize_generation(unsigned long, unsigned long)+0xf8
V  [libjvm.so+0x988d02]  PSYoungGen::resize(unsigned long, unsigned long)+0x22
V  [libjvm.so+0x985fdb]  PSScavenge::invoke_no_policy()+0xf3b
V  [libjvm.so+0x986761]  PSScavenge::invoke()+0x41
V  [libjvm.so+0x93e500]  ParallelScavengeHeap::failed_mem_allocate(unsigned long)+0x70
V  [libjvm.so+0xabb437]  VM_ParallelGCFailedAllocation::doit()+0x97
V  [libjvm.so+0xac2e65]  VM_Operation::evaluate()+0x55
V  [libjvm.so+0xac123a]  VMThread::evaluate_operation(VM_Operation*)+0xba
V  [libjvm.so+0xac15be]  VMThread::loop()+0x1ce
V  [libjvm.so+0xac1a30]  VMThread::run()+0x70
V  [libjvm.so+0x91cc68]  java_start(Thread*)+0x108

VM_Operation (0x00007fac93612fe0): ParallelGCFailedAllocation, mode: safepoint, requested by thread 0x00007facc0177000


---------------  P R O C E S S  ---------------

Java Threads: ( => current thread )
  0x00007facc0178800 JavaThread "pool-1-thread-4" [_thread_blocked, id=16260, stack(0x00007fac93413000,0x00007fac93514000)]
  0x00007facc0177000 JavaThread "pool-1-thread-3" [_thread_blocked, id=16259, stack(0x00007fac93514000,0x00007fac93615000)]
  0x00007facc0175800 JavaThread "pool-1-thread-2" [_thread_blocked, id=16258, stack(0x00007fac93615000,0x00007fac93716000)]
  0x00007facc0174000 JavaThread "pool-2-thread-1" [_thread_blocked, id=16257, stack(0x00007fac93716000,0x00007fac93817000)]
  0x00007facc0171800 JavaThread "pool-1-thread-1" [_thread_blocked, id=16256, stack(0x00007fac93817000,0x00007fac93918000)]
  0x00007facc00c3000 JavaThread "Service Thread" daemon [_thread_blocked, id=16249, stack(0x00007faca8166000,0x00007faca8267000)]
  0x00007facc00be000 JavaThread "C1 CompilerThread2" daemon [_thread_blocked, id=16248, stack(0x00007faca8267000,0x00007faca8368000)]
  0x00007facc00bc000 JavaThread "C2 CompilerThread1" daemon [_thread_blocked, id=16247, stack(0x00007faca8368000,0x00007faca8469000)]
  0x00007facc00b9000 JavaThread "C2 CompilerThread0" daemon [_thread_blocked, id=16246, stack(0x00007faca8469000,0x00007faca856a000)]
  0x00007facc00b7800 JavaThread "Signal Dispatcher" daemon [_thread_blocked, id=16245, stack(0x00007faca856a000,0x00007faca866b000)]
  0x00007facc007f800 JavaThread "Finalizer" daemon [_thread_blocked, id=16244, stack(0x00007faca866b000,0x00007faca876c000)]
  0x00007facc007d000 JavaThread "Reference Handler" daemon [_thread_blocked, id=16243, stack(0x00007faca876c000,0x00007faca886d000)]
  0x00007facc000a000 JavaThread "main" [_thread_blocked, id=16234, stack(0x00007facc6f16000,0x00007facc7017000)]

Other Threads:
=>0x00007facc0078000 VMThread [stack: 0x00007faca886d000,0x00007faca896e000] [id=16242]
  0x00007facc00c6000 WatcherThread [stack: 0x00007faca8065000,0x00007faca8166000] [id=16250]

VM state:at safepoint (normal execution)

VM Mutex/Monitor currently owned by a thread:  ([mutex/lock_event])
[0x00007facc00064b0] Threads_lock - owner thread: 0x00007facc0078000
[0x00007facc00069b0] Heap_lock - owner thread: 0x00007facc0177000

Heap:
 PSYoungGen      total 71680K, used 9211K [0x00000000eab00000, 0x00000000efb00000, 0x0000000100000000)
  eden space 62464K, 0% used [0x00000000eab00000,0x00000000eab00000,0x00000000ee800000)
  from space 9216K, 99% used [0x00000000ee800000,0x00000000ef0fedc8,0x00000000ef100000)
  to   space 8192K, 0% used [0x00000000ef100000,0x00000000ef100000,0x00000000ef900000)
 ParOldGen       total 42496K, used 20571K [0x00000000c0000000, 0x00000000c2980000, 0x00000000eab00000)
  object space 42496K, 48% used [0x00000000c0000000,0x00000000c1416c48,0x00000000c2980000)
 Metaspace       used 6174K, capacity 7064K, committed 7424K, reserved 1056768K
  class space    used 613K, capacity 656K, committed 768K, reserved 1048576K

Card table byte_map: [0x00007facb0a3f000,0x00007facb0c40000] byte_map_base: 0x00007facb043f000

Marking Bits: (ParMarkBitMap*) 0x00007facc63ef020
 Begin Bits: [0x00007facaa000000, 0x00007facab000000)
 End Bits:   [0x00007facab000000, 0x00007facac000000)

Polling page: 0x00007facc703c000

CodeCache: size=245760Kb used=5225Kb max_used=5225Kb free=240534Kb
 bounds [0x00007facb1000000, 0x00007facb1520000, 0x00007facc0000000]
 total_blobs=1671 nmethods=1403 adapters=182
 compilation: enabled

Compilation events (10 events):
Event: 9.440 Thread 0x00007facc00be000 nmethod 1785 0x00007facb1515ed0 code [0x00007facb1516120, 0x00007facb1516e58]
Event: 9.454 Thread 0x00007facc00be000 1787 %     3       com.android.dx.ssa.SCCP::simulatePhi @ 39 (169 bytes)
Event: 9.457 Thread 0x00007facc00be000 nmethod 1787% 0x00007facb1517690 code [0x00007facb1517920, 0x00007facb1518bd8]
Event: 9.457 Thread 0x00007facc00be000 1788       3       com.android.dx.cf.code.BaseMachine::popArgs (62 bytes)
Event: 9.458 Thread 0x00007facc00be000 nmethod 1788 0x00007facb15198d0 code [0x00007facb1519a80, 0x00007facb151a118]
Event: 9.458 Thread 0x00007facc00be000 1784 %     3       com.android.dx.ssa.PhiTypeResolver::run @ 10 (179 bytes)
Event: 9.468 Thread 0x00007facc00be000 nmethod 1784% 0x00007facb151a390 code [0x00007facb151a620, 0x00007facb151b828]
Event: 9.468 Thread 0x00007facc00be000 1794       3       com.android.dx.ssa.SCCP::simulatePhi (169 bytes)
Event: 9.483 Thread 0x00007facc00be000 nmethod 1794 0x00007facb151c0d0 code [0x00007facb151c340, 0x00007facb151d498]
Event: 9.483 Thread 0x00007facc00be000 1811 %     3       com.android.dx.ssa.DeadCodeRemover::isCircularNoSideEffect @ 24 (140 bytes)

GC Heap History (10 events):
Event: 3.513 GC heap after
Heap after GC invocations=2 (full 0):
 PSYoungGen      total 18432K, used 2543K [0x00000000eab00000, 0x00000000ecf00000, 0x0000000100000000)
  eden space 15872K, 0% used [0x00000000eab00000,0x00000000eab00000,0x00000000eba80000)
  from space 2560K, 99% used [0x00000000ebd00000,0x00000000ebf7bd68,0x00000000ebf80000)
  to   space 2560K, 0% used [0x00000000eba80000,0x00000000eba80000,0x00000000ebd00000)
 ParOldGen       total 42496K, used 3163K [0x00000000c0000000, 0x00000000c2980000, 0x00000000eab00000)
  object space 42496K, 7% used [0x00000000c0000000,0x00000000c0316fb0,0x00000000c2980000)
 Metaspace       used 5804K, capacity 6768K, committed 7040K, reserved 1056768K
  class space    used 592K, capacity 616K, committed 640K, reserved 1048576K
}
Event: 4.267 GC heap before
{Heap before GC invocations=3 (full 0):
 PSYoungGen      total 18432K, used 18415K [0x00000000eab00000, 0x00000000ecf00000, 0x0000000100000000)
  eden space 15872K, 100% used [0x00000000eab00000,0x00000000eba80000,0x00000000eba80000)
  from space 2560K, 99% used [0x00000000ebd00000,0x00000000ebf7bd68,0x00000000ebf80000)
  to   space 2560K, 0% used [0x00000000eba80000,0x00000000eba80000,0x00000000ebd00000)
 ParOldGen       total 42496K, used 3163K [0x00000000c0000000, 0x00000000c2980000, 0x00000000eab00000)
  object space 42496K, 7% used [0x00000000c0000000,0x00000000c0316fb0,0x00000000c2980000)
 Metaspace       used 5861K, capacity 6832K, committed 7040K, reserved 1056768K
  class space    used 592K, capacity 616K, committed 640K, reserved 1048576K
Event: 4.296 GC heap after
Heap after GC invocations=3 (full 0):
 PSYoungGen      total 18432K, used 2543K [0x00000000eab00000, 0x00000000ecf00000, 0x0000000100000000)
  eden space 15872K, 0% used [0x00000000eab00000,0x00000000eab00000,0x00000000eba80000)
  from space 2560K, 99% used [0x00000000eba80000,0x00000000ebcfbd78,0x00000000ebd00000)
  to   space 2560K, 0% used [0x00000000ecc80000,0x00000000ecc80000,0x00000000ecf00000)
 ParOldGen       total 42496K, used 5874K [0x00000000c0000000, 0x00000000c2980000, 0x00000000eab00000)
  object space 42496K, 13% used [0x00000000c0000000,0x00000000c05bca30,0x00000000c2980000)
 Metaspace       used 5861K, capacity 6832K, committed 7040K, reserved 1056768K
  class space    used 592K, capacity 616K, committed 640K, reserved 1048576K
}
Event: 4.999 GC heap before
{Heap before GC invocations=4 (full 0):
 PSYoungGen      total 18432K, used 18415K [0x00000000eab00000, 0x00000000ecf00000, 0x0000000100000000)
  eden space 15872K, 100% used [0x00000000eab00000,0x00000000eba80000,0x00000000eba80000)
  from space 2560K, 99% used [0x00000000eba80000,0x00000000ebcfbd78,0x00000000ebd00000)
  to   space 2560K, 0% used [0x00000000ecc80000,0x00000000ecc80000,0x00000000ecf00000)
 ParOldGen       total 42496K, used 5874K [0x00000000c0000000, 0x00000000c2980000, 0x00000000eab00000)
  object space 42496K, 13% used [0x00000000c0000000,0x00000000c05bca30,0x00000000c2980000)
 Metaspace       used 5878K, capacity 6832K, committed 7040K, reserved 1056768K
  class space    used 592K, capacity 616K, committed 640K, reserved 1048576K
Event: 5.027 GC heap after
Heap after GC invocations=4 (full 0):
 PSYoungGen      total 34304K, used 2554K [0x00000000eab00000, 0x00000000ecf00000, 0x0000000100000000)
  eden space 31744K, 0% used [0x00000000eab00000,0x00000000eab00000,0x00000000eca00000)
  from space 2560K, 99% used [0x00000000ecc80000,0x00000000ecefea68,0x00000000ecf00000)
  to   space 2560K, 0% used [0x00000000eca00000,0x00000000eca00000,0x00000000ecc80000)
 ParOldGen       total 42496K, used 8735K [0x00000000c0000000, 0x00000000c2980000, 0x00000000eab00000)
  object space 42496K, 20% used [0x00000000c0000000,0x00000000c0887dd0,0x00000000c2980000)
 Metaspace       used 5878K, capacity 6832K, committed 7040K, reserved 1056768K
  class space    used 592K, capacity 616K, committed 640K, reserved 1048576K
}
Event: 5.830 GC heap before
{Heap before GC invocations=5 (full 0):
 PSYoungGen      total 34304K, used 34298K [0x00000000eab00000, 0x00000000ecf00000, 0x0000000100000000)
  eden space 31744K, 100% used [0x00000000eab00000,0x00000000eca00000,0x00000000eca00000)
  from space 2560K, 99% used [0x00000000ecc80000,0x00000000ecefea68,0x00000000ecf00000)
  to   space 2560K, 0% used [0x00000000eca00000,0x00000000eca00000,0x00000000ecc80000)
 ParOldGen       total 42496K, used 8735K [0x00000000c0000000, 0x00000000c2980000, 0x00000000eab00000)
  object space 42496K, 20% used [0x00000000c0000000,0x00000000c0887dd0,0x00000000c2980000)
 Metaspace       used 5920K, capacity 6896K, committed 7040K, reserved 1056768K
  class space    used 593K, capacity 616K, committed 640K, reserved 1048576K
Event: 5.969 GC heap after
Heap after GC invocations=5 (full 0):
 PSYoungGen      total 34304K, used 2538K [0x00000000eab00000, 0x00000000ef900000, 0x0000000100000000)
  eden space 31744K, 0% used [0x00000000eab00000,0x00000000eab00000,0x00000000eca00000)
  from space 2560K, 99% used [0x00000000eca00000,0x00000000ecc7aa58,0x00000000ecc80000)
  to   space 8192K, 0% used [0x00000000ef100000,0x00000000ef100000,0x00000000ef900000)
 ParOldGen       total 42496K, used 13746K [0x00000000c0000000, 0x00000000c2980000, 0x00000000eab00000)
  object space 42496K, 32% used [0x00000000c0000000,0x00000000c0d6cb40,0x00000000c2980000)
 Metaspace       used 5920K, capacity 6896K, committed 7040K, reserved 1056768K
  class space    used 593K, capacity 616K, committed 640K, reserved 1048576K
}
Event: 8.295 GC heap before
{Heap before GC invocations=6 (full 0):
 PSYoungGen      total 34304K, used 34282K [0x00000000eab00000, 0x00000000ef900000, 0x0000000100000000)
  eden space 31744K, 100% used [0x00000000eab00000,0x00000000eca00000,0x00000000eca00000)
  from space 2560K, 99% used [0x00000000eca00000,0x00000000ecc7aa58,0x00000000ecc80000)
  to   space 8192K, 0% used [0x00000000ef100000,0x00000000ef100000,0x00000000ef900000)
 ParOldGen       total 42496K, used 13746K [0x00000000c0000000, 0x00000000c2980000, 0x00000000eab00000)
  object space 42496K, 32% used [0x00000000c0000000,0x00000000c0d6cb40,0x00000000c2980000)
 Metaspace       used 6084K, capacity 7000K, committed 7168K, reserved 1056768K
  class space    used 613K, capacity 656K, committed 768K, reserved 1048576K
Event: 8.401 GC heap after
Heap after GC invocations=6 (full 0):
 PSYoungGen      total 70656K, used 7633K [0x00000000eab00000, 0x00000000efb00000, 0x0000000100000000)
  eden space 62464K, 0% used [0x00000000eab00000,0x00000000eab00000,0x00000000ee800000)
  from space 8192K, 93% used [0x00000000ef100000,0x00000000ef8745a8,0x00000000ef900000)
  to   space 9216K, 0% used [0x00000000ee800000,0x00000000ee800000,0x00000000ef100000)
 ParOldGen       total 42496K, used 13746K [0x00000000c0000000, 0x00000000c2980000, 0x00000000eab00000)
  object space 42496K, 32% used [0x00000000c0000000,0x00000000c0d6cb40,0x00000000c2980000)
 Metaspace       used 6084K, capacity 7000K, committed 7168K, reserved 1056768K
  class space    used 613K, capacity 656K, committed 768K, reserved 1048576K
}
Event: 9.485 GC heap before
{Heap before GC invocations=7 (full 0):
 PSYoungGen      total 70656K, used 70097K [0x00000000eab00000, 0x00000000efb00000, 0x0000000100000000)
  eden space 62464K, 100% used [0x00000000eab00000,0x00000000ee800000,0x00000000ee800000)
  from space 8192K, 93% used [0x00000000ef100000,0x00000000ef8745a8,0x00000000ef900000)
  to   space 9216K, 0% used [0x00000000ee800000,0x00000000ee800000,0x00000000ef100000)
 ParOldGen       total 42496K, used 13746K [0x00000000c0000000, 0x00000000c2980000, 0x00000000eab00000)
  object space 42496K, 32% used [0x00000000c0000000,0x00000000c0d6cb40,0x00000000c2980000)
 Metaspace       used 6174K, capacity 7064K, committed 7424K, reserved 1056768K
  class space    used 613K, capacity 656K, committed 768K, reserved 1048576K

Deoptimization events (10 events):
Event: 4.845 Thread 0x00007facc0171800 Uncommon trap: reason=unstable_if action=reinterpret pc=0x00007facb123a19c method=com.android.dx.rop.cst.Constant.compareTo(Lcom/android/dx/rop/cst/Constant;)I @ 12
Event: 5.065 Thread 0x00007facc0178800 Uncommon trap: reason=bimorphic action=maybe_recompile pc=0x00007facb13750e4 method=java.util.HashMap.putVal(ILjava/lang/Object;Ljava/lang/Object;ZZ)Ljava/lang/Object; @ 203
Event: 5.748 Thread 0x00007facc0177000 Uncommon trap: reason=unstable_if action=reinterpret pc=0x00007facb132dd04 method=com.android.dx.util.IntList.binarysearch(I)I @ 105
Event: 6.034 Thread 0x00007facc000a000 Uncommon trap: reason=unstable_if action=reinterpret pc=0x00007facb1340d3c method=com.android.dx.ssa.SsaMethod.updateOneDefinition(Lcom/android/dx/ssa/SsaInsn;Lcom/android/dx/rop/code/RegisterSpec;)V @ 4
Event: 6.212 Thread 0x00007facc000a000 Uncommon trap: reason=unstable_if action=reinterpret pc=0x00007facb12a8520 method=java.util.HashMap.putVal(ILjava/lang/Object;Ljava/lang/Object;ZZ)Ljava/lang/Object; @ 162
Event: 7.980 Thread 0x00007facc000a000 Uncommon trap: reason=unstable_if action=reinterpret pc=0x00007facb120ad38 method=java.util.HashMap.getNode(ILjava/lang/Object;)Ljava/util/HashMap$Node; @ 84
Event: 7.990 Thread 0x00007facc0178800 Uncommon trap: reason=unstable_if action=reinterpret pc=0x00007facb11f21ec method=java.util.HashMap.getNode(ILjava/lang/Object;)Ljava/util/HashMap$Node; @ 84
Event: 8.029 Thread 0x00007facc0171800 Uncommon trap: reason=unstable_if action=reinterpret pc=0x00007facb1419d34 method=com.android.dx.ssa.SCCP.simulateStmt(Lcom/android/dx/ssa/SsaInsn;)V @ 53
Event: 8.068 Thread 0x00007facc0178800 Uncommon trap: reason=unstable_if action=reinterpret pc=0x00007facb1438308 method=com.android.dx.rop.code.LocalVariableInfo.mergeStarts(ILcom/android/dx/rop/code/RegisterSpecSet;)Z @ 31
Event: 8.873 Thread 0x00007facc000a000 Uncommon trap: reason=unstable_if action=reinterpret pc=0x00007facb13750a8 method=java.util.HashMap.putVal(ILjava/lang/Object;Ljava/lang/Object;ZZ)Ljava/lang/Object; @ 109

Internal exceptions (5 events):
Event: 0.147 Thread 0x00007facc000a000 Exception <a 'java/lang/NoSuchMethodError': Method sun.misc.Unsafe.defineClass(Ljava/lang/String;[BII)Ljava/lang/Class; name or signature does not match> (0x00000000eab12b90) thrown at [/HUDSON/workspace/8-2-build-linux-amd64/jdk8u66/4988/hotspot/src/shar
Event: 0.147 Thread 0x00007facc000a000 Exception <a 'java/lang/NoSuchMethodError': Method sun.misc.Unsafe.prefetchRead(Ljava/lang/Object;J)V name or signature does not match> (0x00000000eab12e78) thrown at [/HUDSON/workspace/8-2-build-linux-amd64/jdk8u66/4988/hotspot/src/share/vm/prims/jni.cpp
Event: 7.883 Thread 0x00007facc000a000 Exception <a 'java/lang/ArrayIndexOutOfBoundsException': 18> (0x00000000eb5b73e8) thrown at [/HUDSON/workspace/8-2-build-linux-amd64/jdk8u66/4988/hotspot/src/share/vm/interpreter/interpreterRuntime.cpp, line 366]
Event: 7.883 Thread 0x00007facc000a000 Exception <a 'java/lang/ArrayIndexOutOfBoundsException': 145> (0x00000000eb5b8f68) thrown at [/HUDSON/workspace/8-2-build-linux-amd64/jdk8u66/4988/hotspot/src/share/vm/interpreter/interpreterRuntime.cpp, line 366]
Event: 7.969 Thread 0x00007facc000a000 Exception <a 'java/lang/ArrayIndexOutOfBoundsException'> (0x00000000eb5ba250) thrown at [/HUDSON/workspace/8-2-build-linux-amd64/jdk8u66/4988/hotspot/src/share/vm/runtime/sharedRuntime.cpp, line 605]

Events (10 events):
Event: 9.423 Thread 0x00007facc0171800 DEOPT UNPACKING pc=0x00007facb1047633 sp=0x00007fac93915a68 mode 0
Event: 9.443 Thread 0x00007facc0171800 DEOPT PACKING pc=0x00007facb137734b sp=0x00007fac93915d50
Event: 9.443 Thread 0x00007facc0171800 DEOPT UNPACKING pc=0x00007facb1047633 sp=0x00007fac93915b08 mode 0
Event: 9.456 Thread 0x00007facc0175800 DEOPT PACKING pc=0x00007facb12878c7 sp=0x00007fac93713a60
Event: 9.456 Thread 0x00007facc0175800 DEOPT UNPACKING pc=0x00007facb1047633 sp=0x00007fac937137c8 mode 0
Event: 9.465 Thread 0x00007facc0177000 DEOPT PACKING pc=0x00007facb12878c7 sp=0x00007fac93612e10
Event: 9.465 Thread 0x00007facc0177000 DEOPT UNPACKING pc=0x00007facb1047633 sp=0x00007fac93612b78 mode 0
Event: 9.475 Thread 0x00007facc0171800 DEOPT PACKING pc=0x00007facb139c0ac sp=0x00007fac93915f20
Event: 9.475 Thread 0x00007facc0171800 DEOPT UNPACKING pc=0x00007facb1047633 sp=0x00007fac93915c30 mode 0
Event: 9.484 Executing VM operation: ParallelGCFailedAllocation


Dynamic libraries:
00400000-00401000 r-xp 00000000 08:06 2375596                            /usr/lib/jvm/java-8-oracle/bin/java
00600000-00601000 rw-p 00000000 08:06 2375596                            /usr/lib/jvm/java-8-oracle/bin/java
01583000-015a4000 rw-p 00000000 00:00 0                                  [heap]
c0000000-c2980000 rw-p 00000000 00:00 0 
c2980000-eab00000 ---p 00000000 00:00 0 
eab00000-efb00000 rw-p 00000000 00:00 0 
f4000000-100000000 ---p 00000000 00:00 0 
100000000-1000c0000 rw-p 00000000 00:00 0 
1000c0000-140000000 ---p 00000000 00:00 0 
7fac5c000000-7fac5c021000 rw-p 00000000 00:00 0 
7fac5c021000-7fac60000000 ---p 00000000 00:00 0 
7fac64000000-7fac64021000 rw-p 00000000 00:00 0 
7fac64021000-7fac68000000 ---p 00000000 00:00 0 
7fac68000000-7fac6803d000 rw-p 00000000 00:00 0 
7fac6803d000-7fac6c000000 ---p 00000000 00:00 0 
7fac6c000000-7fac6c023000 rw-p 00000000 00:00 0 
7fac6c023000-7fac70000000 ---p 00000000 00:00 0 
7fac70000000-7fac70021000 rw-p 00000000 00:00 0 
7fac70021000-7fac74000000 ---p 00000000 00:00 0 
7fac74000000-7fac74021000 rw-p 00000000 00:00 0 
7fac74021000-7fac78000000 ---p 00000000 00:00 0 
7fac78000000-7fac78021000 rw-p 00000000 00:00 0 
7fac78021000-7fac7c000000 ---p 00000000 00:00 0 
7fac7c000000-7fac7c818000 rw-p 00000000 00:00 0 
7fac7c818000-7fac80000000 ---p 00000000 00:00 0 
7fac80000000-7fac8083d000 rw-p 00000000 00:00 0 
7fac8083d000-7fac84000000 ---p 00000000 00:00 0 
7fac84000000-7fac84021000 rw-p 00000000 00:00 0 
7fac84021000-7fac88000000 ---p 00000000 00:00 0 
7fac88000000-7fac88a53000 rw-p 00000000 00:00 0 
7fac88a53000-7fac8c000000 ---p 00000000 00:00 0 
7fac8c000000-7fac8c021000 rw-p 00000000 00:00 0 
7fac8c021000-7fac90000000 ---p 00000000 00:00 0 
7fac93413000-7fac93416000 ---p 00000000 00:00 0 
7fac93416000-7fac93514000 rw-p 00000000 00:00 0 
7fac93514000-7fac93517000 ---p 00000000 00:00 0 
7fac93517000-7fac93615000 rw-p 00000000 00:00 0 
7fac93615000-7fac93618000 ---p 00000000 00:00 0 
7fac93618000-7fac93716000 rw-p 00000000 00:00 0 
7fac93716000-7fac93719000 ---p 00000000 00:00 0 
7fac93719000-7fac93817000 rw-p 00000000 00:00 0 
7fac93817000-7fac9381a000 ---p 00000000 00:00 0 
7fac9381a000-7fac93918000 rw-p 00000000 00:00 0 
7fac93918000-7fac94000000 r--p 00000000 08:06 2106131                    /usr/lib/locale/locale-archive
7fac94000000-7fac9428b000 rw-p 00000000 00:00 0 
7fac9428b000-7fac98000000 ---p 00000000 00:00 0 
7fac98000000-7fac98021000 rw-p 00000000 00:00 0 
7fac98021000-7fac9c000000 ---p 00000000 00:00 0 
7fac9c000000-7fac9c021000 rw-p 00000000 00:00 0 
7fac9c021000-7faca0000000 ---p 00000000 00:00 0 
7faca0000000-7faca0021000 rw-p 00000000 00:00 0 
7faca0021000-7faca4000000 ---p 00000000 00:00 0 
7faca4000000-7faca4021000 rw-p 00000000 00:00 0 
7faca4021000-7faca8000000 ---p 00000000 00:00 0 
7faca8056000-7faca8065000 r--s 000df000 08:06 2100170                    /home/geng/Android/Sdk/build-tools/23.0.2/lib/dx.jar
7faca8065000-7faca8066000 ---p 00000000 00:00 0 
7faca8066000-7faca8166000 rw-p 00000000 00:00 0 
7faca8166000-7faca8169000 ---p 00000000 00:00 0 
7faca8169000-7faca8267000 rw-p 00000000 00:00 0 
7faca8267000-7faca826a000 ---p 00000000 00:00 0 
7faca826a000-7faca8368000 rw-p 00000000 00:00 0 
7faca8368000-7faca836b000 ---p 00000000 00:00 0 
7faca836b000-7faca8469000 rw-p 00000000 00:00 0 
7faca8469000-7faca846c000 ---p 00000000 00:00 0 
7faca846c000-7faca856a000 rw-p 00000000 00:00 0 
7faca856a000-7faca856d000 ---p 00000000 00:00 0 
7faca856d000-7faca866b000 rw-p 00000000 00:00 0 
7faca866b000-7faca866e000 ---p 00000000 00:00 0 
7faca866e000-7faca876c000 rw-p 00000000 00:00 0 
7faca876c000-7faca876f000 ---p 00000000 00:00 0 
7faca876f000-7faca886d000 rw-p 00000000 00:00 0 
7faca886d000-7faca886e000 ---p 00000000 00:00 0 
7faca886e000-7faca9e80000 rw-p 00000000 00:00 0 
7faca9e80000-7facaa000000 ---p 00000000 00:00 0 
7facaa000000-7facac000000 rw-p 00000000 00:00 0 
7facac000000-7facac021000 rw-p 00000000 00:00 0 
7facac021000-7facb0000000 ---p 00000000 00:00 0 
7facb0001000-7facb000b000 r--s 0008b000 08:06 788219                     /home/geng/grad/GuideMe/app/build/intermediates/exploded-aar/com.android.support/appcompat-v7/23.3.0/jars/classes.jar
7facb000b000-7facb010c000 rw-p 00000000 00:00 0 
7facb010c000-7facb02e5000 r--s 03d20000 08:06 2242548                    /usr/lib/jvm/java-8-oracle/jre/lib/rt.jar
7facb02e5000-7facb04e5000 rw-p 00000000 00:00 0 
7facb04e5000-7facb04e6000 ---p 00000000 00:00 0 
7facb04e6000-7facb05e6000 rw-p 00000000 00:00 0 
7facb05e6000-7facb05e7000 ---p 00000000 00:00 0 
7facb05e7000-7facb06e7000 rw-p 00000000 00:00 0 
7facb06e7000-7facb06e8000 ---p 00000000 00:00 0 
7facb06e8000-7facb07e8000 rw-p 00000000 00:00 0 
7facb07e8000-7facb07e9000 ---p 00000000 00:00 0 
7facb07e9000-7facb08fe000 rw-p 00000000 00:00 0 
7facb08fe000-7facb0a3f000 ---p 00000000 00:00 0 
7facb0a3f000-7facb0a54000 rw-p 00000000 00:00 0 
7facb0a54000-7facb0b94000 ---p 00000000 00:00 0 
7facb0b94000-7facb0bbd000 rw-p 00000000 00:00 0 
7facb0bbd000-7facb0c3f000 ---p 00000000 00:00 0 
7facb0c3f000-7facb0c55000 rw-p 00000000 00:00 0 
7facb0c55000-7facb1000000 ---p 00000000 00:00 0 
7facb1000000-7facb1520000 rwxp 00000000 00:00 0 
7facb1520000-7facc0000000 ---p 00000000 00:00 0 
7facc0000000-7facc038c000 rw-p 00000000 00:00 0 
7facc038c000-7facc4000000 ---p 00000000 00:00 0 
7facc4008000-7facc409f000 rw-p 00000000 00:00 0 
7facc409f000-7facc40b9000 r-xp 00000000 08:06 2242601                    /usr/lib/jvm/java-8-oracle/jre/lib/amd64/libzip.so
7facc40b9000-7facc42b9000 ---p 0001a000 08:06 2242601                    /usr/lib/jvm/java-8-oracle/jre/lib/amd64/libzip.so
7facc42b9000-7facc42ba000 rw-p 0001a000 08:06 2242601                    /usr/lib/jvm/java-8-oracle/jre/lib/amd64/libzip.so
7facc42ba000-7facc42c4000 r-xp 00000000 08:06 659900                     /lib/x86_64-linux-gnu/libnss_files-2.21.so
7facc42c4000-7facc44c4000 ---p 0000a000 08:06 659900                     /lib/x86_64-linux-gnu/libnss_files-2.21.so
7facc44c4000-7facc44c5000 r--p 0000a000 08:06 659900                     /lib/x86_64-linux-gnu/libnss_files-2.21.so
7facc44c5000-7facc44c6000 rw-p 0000b000 08:06 659900                     /lib/x86_64-linux-gnu/libnss_files-2.21.so
7facc44c6000-7facc44d1000 r-xp 00000000 08:06 693249                     /lib/x86_64-linux-gnu/libnss_nis-2.21.so
7facc44d1000-7facc46d0000 ---p 0000b000 08:06 693249                     /lib/x86_64-linux-gnu/libnss_nis-2.21.so
7facc46d0000-7facc46d1000 r--p 0000a000 08:06 693249                     /lib/x86_64-linux-gnu/libnss_nis-2.21.so
7facc46d1000-7facc46d2000 rw-p 0000b000 08:06 693249                     /lib/x86_64-linux-gnu/libnss_nis-2.21.so
7facc46d2000-7facc46e9000 r-xp 00000000 08:06 693255                     /lib/x86_64-linux-gnu/libnsl-2.21.so
7facc46e9000-7facc48e8000 ---p 00017000 08:06 693255                     /lib/x86_64-linux-gnu/libnsl-2.21.so
7facc48e8000-7facc48e9000 r--p 00016000 08:06 693255                     /lib/x86_64-linux-gnu/libnsl-2.21.so
7facc48e9000-7facc48ea000 rw-p 00017000 08:06 693255                     /lib/x86_64-linux-gnu/libnsl-2.21.so
7facc48ea000-7facc48ec000 rw-p 00000000 00:00 0 
7facc48ec000-7facc48f4000 r-xp 00000000 08:06 693185                     /lib/x86_64-linux-gnu/libnss_compat-2.21.so
7facc48f4000-7facc4af3000 ---p 00008000 08:06 693185                     /lib/x86_64-linux-gnu/libnss_compat-2.21.so
7facc4af3000-7facc4af4000 r--p 00007000 08:06 693185                     /lib/x86_64-linux-gnu/libnss_compat-2.21.so
7facc4af4000-7facc4af5000 rw-p 00008000 08:06 693185                     /lib/x86_64-linux-gnu/libnss_compat-2.21.so
7facc4af5000-7facc4b1f000 r-xp 00000000 08:06 2242596                    /usr/lib/jvm/java-8-oracle/jre/lib/amd64/libjava.so
7facc4b1f000-7facc4d1f000 ---p 0002a000 08:06 2242596                    /usr/lib/jvm/java-8-oracle/jre/lib/amd64/libjava.so
7facc4d1f000-7facc4d21000 rw-p 0002a000 08:06 2242596                    /usr/lib/jvm/java-8-oracle/jre/lib/amd64/libjava.so
7facc4d21000-7facc4d2e000 r-xp 00000000 08:06 2242600                    /usr/lib/jvm/java-8-oracle/jre/lib/amd64/libverify.so
7facc4d2e000-7facc4f2e000 ---p 0000d000 08:06 2242600                    /usr/lib/jvm/java-8-oracle/jre/lib/amd64/libverify.so
7facc4f2e000-7facc4f30000 rw-p 0000d000 08:06 2242600                    /usr/lib/jvm/java-8-oracle/jre/lib/amd64/libverify.so
7facc4f30000-7facc4f37000 r-xp 00000000 08:06 659901                     /lib/x86_64-linux-gnu/librt-2.21.so
7facc4f37000-7facc5136000 ---p 00007000 08:06 659901                     /lib/x86_64-linux-gnu/librt-2.21.so
7facc5136000-7facc5137000 r--p 00006000 08:06 659901                     /lib/x86_64-linux-gnu/librt-2.21.so
7facc5137000-7facc5138000 rw-p 00007000 08:06 659901                     /lib/x86_64-linux-gnu/librt-2.21.so
7facc5138000-7facc523f000 r-xp 00000000 08:06 693197                     /lib/x86_64-linux-gnu/libm-2.21.so
7facc523f000-7facc543e000 ---p 00107000 08:06 693197                     /lib/x86_64-linux-gnu/libm-2.21.so
7facc543e000-7facc543f000 r--p 00106000 08:06 693197                     /lib/x86_64-linux-gnu/libm-2.21.so
7facc543f000-7facc5440000 rw-p 00107000 08:06 693197                     /lib/x86_64-linux-gnu/libm-2.21.so
7facc5440000-7facc60fe000 r-xp 00000000 08:06 2242621                    /usr/lib/jvm/java-8-oracle/jre/lib/amd64/server/libjvm.so
7facc60fe000-7facc62fd000 ---p 00cbe000 08:06 2242621                    /usr/lib/jvm/java-8-oracle/jre/lib/amd64/server/libjvm.so
7facc62fd000-7facc63d6000 rw-p 00cbd000 08:06 2242621                    /usr/lib/jvm/java-8-oracle/jre/lib/amd64/server/libjvm.so
7facc63d6000-7facc641a000 rw-p 00000000 00:00 0 
7facc641a000-7facc65da000 r-xp 00000000 08:06 693261                     /lib/x86_64-linux-gnu/libc-2.21.so
7facc65da000-7facc67da000 ---p 001c0000 08:06 693261                     /lib/x86_64-linux-gnu/libc-2.21.so
7facc67da000-7facc67de000 r--p 001c0000 08:06 693261                     /lib/x86_64-linux-gnu/libc-2.21.so
7facc67de000-7facc67e0000 rw-p 001c4000 08:06 693261                     /lib/x86_64-linux-gnu/libc-2.21.so
7facc67e0000-7facc67e4000 rw-p 00000000 00:00 0 
7facc67e4000-7facc67e7000 r-xp 00000000 08:06 693233                     /lib/x86_64-linux-gnu/libdl-2.21.so
7facc67e7000-7facc69e6000 ---p 00003000 08:06 693233                     /lib/x86_64-linux-gnu/libdl-2.21.so
7facc69e6000-7facc69e7000 r--p 00002000 08:06 693233                     /lib/x86_64-linux-gnu/libdl-2.21.so
7facc69e7000-7facc69e8000 rw-p 00003000 08:06 693233                     /lib/x86_64-linux-gnu/libdl-2.21.so
7facc69e8000-7facc69fd000 r-xp 00000000 08:06 2257905                    /usr/lib/jvm/java-8-oracle/lib/amd64/jli/libjli.so
7facc69fd000-7facc6bfd000 ---p 00015000 08:06 2257905                    /usr/lib/jvm/java-8-oracle/lib/amd64/jli/libjli.so
7facc6bfd000-7facc6bfe000 rw-p 00015000 08:06 2257905                    /usr/lib/jvm/java-8-oracle/lib/amd64/jli/libjli.so
7facc6bfe000-7facc6c16000 r-xp 00000000 08:06 693201                     /lib/x86_64-linux-gnu/libpthread-2.21.so
7facc6c16000-7facc6e16000 ---p 00018000 08:06 693201                     /lib/x86_64-linux-gnu/libpthread-2.21.so
7facc6e16000-7facc6e17000 r--p 00018000 08:06 693201                     /lib/x86_64-linux-gnu/libpthread-2.21.so
7facc6e17000-7facc6e18000 rw-p 00019000 08:06 693201                     /lib/x86_64-linux-gnu/libpthread-2.21.so
7facc6e18000-7facc6e1c000 rw-p 00000000 00:00 0 
7facc6e1c000-7facc6e40000 r-xp 00000000 08:06 693257                     /lib/x86_64-linux-gnu/ld-2.21.so
7facc6e44000-7facc6f16000 rw-p 00000000 00:00 0 
7facc6f16000-7facc6f19000 ---p 00000000 00:00 0 
7facc6f19000-7facc701b000 rw-p 00000000 00:00 0 
7facc701e000-7facc7033000 rw-p 00000000 00:00 0 
7facc7033000-7facc703b000 rw-s 00000000 08:06 1060110                    /tmp/hsperfdata_geng/16232
7facc703b000-7facc703c000 rw-p 00000000 00:00 0 
7facc703c000-7facc703d000 ---p 00000000 00:00 0 
7facc703d000-7facc703f000 rw-p 00000000 00:00 0 
7facc703f000-7facc7040000 r--p 00023000 08:06 693257                     /lib/x86_64-linux-gnu/ld-2.21.so
7facc7040000-7facc7041000 rw-p 00024000 08:06 693257                     /lib/x86_64-linux-gnu/ld-2.21.so
7facc7041000-7facc7042000 rw-p 00000000 00:00 0 
7fff36c5f000-7fff36c81000 rw-p 00000000 00:00 0                          [stack]
7fff36d59000-7fff36d5b000 r--p 00000000 00:00 0                          [vvar]
7fff36d5b000-7fff36d5d000 r-xp 00000000 00:00 0                          [vdso]
ffffffffff600000-ffffffffff601000 r-xp 00000000 00:00 0                  [vsyscall]

VM Arguments:
jvm_args: -Djava.awt.headless=true -Xmx1024M -Dfile.encoding=UTF-8 -Duser.country=US -Duser.language=en -Duser.variant 
java_command: com.android.dx.command.Main --dex --force-jumbo --num-threads=4 --output /home/geng/grad/GuideMe/app/build/intermediates/pre-dexed/debug/com.android.support-appcompat-v7-23.3.0_e5d2425b84f3c6bf42d39d516798c7a3b5921755.jar /home/geng/grad/GuideMe/app/build/intermediates/exploded-aar/com.android.support/appcompat-v7/23.3.0/jars/classes.jar
java_class_path (initial): /home/geng/Android/Sdk/build-tools/23.0.2/lib/dx.jar
Launcher Type: SUN_STANDARD

Environment Variables:
PATH=/home/geng/.rvm/gems/jruby-1.7.19/bin:/home/geng/.rvm/gems/jruby-1.7.19@global/bin:/home/geng/.rvm/rubies/jruby-1.7.19/bin:/usr/local/heroku/bin:/usr/local/sbin:/usr/local/bin:/usr/sbin:/usr/bin:/sbin:/bin:/usr/games:/usr/local/games:/home/geng/.rvm/bin:/home/geng/.rvm/bin:/home/geng/.rvm/bin
LD_LIBRARY_PATH=/opt/android-studio/bin:
SHELL=/bin/bash
DISPLAY=:0

Signal Handlers:
SIGSEGV: [libjvm.so+0xaba2a0], sa_mask[0]=11111111011111111101111111111110, sa_flags=SA_RESTART|SA_SIGINFO
SIGBUS: [libjvm.so+0xaba2a0], sa_mask[0]=11111111011111111101111111111110, sa_flags=SA_RESTART|SA_SIGINFO
SIGFPE: [libjvm.so+0x917710], sa_mask[0]=11111111011111111101111111111110, sa_flags=SA_RESTART|SA_SIGINFO
SIGPIPE: [libjvm.so+0x917710], sa_mask[0]=11111111011111111101111111111110, sa_flags=SA_RESTART|SA_SIGINFO
SIGXFSZ: [libjvm.so+0x917710], sa_mask[0]=11111111011111111101111111111110, sa_flags=SA_RESTART|SA_SIGINFO
SIGILL: [libjvm.so+0x917710], sa_mask[0]=11111111011111111101111111111110, sa_flags=SA_RESTART|SA_SIGINFO
SIGUSR1: SIG_DFL, sa_mask[0]=00000000000000000000000000000000, sa_flags=none
SIGUSR2: [libjvm.so+0x918d40], sa_mask[0]=00100000000000000000000000000000, sa_flags=SA_RESTART|SA_SIGINFO
SIGHUP: [libjvm.so+0x91a140], sa_mask[0]=11111111011111111101111111111110, sa_flags=SA_RESTART|SA_SIGINFO
SIGINT: [libjvm.so+0x91a140], sa_mask[0]=11111111011111111101111111111110, sa_flags=SA_RESTART|SA_SIGINFO
SIGTERM: [libjvm.so+0x91a140], sa_mask[0]=11111111011111111101111111111110, sa_flags=SA_RESTART|SA_SIGINFO
SIGQUIT: [libjvm.so+0x91a140], sa_mask[0]=11111111011111111101111111111110, sa_flags=SA_RESTART|SA_SIGINFO


---------------  S Y S T E M  ---------------

OS:DISTRIB_ID=Ubuntu
DISTRIB_RELEASE=15.10
DISTRIB_CODENAME=wily
DISTRIB_DESCRIPTION="Ubuntu 15.10"

uname:Linux 4.2.0-36-generic #42-Ubuntu SMP Thu May 12 22:05:35 UTC 2016 x86_64
libc:glibc 2.21 NPTL 2.21 
rlimit: STACK 8192k, CORE 0k, NPROC 15268, NOFILE 65536, AS infinity
load average:13.42 4.12 1.76

/proc/meminfo:
MemTotal:        3945428 kB
MemFree:          268948 kB
MemAvailable:     315696 kB
Buffers:             620 kB
Cached:           357656 kB
SwapCached:         3456 kB
Active:          2423312 kB
Inactive:        1061312 kB
Active(anon):    2408796 kB
Inactive(anon):  1038680 kB
Active(file):      14516 kB
Inactive(file):    22632 kB
Unevictable:         264 kB
Mlocked:             264 kB
SwapTotal:        976892 kB
SwapFree:              0 kB
Dirty:              1416 kB
Writeback:             0 kB
AnonPages:       3124296 kB
Mapped:           190516 kB
Shmem:            320480 kB
Slab:              83764 kB
SReclaimable:      38952 kB
SUnreclaim:        44812 kB
KernelStack:       13312 kB
PageTables:        55068 kB
NFS_Unstable:          0 kB
Bounce:                0 kB
WritebackTmp:          0 kB
CommitLimit:     2949604 kB
Committed_AS:   10223876 kB
VmallocTotal:   34359738367 kB
VmallocUsed:      352356 kB
VmallocChunk:   34358945788 kB
HardwareCorrupted:     0 kB
AnonHugePages:   1345536 kB
CmaTotal:              0 kB
CmaFree:               0 kB
HugePages_Total:       0
HugePages_Free:        0
HugePages_Rsvd:        0
HugePages_Surp:        0
Hugepagesize:       2048 kB
DirectMap4k:      183328 kB
DirectMap2M:     3911680 kB


CPU:total 4 (2 cores per cpu, 2 threads per core) family 6 model 42 stepping 7, cmov, cx8, fxsr, mmx, sse, sse2, sse3, ssse3, sse4.1, sse4.2, popcnt, avx, aes, clmul, ht, tsc, tscinvbit

/proc/cpuinfo:
processor	: 0
vendor_id	: GenuineIntel
cpu family	: 6
model		: 42
model name	: Intel(R) Core(TM) i5-2467M CPU @ 1.60GHz
stepping	: 7
microcode	: 0x1a
cpu MHz		: 1999.937
cache size	: 3072 KB
physical id	: 0
siblings	: 4
core id		: 0
cpu cores	: 2
apicid		: 0
initial apicid	: 0
fpu		: yes
fpu_exception	: yes
cpuid level	: 13
wp		: yes
flags		: fpu vme de pse tsc msr pae mce cx8 apic sep mtrr pge mca cmov pat pse36 clflush dts acpi mmx fxsr sse sse2 ss ht tm pbe syscall nx rdtscp lm constant_tsc arch_perfmon pebs bts rep_good nopl xtopology nonstop_tsc aperfmperf eagerfpu pni pclmulqdq dtes64 monitor ds_cpl vmx est tm2 ssse3 cx16 xtpr pdcm pcid sse4_1 sse4_2 x2apic popcnt tsc_deadline_timer aes xsave avx lahf_lm ida arat epb pln pts dtherm tpr_shadow vnmi flexpriority ept vpid xsaveopt
bugs		:
bogomips	: 3192.82
clflush size	: 64
cache_alignment	: 64
address sizes	: 36 bits physical, 48 bits virtual
power management:

processor	: 1
vendor_id	: GenuineIntel
cpu family	: 6
model		: 42
model name	: Intel(R) Core(TM) i5-2467M CPU @ 1.60GHz
stepping	: 7
microcode	: 0x1a
cpu MHz		: 2000.000
cache size	: 3072 KB
physical id	: 0
siblings	: 4
core id		: 1
cpu cores	: 2
apicid		: 2
initial apicid	: 2
fpu		: yes
fpu_exception	: yes
cpuid level	: 13
wp		: yes
flags		: fpu vme de pse tsc msr pae mce cx8 apic sep mtrr pge mca cmov pat pse36 clflush dts acpi mmx fxsr sse sse2 ss ht tm pbe syscall nx rdtscp lm constant_tsc arch_perfmon pebs bts rep_good nopl xtopology nonstop_tsc aperfmperf eagerfpu pni pclmulqdq dtes64 monitor ds_cpl vmx est tm2 ssse3 cx16 xtpr pdcm pcid sse4_1 sse4_2 x2apic popcnt tsc_deadline_timer aes xsave avx lahf_lm ida arat epb pln pts dtherm tpr_shadow vnmi flexpriority ept vpid xsaveopt
bugs		:
bogomips	: 3192.82
clflush size	: 64
cache_alignment	: 64
address sizes	: 36 bits physical, 48 bits virtual
power management:

processor	: 2
vendor_id	: GenuineIntel
cpu family	: 6
model		: 42
model name	: Intel(R) Core(TM) i5-2467M CPU @ 1.60GHz
stepping	: 7
microcode	: 0x1a
cpu MHz		: 1999.937
cache size	: 3072 KB
physical id	: 0
siblings	: 4
core id		: 0
cpu cores	: 2
apicid		: 1
initial apicid	: 1
fpu		: yes
fpu_exception	: yes
cpuid level	: 13
wp		: yes
flags		: fpu vme de pse tsc msr pae mce cx8 apic sep mtrr pge mca cmov pat pse36 clflush dts acpi mmx fxsr sse sse2 ss ht tm pbe syscall nx rdtscp lm constant_tsc arch_perfmon pebs bts rep_good nopl xtopology nonstop_tsc aperfmperf eagerfpu pni pclmulqdq dtes64 monitor ds_cpl vmx est tm2 ssse3 cx16 xtpr pdcm pcid sse4_1 sse4_2 x2apic popcnt tsc_deadline_timer aes xsave avx lahf_lm ida arat epb pln pts dtherm tpr_shadow vnmi flexpriority ept vpid xsaveopt
bugs		:
bogomips	: 3192.82
clflush size	: 64
cache_alignment	: 64
address sizes	: 36 bits physical, 48 bits virtual
power management:

processor	: 3
vendor_id	: GenuineIntel
cpu family	: 6
model		: 42
model name	: Intel(R) Core(TM) i5-2467M CPU @ 1.60GHz
stepping	: 7
microcode	: 0x1a
cpu MHz		: 1999.937
cache size	: 3072 KB
physical id	: 0
siblings	: 4
core id		: 1
cpu cores	: 2
apicid		: 3
initial apicid	: 3
fpu		: yes
fpu_exception	: yes
cpuid level	: 13
wp		: yes
flags		: fpu vme de pse tsc msr pae mce cx8 apic sep mtrr pge mca cmov pat pse36 clflush dts acpi mmx fxsr sse sse2 ss ht tm pbe syscall nx rdtscp lm constant_tsc arch_perfmon pebs bts rep_good nopl xtopology nonstop_tsc aperfmperf eagerfpu pni pclmulqdq dtes64 monitor ds_cpl vmx est tm2 ssse3 cx16 xtpr pdcm pcid sse4_1 sse4_2 x2apic popcnt tsc_deadline_timer aes xsave avx lahf_lm ida arat epb pln pts dtherm tpr_shadow vnmi flexpriority ept vpid xsaveopt
bugs		:
bogomips	: 3192.82
clflush size	: 64
cache_alignment	: 64
address sizes	: 36 bits physical, 48 bits virtual
power management:



Memory: 4k page, physical 3945428k(268948k free), swap 976892k(0k free)

vm_info: Java HotSpot(TM) 64-Bit Server VM (25.66-b17) for linux-amd64 JRE (1.8.0_66-b17), built on Oct  6 2015 17:28:34 by "java_re" with gcc 4.3.0 20080428 (Red Hat 4.3.0-8)

time: Sun Jun 12 19:32:30 2016
elapsed time: 16 seconds (0d 0h 0m 16s)

