#
# There is insufficient memory for the Java Runtime Environment to continue.
# Native memory allocation (mmap) failed to map 99614720 bytes for committing reserved memory.
# Possible reasons:
#   The system is out of physical RAM or swap space
#   In 32 bit mode, the process size limit was hit
# Possible solutions:
#   Reduce memory load on the system
#   Increase physical memory or swap space
#   Check if swap backing store is full
#   Use 64 bit Java on a 64 bit OS
#   Decrease Java heap size (-Xmx/-Xms)
#   Decrease number of Java threads
#   Decrease Java thread stack sizes (-Xss)
#   Set larger code cache with -XX:ReservedCodeCacheSize=
# This output file may be truncated or incomplete.
#
#  Out of Memory Error (os_linux.cpp:2627), pid=16186, tid=140225999230720
#
# JRE version: Java(TM) SE Runtime Environment (8.0_66-b17) (build 1.8.0_66-b17)
# Java VM: Java HotSpot(TM) 64-Bit Server VM (25.66-b17 mixed mode linux-amd64 compressed oops)
# Failed to write core dump. Core dumps have been disabled. To enable core dumping, try "ulimit -c unlimited" before starting Java again
#

---------------  T H R E A D  ---------------

Current thread (0x00007f8900078000):  VMThread [stack: 0x00007f88e8cf5000,0x00007f88e8df6000] [id=16196]

Stack: [0x00007f88e8cf5000,0x00007f88e8df6000],  sp=0x00007f88e8df4020,  free space=1020k
Native frames: (J=compiled Java code, j=interpreted, Vv=VM code, C=native code)
V  [libjvm.so+0xab9a1a]  VMError::report_and_die()+0x2ba
V  [libjvm.so+0x4f9e0b]  report_vm_out_of_memory(char const*, int, unsigned long, VMErrorType, char const*)+0x8b
V  [libjvm.so+0x91a8a3]  os::Linux::commit_memory_impl(char*, unsigned long, bool)+0x103
V  [libjvm.so+0x91adf9]  os::pd_commit_memory(char*, unsigned long, unsigned long, bool)+0x29
V  [libjvm.so+0x91510a]  os::commit_memory(char*, unsigned long, unsigned long, bool)+0x2a
V  [libjvm.so+0x9887a3]  PSVirtualSpace::expand_by(unsigned long)+0x53
V  [libjvm.so+0x989ba8]  PSYoungGen::resize_generation(unsigned long, unsigned long)+0xf8
V  [libjvm.so+0x988d02]  PSYoungGen::resize(unsigned long, unsigned long)+0x22
V  [libjvm.so+0x985fdb]  PSScavenge::invoke_no_policy()+0xf3b
V  [libjvm.so+0x986761]  PSScavenge::invoke()+0x41
V  [libjvm.so+0x93e500]  ParallelScavengeHeap::failed_mem_allocate(unsigned long)+0x70
V  [libjvm.so+0xabb437]  VM_ParallelGCFailedAllocation::doit()+0x97
V  [libjvm.so+0xac2e65]  VM_Operation::evaluate()+0x55
V  [libjvm.so+0xac123a]  VMThread::evaluate_operation(VM_Operation*)+0xba
V  [libjvm.so+0xac15be]  VMThread::loop()+0x1ce
V  [libjvm.so+0xac1a30]  VMThread::run()+0x70
V  [libjvm.so+0x91cc68]  java_start(Thread*)+0x108

VM_Operation (0x00007f88e3bf9d40): ParallelGCFailedAllocation, mode: safepoint, requested by thread 0x00007f890013c800


---------------  P R O C E S S  ---------------

Java Threads: ( => current thread )
  0x00007f8900142800 JavaThread "pool-1-thread-4" [_thread_blocked, id=16209, stack(0x00007f88e38f9000,0x00007f88e39fa000)]
  0x00007f890013e800 JavaThread "pool-1-thread-3" [_thread_blocked, id=16208, stack(0x00007f88e39fa000,0x00007f88e3afb000)]
  0x00007f890013c800 JavaThread "pool-1-thread-2" [_thread_blocked, id=16207, stack(0x00007f88e3afb000,0x00007f88e3bfc000)]
  0x00007f890013b000 JavaThread "pool-2-thread-1" [_thread_blocked, id=16206, stack(0x00007f88e3bfc000,0x00007f88e3cfd000)]
  0x00007f8900139000 JavaThread "pool-1-thread-1" [_thread_blocked, id=16205, stack(0x00007f88e3cfd000,0x00007f88e3dfe000)]
  0x00007f89000c1000 JavaThread "Service Thread" daemon [_thread_blocked, id=16203, stack(0x00007f88e3eff000,0x00007f88e4000000)]
  0x00007f89000bc000 JavaThread "C1 CompilerThread2" daemon [_thread_blocked, id=16202, stack(0x00007f88e8007000,0x00007f88e8108000)]
  0x00007f89000ba000 JavaThread "C2 CompilerThread1" daemon [_thread_blocked, id=16201, stack(0x00007f88e8108000,0x00007f88e8209000)]
  0x00007f89000b7000 JavaThread "C2 CompilerThread0" daemon [_thread_blocked, id=16200, stack(0x00007f88e8209000,0x00007f88e830a000)]
  0x00007f89000b5800 JavaThread "Signal Dispatcher" daemon [_thread_blocked, id=16199, stack(0x00007f88e830a000,0x00007f88e840b000)]
  0x00007f890007f800 JavaThread "Finalizer" daemon [_thread_blocked, id=16198, stack(0x00007f88e8af3000,0x00007f88e8bf4000)]
  0x00007f890007d000 JavaThread "Reference Handler" daemon [_thread_blocked, id=16197, stack(0x00007f88e8bf4000,0x00007f88e8cf5000)]
  0x00007f890000a000 JavaThread "main" [_thread_blocked, id=16189, stack(0x00007f89073e5000,0x00007f89074e6000)]

Other Threads:
=>0x00007f8900078000 VMThread [stack: 0x00007f88e8cf5000,0x00007f88e8df6000] [id=16196]
  0x00007f89000c4000 WatcherThread [stack: 0x00007f88e3dfe000,0x00007f88e3eff000] [id=16204]

VM state:at safepoint (normal execution)

VM Mutex/Monitor currently owned by a thread:  ([mutex/lock_event])
[0x00007f8900006430] Threads_lock - owner thread: 0x00007f8900078000
[0x00007f8900006930] Heap_lock - owner thread: 0x00007f890013c800

Heap:
 PSYoungGen      total 137728K, used 16866K [0x00000000eab00000, 0x00000000f4600000, 0x0000000100000000)
  eden space 120832K, 0% used [0x00000000eab00000,0x00000000eab00000,0x00000000f2100000)
  from space 16896K, 99% used [0x00000000f2100000,0x00000000f3178bc0,0x00000000f3180000)
  to   space 12800K, 0% used [0x00000000f3180000,0x00000000f3180000,0x00000000f3e00000)
 ParOldGen       total 57856K, used 56101K [0x00000000c0000000, 0x00000000c3880000, 0x00000000eab00000)
  object space 57856K, 96% used [0x00000000c0000000,0x00000000c36c97a8,0x00000000c3880000)
 Metaspace       used 5790K, capacity 6960K, committed 7040K, reserved 1056768K
  class space    used 572K, capacity 616K, committed 640K, reserved 1048576K

Card table byte_map: [0x00007f88f0dff000,0x00007f88f1000000] byte_map_base: 0x00007f88f07ff000

Marking Bits: (ParMarkBitMap*) 0x00007f89068be020
 Begin Bits: [0x00007f88ea000000, 0x00007f88eb000000)
 End Bits:   [0x00007f88eb000000, 0x00007f88ec000000)

Polling page: 0x00007f890750b000

CodeCache: size=245760Kb used=6512Kb max_used=6512Kb free=239247Kb
 bounds [0x00007f88f1000000, 0x00007f88f1670000, 0x00007f8900000000]
 total_blobs=1787 nmethods=1526 adapters=175
 compilation: enabled

Compilation events (10 events):
Event: 10.887 Thread 0x00007f89000bc000 1902       2       com.android.dx.dex.file.EncodedMethod::<init> (68 bytes)
Event: 10.887 Thread 0x00007f89000bc000 nmethod 1902 0x00007f88f1657310 code [0x00007f88f16574a0, 0x00007f88f16577b8]
Event: 10.892 Thread 0x00007f89000bc000 1903 %     3       com.android.dx.ssa.ConstCollector::updateConstUses @ 183 (248 bytes)
Event: 10.896 Thread 0x00007f89000bc000 nmethod 1903% 0x00007f88f1657910 code [0x00007f88f1657cc0, 0x00007f88f165a458]
Event: 10.907 Thread 0x00007f89000bc000 1904       2       com.android.dx.cf.code.BytecodeArray::parseLookupswitch (175 bytes)
Event: 10.909 Thread 0x00007f89000bc000 nmethod 1904 0x00007f88f165ba10 code [0x00007f88f165bc40, 0x00007f88f165c3c8]
Event: 10.988 Thread 0x00007f89000bc000 1905       3       com.android.dx.ssa.back.LivenessAnalyzer::coInterferePhis (128 bytes)
Event: 10.990 Thread 0x00007f89000bc000 nmethod 1905 0x00007f88f165cd90 code [0x00007f88f165d020, 0x00007f88f165e2d8]
Event: 10.991 Thread 0x00007f89000bc000 1906       3       com.android.dx.ssa.back.InterferenceGraph::<init> (42 bytes)
Event: 10.992 Thread 0x00007f89000bc000 nmethod 1906 0x00007f88f165ecd0 code [0x00007f88f165ef00, 0x00007f88f165fc18]

GC Heap History (10 events):
Event: 3.257 GC heap after
Heap after GC invocations=4 (full 0):
 PSYoungGen      total 34304K, used 2536K [0x00000000eab00000, 0x00000000ecf00000, 0x0000000100000000)
  eden space 31744K, 0% used [0x00000000eab00000,0x00000000eab00000,0x00000000eca00000)
  from space 2560K, 99% used [0x00000000ecc80000,0x00000000ecefa190,0x00000000ecf00000)
  to   space 2560K, 0% used [0x00000000eca00000,0x00000000eca00000,0x00000000ecc80000)
 ParOldGen       total 42496K, used 9277K [0x00000000c0000000, 0x00000000c2980000, 0x00000000eab00000)
  object space 42496K, 21% used [0x00000000c0000000,0x00000000c090f628,0x00000000c2980000)
 Metaspace       used 5606K, capacity 6832K, committed 7040K, reserved 1056768K
  class space    used 570K, capacity 616K, committed 640K, reserved 1048576K
}
Event: 3.877 GC heap before
{Heap before GC invocations=5 (full 0):
 PSYoungGen      total 34304K, used 34280K [0x00000000eab00000, 0x00000000ecf00000, 0x0000000100000000)
  eden space 31744K, 100% used [0x00000000eab00000,0x00000000eca00000,0x00000000eca00000)
  from space 2560K, 99% used [0x00000000ecc80000,0x00000000ecefa190,0x00000000ecf00000)
  to   space 2560K, 0% used [0x00000000eca00000,0x00000000eca00000,0x00000000ecc80000)
 ParOldGen       total 42496K, used 9277K [0x00000000c0000000, 0x00000000c2980000, 0x00000000eab00000)
  object space 42496K, 21% used [0x00000000c0000000,0x00000000c090f628,0x00000000c2980000)
 Metaspace       used 5626K, capacity 6832K, committed 7040K, reserved 1056768K
  class space    used 571K, capacity 616K, committed 640K, reserved 1048576K
Event: 3.934 GC heap after
Heap after GC invocations=5 (full 0):
 PSYoungGen      total 34304K, used 2536K [0x00000000eab00000, 0x00000000ef700000, 0x0000000100000000)
  eden space 31744K, 0% used [0x00000000eab00000,0x00000000eab00000,0x00000000eca00000)
  from space 2560K, 99% used [0x00000000eca00000,0x00000000ecc7a1b0,0x00000000ecc80000)
  to   space 7168K, 0% used [0x00000000ef000000,0x00000000ef000000,0x00000000ef700000)
 ParOldGen       total 42496K, used 14238K [0x00000000c0000000, 0x00000000c2980000, 0x00000000eab00000)
  object space 42496K, 33% used [0x00000000c0000000,0x00000000c0de7940,0x00000000c2980000)
 Metaspace       used 5626K, capacity 6832K, committed 7040K, reserved 1056768K
  class space    used 571K, capacity 616K, committed 640K, reserved 1048576K
}
Event: 4.541 GC heap before
{Heap before GC invocations=6 (full 0):
 PSYoungGen      total 34304K, used 34280K [0x00000000eab00000, 0x00000000ef700000, 0x0000000100000000)
  eden space 31744K, 100% used [0x00000000eab00000,0x00000000eca00000,0x00000000eca00000)
  from space 2560K, 99% used [0x00000000eca00000,0x00000000ecc7a1b0,0x00000000ecc80000)
  to   space 7168K, 0% used [0x00000000ef000000,0x00000000ef000000,0x00000000ef700000)
 ParOldGen       total 42496K, used 14238K [0x00000000c0000000, 0x00000000c2980000, 0x00000000eab00000)
  object space 42496K, 33% used [0x00000000c0000000,0x00000000c0de7940,0x00000000c2980000)
 Metaspace       used 5635K, capacity 6832K, committed 7040K, reserved 1056768K
  class space    used 571K, capacity 616K, committed 640K, reserved 1048576K
Event: 4.605 GC heap after
Heap after GC invocations=6 (full 0):
 PSYoungGen      total 69632K, used 7143K [0x00000000eab00000, 0x00000000ef900000, 0x0000000100000000)
  eden space 62464K, 0% used [0x00000000eab00000,0x00000000eab00000,0x00000000ee800000)
  from space 7168K, 99% used [0x00000000ef000000,0x00000000ef6f9e90,0x00000000ef700000)
  to   space 8192K, 0% used [0x00000000ee800000,0x00000000ee800000,0x00000000ef000000)
 ParOldGen       total 42496K, used 14510K [0x00000000c0000000, 0x00000000c2980000, 0x00000000eab00000)
  object space 42496K, 34% used [0x00000000c0000000,0x00000000c0e2b940,0x00000000c2980000)
 Metaspace       used 5635K, capacity 6832K, committed 7040K, reserved 1056768K
  class space    used 571K, capacity 616K, committed 640K, reserved 1048576K
}
Event: 5.915 GC heap before
{Heap before GC invocations=7 (full 0):
 PSYoungGen      total 69632K, used 69607K [0x00000000eab00000, 0x00000000ef900000, 0x0000000100000000)
  eden space 62464K, 100% used [0x00000000eab00000,0x00000000ee800000,0x00000000ee800000)
  from space 7168K, 99% used [0x00000000ef000000,0x00000000ef6f9e90,0x00000000ef700000)
  to   space 8192K, 0% used [0x00000000ee800000,0x00000000ee800000,0x00000000ef000000)
 ParOldGen       total 42496K, used 14510K [0x00000000c0000000, 0x00000000c2980000, 0x00000000eab00000)
  object space 42496K, 34% used [0x00000000c0000000,0x00000000c0e2b940,0x00000000c2980000)
 Metaspace       used 5701K, capacity 6896K, committed 7040K, reserved 1056768K
  class space    used 571K, capacity 616K, committed 640K, reserved 1048576K
Event: 6.038 GC heap after
Heap after GC invocations=7 (full 0):
 PSYoungGen      total 70656K, used 8172K [0x00000000eab00000, 0x00000000f3e00000, 0x0000000100000000)
  eden space 62464K, 0% used [0x00000000eab00000,0x00000000eab00000,0x00000000ee800000)
  from space 8192K, 99% used [0x00000000ee800000,0x00000000eeffb200,0x00000000ef000000)
  to   space 12800K, 0% used [0x00000000f3180000,0x00000000f3180000,0x00000000f3e00000)
 ParOldGen       total 42496K, used 21262K [0x00000000c0000000, 0x00000000c2980000, 0x00000000eab00000)
  object space 42496K, 50% used [0x00000000c0000000,0x00000000c14c39d8,0x00000000c2980000)
 Metaspace       used 5701K, capacity 6896K, committed 7040K, reserved 1056768K
  class space    used 571K, capacity 616K, committed 640K, reserved 1048576K
}
Event: 7.025 GC heap before
{Heap before GC invocations=8 (full 0):
 PSYoungGen      total 70656K, used 70636K [0x00000000eab00000, 0x00000000f3e00000, 0x0000000100000000)
  eden space 62464K, 100% used [0x00000000eab00000,0x00000000ee800000,0x00000000ee800000)
  from space 8192K, 99% used [0x00000000ee800000,0x00000000eeffb200,0x00000000ef000000)
  to   space 12800K, 0% used [0x00000000f3180000,0x00000000f3180000,0x00000000f3e00000)
 ParOldGen       total 42496K, used 21262K [0x00000000c0000000, 0x00000000c2980000, 0x00000000eab00000)
  object space 42496K, 50% used [0x00000000c0000000,0x00000000c14c39d8,0x00000000c2980000)
 Metaspace       used 5747K, capacity 6960K, committed 7040K, reserved 1056768K
  class space    used 571K, capacity 616K, committed 640K, reserved 1048576K
Event: 7.208 GC heap after
Heap after GC invocations=8 (full 0):
 PSYoungGen      total 133632K, used 12775K [0x00000000eab00000, 0x00000000f4600000, 0x0000000100000000)
  eden space 120832K, 0% used [0x00000000eab00000,0x00000000eab00000,0x00000000f2100000)
  from space 12800K, 99% used [0x00000000f3180000,0x00000000f3df9f40,0x00000000f3e00000)
  to   space 16896K, 0% used [0x00000000f2100000,0x00000000f2100000,0x00000000f3180000)
 ParOldGen       total 42496K, used 26376K [0x00000000c0000000, 0x00000000c2980000, 0x00000000eab00000)
  object space 42496K, 62% used [0x00000000c0000000,0x00000000c19c22e8,0x00000000c2980000)
 Metaspace       used 5747K, capacity 6960K, committed 7040K, reserved 1056768K
  class space    used 571K, capacity 616K, committed 640K, reserved 1048576K
}
Event: 11.017 GC heap before
{Heap before GC invocations=9 (full 0):
 PSYoungGen      total 133632K, used 133607K [0x00000000eab00000, 0x00000000f4600000, 0x0000000100000000)
  eden space 120832K, 100% used [0x00000000eab00000,0x00000000f2100000,0x00000000f2100000)
  from space 12800K, 99% used [0x00000000f3180000,0x00000000f3df9f40,0x00000000f3e00000)
  to   space 16896K, 0% used [0x00000000f2100000,0x00000000f2100000,0x00000000f3180000)
 ParOldGen       total 42496K, used 26376K [0x00000000c0000000, 0x00000000c2980000, 0x00000000eab00000)
  object space 42496K, 62% used [0x00000000c0000000,0x00000000c19c22e8,0x00000000c2980000)
 Metaspace       used 5790K, capacity 6960K, committed 7040K, reserved 1056768K
  class space    used 572K, capacity 616K, committed 640K, reserved 1048576K

Deoptimization events (10 events):
Event: 3.428 Thread 0x00007f890000a000 Uncommon trap: reason=unstable_if action=reinterpret pc=0x00007f88f11ea248 method=java.lang.String.<init>([CII)V @ 18
Event: 3.756 Thread 0x00007f890013e800 Uncommon trap: reason=unstable_if action=reinterpret pc=0x00007f88f12d7cc8 method=com.android.dx.rop.code.RegisterSpec.equals(ILcom/android/dx/rop/type/TypeBearer;Lcom/android/dx/rop/code/LocalItem;)Z @ 16
Event: 4.500 Thread 0x00007f890013c800 Uncommon trap: reason=unstable_if action=reinterpret pc=0x00007f88f143cdc8 method=com.android.dx.ssa.SsaRenamer$BlockRenamer.addMapping(ILcom/android/dx/rop/code/RegisterSpec;)V @ 120
Event: 5.563 Thread 0x00007f8900142800 Uncommon trap: reason=class_check action=maybe_recompile pc=0x00007f88f140ee3c method=java.util.HashMap.putVal(ILjava/lang/Object;Ljava/lang/Object;ZZ)Ljava/lang/Object; @ 203
Event: 7.844 Thread 0x00007f8900139000 Uncommon trap: reason=unstable_if action=reinterpret pc=0x00007f88f1508d0c method=com.android.dx.ssa.SCCP.simulateStmt(Lcom/android/dx/ssa/SsaInsn;)V @ 59
Event: 8.035 Thread 0x00007f8900139000 Uncommon trap: reason=class_check action=maybe_recompile pc=0x00007f88f14cc9dc method=com.android.dx.ssa.NormalSsaInsn.accept(Lcom/android/dx/ssa/SsaInsn$Visitor;)V @ 9
Event: 8.147 Thread 0x00007f8900139000 Uncommon trap: reason=class_check action=maybe_recompile pc=0x00007f88f14cc9dc method=com.android.dx.ssa.NormalSsaInsn.accept(Lcom/android/dx/ssa/SsaInsn$Visitor;)V @ 9
Event: 8.251 Thread 0x00007f8900139000 Uncommon trap: reason=unstable_if action=reinterpret pc=0x00007f88f15dbcd4 method=com.android.dx.rop.code.RegisterSpec.intersect(Lcom/android/dx/rop/code/RegisterSpec;Z)Lcom/android/dx/rop/code/RegisterSpec; @ 2
Event: 10.153 Thread 0x00007f8900142800 Uncommon trap: reason=class_check action=maybe_recompile pc=0x00007f88f14cc9dc method=com.android.dx.ssa.NormalSsaInsn.accept(Lcom/android/dx/ssa/SsaInsn$Visitor;)V @ 9
Event: 10.154 Thread 0x00007f8900142800 Uncommon trap: reason=class_check action=maybe_recompile pc=0x00007f88f14cc9dc method=com.android.dx.ssa.NormalSsaInsn.accept(Lcom/android/dx/ssa/SsaInsn$Visitor;)V @ 9

Internal exceptions (3 events):
Event: 0.196 Thread 0x00007f890000a000 Exception <a 'java/lang/NoSuchMethodError': Method sun.misc.Unsafe.defineClass(Ljava/lang/String;[BII)Ljava/lang/Class; name or signature does not match> (0x00000000eab12b90) thrown at [/HUDSON/workspace/8-2-build-linux-amd64/jdk8u66/4988/hotspot/src/shar
Event: 0.196 Thread 0x00007f890000a000 Exception <a 'java/lang/NoSuchMethodError': Method sun.misc.Unsafe.prefetchRead(Ljava/lang/Object;J)V name or signature does not match> (0x00000000eab12e78) thrown at [/HUDSON/workspace/8-2-build-linux-amd64/jdk8u66/4988/hotspot/src/share/vm/prims/jni.cpp
Event: 2.501 Thread 0x00007f890000a000 Implicit null exception at 0x00007f88f124ca7b to 0x00007f88f124e5b1

Events (10 events):
Event: 10.653 Thread 0x00007f8900142800 DEOPT UNPACKING pc=0x00007f88f1047633 sp=0x00007f88e39f7a88 mode 0
Event: 10.711 Thread 0x00007f8900142800 DEOPT PACKING pc=0x00007f88f164b3b3 sp=0x00007f88e39f7c50
Event: 10.711 Thread 0x00007f8900142800 DEOPT UNPACKING pc=0x00007f88f1047633 sp=0x00007f88e39f7970 mode 0
Event: 10.783 Thread 0x00007f8900142800 DEOPT PACKING pc=0x00007f88f14abded sp=0x00007f88e39f81b0
Event: 10.783 Thread 0x00007f8900142800 DEOPT UNPACKING pc=0x00007f88f1047633 sp=0x00007f88e39f7f10 mode 0
Event: 10.988 Thread 0x00007f890000a000 DEOPT PACKING pc=0x00007f88f1556c7c sp=0x00007f89074e3370
Event: 10.988 Thread 0x00007f890000a000 DEOPT UNPACKING pc=0x00007f88f1047633 sp=0x00007f89074e3120 mode 0
Event: 10.993 Thread 0x00007f890013c800 DEOPT PACKING pc=0x00007f88f1532c3d sp=0x00007f88e3bf9ed0
Event: 10.993 Thread 0x00007f890013c800 DEOPT UNPACKING pc=0x00007f88f1047633 sp=0x00007f88e3bf9ca8 mode 0
Event: 10.993 Executing VM operation: ParallelGCFailedAllocation


Dynamic libraries:
00400000-00401000 r-xp 00000000 08:06 2375596                            /usr/lib/jvm/java-8-oracle/bin/java
00600000-00601000 rw-p 00000000 08:06 2375596                            /usr/lib/jvm/java-8-oracle/bin/java
007ed000-0080e000 rw-p 00000000 00:00 0                                  [heap]
c0000000-c3880000 rw-p 00000000 00:00 0 
c3880000-eab00000 ---p 00000000 00:00 0 
eab00000-f4600000 rw-p 00000000 00:00 0 
fa500000-100000000 ---p 00000000 00:00 0 
100000000-1000a0000 rw-p 00000000 00:00 0 
1000a0000-140000000 ---p 00000000 00:00 0 
7f889c000000-7f889c02a000 rw-p 00000000 00:00 0 
7f889c02a000-7f88a0000000 ---p 00000000 00:00 0 
7f88a4000000-7f88a4028000 rw-p 00000000 00:00 0 
7f88a4028000-7f88a8000000 ---p 00000000 00:00 0 
7f88a8000000-7f88a8032000 rw-p 00000000 00:00 0 
7f88a8032000-7f88ac000000 ---p 00000000 00:00 0 
7f88ac000000-7f88ac06f000 rw-p 00000000 00:00 0 
7f88ac06f000-7f88b0000000 ---p 00000000 00:00 0 
7f88b0000000-7f88b0021000 rw-p 00000000 00:00 0 
7f88b0021000-7f88b4000000 ---p 00000000 00:00 0 
7f88b4000000-7f88b4021000 rw-p 00000000 00:00 0 
7f88b4021000-7f88b8000000 ---p 00000000 00:00 0 
7f88b8000000-7f88b8021000 rw-p 00000000 00:00 0 
7f88b8021000-7f88bc000000 ---p 00000000 00:00 0 
7f88bc000000-7f88bc986000 rw-p 00000000 00:00 0 
7f88bc986000-7f88c0000000 ---p 00000000 00:00 0 
7f88c0000000-7f88c0999000 rw-p 00000000 00:00 0 
7f88c0999000-7f88c4000000 ---p 00000000 00:00 0 
7f88c4000000-7f88c4021000 rw-p 00000000 00:00 0 
7f88c4021000-7f88c8000000 ---p 00000000 00:00 0 
7f88c8000000-7f88c8801000 rw-p 00000000 00:00 0 
7f88c8801000-7f88cc000000 ---p 00000000 00:00 0 
7f88cc000000-7f88cc021000 rw-p 00000000 00:00 0 
7f88cc021000-7f88d0000000 ---p 00000000 00:00 0 
7f88d0000000-7f88d0021000 rw-p 00000000 00:00 0 
7f88d0021000-7f88d4000000 ---p 00000000 00:00 0 
7f88d4000000-7f88d4021000 rw-p 00000000 00:00 0 
7f88d4021000-7f88d8000000 ---p 00000000 00:00 0 
7f88d8000000-7f88d828b000 rw-p 00000000 00:00 0 
7f88d828b000-7f88dc000000 ---p 00000000 00:00 0 
7f88dc000000-7f88dc021000 rw-p 00000000 00:00 0 
7f88dc021000-7f88e0000000 ---p 00000000 00:00 0 
7f88e38f9000-7f88e38fc000 ---p 00000000 00:00 0 
7f88e38fc000-7f88e39fa000 rw-p 00000000 00:00 0 
7f88e39fa000-7f88e39fd000 ---p 00000000 00:00 0 
7f88e39fd000-7f88e3afb000 rw-p 00000000 00:00 0 
7f88e3afb000-7f88e3afe000 ---p 00000000 00:00 0 
7f88e3afe000-7f88e3bfc000 rw-p 00000000 00:00 0 
7f88e3bfc000-7f88e3bff000 ---p 00000000 00:00 0 
7f88e3bff000-7f88e3cfd000 rw-p 00000000 00:00 0 
7f88e3cfd000-7f88e3d00000 ---p 00000000 00:00 0 
7f88e3d00000-7f88e3dfe000 rw-p 00000000 00:00 0 
7f88e3dfe000-7f88e3dff000 ---p 00000000 00:00 0 
7f88e3dff000-7f88e3eff000 rw-p 00000000 00:00 0 
7f88e3eff000-7f88e3f02000 ---p 00000000 00:00 0 
7f88e3f02000-7f88e4000000 rw-p 00000000 00:00 0 
7f88e4000000-7f88e4021000 rw-p 00000000 00:00 0 
7f88e4021000-7f88e8000000 ---p 00000000 00:00 0 
7f88e8007000-7f88e800a000 ---p 00000000 00:00 0 
7f88e800a000-7f88e8108000 rw-p 00000000 00:00 0 
7f88e8108000-7f88e810b000 ---p 00000000 00:00 0 
7f88e810b000-7f88e8209000 rw-p 00000000 00:00 0 
7f88e8209000-7f88e820c000 ---p 00000000 00:00 0 
7f88e820c000-7f88e830a000 rw-p 00000000 00:00 0 
7f88e830a000-7f88e830d000 ---p 00000000 00:00 0 
7f88e830d000-7f88e840b000 rw-p 00000000 00:00 0 
7f88e840b000-7f88e8af3000 r--p 00000000 08:06 2106131                    /usr/lib/locale/locale-archive
7f88e8af3000-7f88e8af6000 ---p 00000000 00:00 0 
7f88e8af6000-7f88e8bf4000 rw-p 00000000 00:00 0 
7f88e8bf4000-7f88e8bf7000 ---p 00000000 00:00 0 
7f88e8bf7000-7f88e8cf5000 rw-p 00000000 00:00 0 
7f88e8cf5000-7f88e8cf6000 ---p 00000000 00:00 0 
7f88e8cf6000-7f88e9e40000 rw-p 00000000 00:00 0 
7f88e9e40000-7f88ea000000 ---p 00000000 00:00 0 
7f88ea000000-7f88ec000000 rw-p 00000000 00:00 0 
7f88ec000000-7f88ec021000 rw-p 00000000 00:00 0 
7f88ec021000-7f88f0000000 ---p 00000000 00:00 0 
7f88f0044000-7f88f05ac000 rw-p 00000000 00:00 0 
7f88f05ac000-7f88f0785000 r--s 03d20000 08:06 2242548                    /usr/lib/jvm/java-8-oracle/jre/lib/rt.jar
7f88f0785000-7f88f09fb000 rw-p 00000000 00:00 0 
7f88f09fb000-7f88f09fc000 ---p 00000000 00:00 0 
7f88f09fc000-7f88f0afc000 rw-p 00000000 00:00 0 
7f88f0afc000-7f88f0afd000 ---p 00000000 00:00 0 
7f88f0afd000-7f88f0bfd000 rw-p 00000000 00:00 0 
7f88f0bfd000-7f88f0bfe000 ---p 00000000 00:00 0 
7f88f0bfe000-7f88f0cfe000 rw-p 00000000 00:00 0 
7f88f0cfe000-7f88f0cff000 ---p 00000000 00:00 0 
7f88f0cff000-7f88f0e1c000 rw-p 00000000 00:00 0 
7f88f0e1c000-7f88f0f54000 ---p 00000000 00:00 0 
7f88f0f54000-7f88f0fa2000 rw-p 00000000 00:00 0 
7f88f0fa2000-7f88f0fff000 ---p 00000000 00:00 0 
7f88f0fff000-7f88f1000000 rw-p 00000000 00:00 0 
7f88f1000000-7f88f1670000 rwxp 00000000 00:00 0 
7f88f1670000-7f8900000000 ---p 00000000 00:00 0 
7f8900000000-7f8900392000 rw-p 00000000 00:00 0 
7f8900392000-7f8904000000 ---p 00000000 00:00 0 
7f8904007000-7f8904016000 r--s 000df000 08:06 2100170                    /home/geng/Android/Sdk/build-tools/23.0.2/lib/dx.jar
7f8904016000-7f8904075000 rw-p 00000000 00:00 0 
7f8904075000-7f89041ae000 ---p 00000000 00:00 0 
7f89041ae000-7f89041c8000 rw-p 00000000 00:00 0 
7f89041c8000-7f890456e000 ---p 00000000 00:00 0 
7f890456e000-7f8904588000 r-xp 00000000 08:06 2242601                    /usr/lib/jvm/java-8-oracle/jre/lib/amd64/libzip.so
7f8904588000-7f8904788000 ---p 0001a000 08:06 2242601                    /usr/lib/jvm/java-8-oracle/jre/lib/amd64/libzip.so
7f8904788000-7f8904789000 rw-p 0001a000 08:06 2242601                    /usr/lib/jvm/java-8-oracle/jre/lib/amd64/libzip.so
7f8904789000-7f8904793000 r-xp 00000000 08:06 659900                     /lib/x86_64-linux-gnu/libnss_files-2.21.so
7f8904793000-7f8904993000 ---p 0000a000 08:06 659900                     /lib/x86_64-linux-gnu/libnss_files-2.21.so
7f8904993000-7f8904994000 r--p 0000a000 08:06 659900                     /lib/x86_64-linux-gnu/libnss_files-2.21.so
7f8904994000-7f8904995000 rw-p 0000b000 08:06 659900                     /lib/x86_64-linux-gnu/libnss_files-2.21.so
7f8904995000-7f89049a0000 r-xp 00000000 08:06 693249                     /lib/x86_64-linux-gnu/libnss_nis-2.21.so
7f89049a0000-7f8904b9f000 ---p 0000b000 08:06 693249                     /lib/x86_64-linux-gnu/libnss_nis-2.21.so
7f8904b9f000-7f8904ba0000 r--p 0000a000 08:06 693249                     /lib/x86_64-linux-gnu/libnss_nis-2.21.so
7f8904ba0000-7f8904ba1000 rw-p 0000b000 08:06 693249                     /lib/x86_64-linux-gnu/libnss_nis-2.21.so
7f8904ba1000-7f8904bb8000 r-xp 00000000 08:06 693255                     /lib/x86_64-linux-gnu/libnsl-2.21.so
7f8904bb8000-7f8904db7000 ---p 00017000 08:06 693255                     /lib/x86_64-linux-gnu/libnsl-2.21.so
7f8904db7000-7f8904db8000 r--p 00016000 08:06 693255                     /lib/x86_64-linux-gnu/libnsl-2.21.so
7f8904db8000-7f8904db9000 rw-p 00017000 08:06 693255                     /lib/x86_64-linux-gnu/libnsl-2.21.so
7f8904db9000-7f8904dbb000 rw-p 00000000 00:00 0 
7f8904dbb000-7f8904dc3000 r-xp 00000000 08:06 693185                     /lib/x86_64-linux-gnu/libnss_compat-2.21.so
7f8904dc3000-7f8904fc2000 ---p 00008000 08:06 693185                     /lib/x86_64-linux-gnu/libnss_compat-2.21.so
7f8904fc2000-7f8904fc3000 r--p 00007000 08:06 693185                     /lib/x86_64-linux-gnu/libnss_compat-2.21.so
7f8904fc3000-7f8904fc4000 rw-p 00008000 08:06 693185                     /lib/x86_64-linux-gnu/libnss_compat-2.21.so
7f8904fc4000-7f8904fee000 r-xp 00000000 08:06 2242596                    /usr/lib/jvm/java-8-oracle/jre/lib/amd64/libjava.so
7f8904fee000-7f89051ee000 ---p 0002a000 08:06 2242596                    /usr/lib/jvm/java-8-oracle/jre/lib/amd64/libjava.so
7f89051ee000-7f89051f0000 rw-p 0002a000 08:06 2242596                    /usr/lib/jvm/java-8-oracle/jre/lib/amd64/libjava.so
7f89051f0000-7f89051fd000 r-xp 00000000 08:06 2242600                    /usr/lib/jvm/java-8-oracle/jre/lib/amd64/libverify.so
7f89051fd000-7f89053fd000 ---p 0000d000 08:06 2242600                    /usr/lib/jvm/java-8-oracle/jre/lib/amd64/libverify.so
7f89053fd000-7f89053ff000 rw-p 0000d000 08:06 2242600                    /usr/lib/jvm/java-8-oracle/jre/lib/amd64/libverify.so
7f89053ff000-7f8905406000 r-xp 00000000 08:06 659901                     /lib/x86_64-linux-gnu/librt-2.21.so
7f8905406000-7f8905605000 ---p 00007000 08:06 659901                     /lib/x86_64-linux-gnu/librt-2.21.so
7f8905605000-7f8905606000 r--p 00006000 08:06 659901                     /lib/x86_64-linux-gnu/librt-2.21.so
7f8905606000-7f8905607000 rw-p 00007000 08:06 659901                     /lib/x86_64-linux-gnu/librt-2.21.so
7f8905607000-7f890570e000 r-xp 00000000 08:06 693197                     /lib/x86_64-linux-gnu/libm-2.21.so
7f890570e000-7f890590d000 ---p 00107000 08:06 693197                     /lib/x86_64-linux-gnu/libm-2.21.so
7f890590d000-7f890590e000 r--p 00106000 08:06 693197                     /lib/x86_64-linux-gnu/libm-2.21.so
7f890590e000-7f890590f000 rw-p 00107000 08:06 693197                     /lib/x86_64-linux-gnu/libm-2.21.so
7f890590f000-7f89065cd000 r-xp 00000000 08:06 2242621                    /usr/lib/jvm/java-8-oracle/jre/lib/amd64/server/libjvm.so
7f89065cd000-7f89067cc000 ---p 00cbe000 08:06 2242621                    /usr/lib/jvm/java-8-oracle/jre/lib/amd64/server/libjvm.so
7f89067cc000-7f89068a5000 rw-p 00cbd000 08:06 2242621                    /usr/lib/jvm/java-8-oracle/jre/lib/amd64/server/libjvm.so
7f89068a5000-7f89068e9000 rw-p 00000000 00:00 0 
7f89068e9000-7f8906aa9000 r-xp 00000000 08:06 693261                     /lib/x86_64-linux-gnu/libc-2.21.so
7f8906aa9000-7f8906ca9000 ---p 001c0000 08:06 693261                     /lib/x86_64-linux-gnu/libc-2.21.so
7f8906ca9000-7f8906cad000 r--p 001c0000 08:06 693261                     /lib/x86_64-linux-gnu/libc-2.21.so
7f8906cad000-7f8906caf000 rw-p 001c4000 08:06 693261                     /lib/x86_64-linux-gnu/libc-2.21.so
7f8906caf000-7f8906cb3000 rw-p 00000000 00:00 0 
7f8906cb3000-7f8906cb6000 r-xp 00000000 08:06 693233                     /lib/x86_64-linux-gnu/libdl-2.21.so
7f8906cb6000-7f8906eb5000 ---p 00003000 08:06 693233                     /lib/x86_64-linux-gnu/libdl-2.21.so
7f8906eb5000-7f8906eb6000 r--p 00002000 08:06 693233                     /lib/x86_64-linux-gnu/libdl-2.21.so
7f8906eb6000-7f8906eb7000 rw-p 00003000 08:06 693233                     /lib/x86_64-linux-gnu/libdl-2.21.so
7f8906eb7000-7f8906ecc000 r-xp 00000000 08:06 2257905                    /usr/lib/jvm/java-8-oracle/lib/amd64/jli/libjli.so
7f8906ecc000-7f89070cc000 ---p 00015000 08:06 2257905                    /usr/lib/jvm/java-8-oracle/lib/amd64/jli/libjli.so
7f89070cc000-7f89070cd000 rw-p 00015000 08:06 2257905                    /usr/lib/jvm/java-8-oracle/lib/amd64/jli/libjli.so
7f89070cd000-7f89070e5000 r-xp 00000000 08:06 693201                     /lib/x86_64-linux-gnu/libpthread-2.21.so
7f89070e5000-7f89072e5000 ---p 00018000 08:06 693201                     /lib/x86_64-linux-gnu/libpthread-2.21.so
7f89072e5000-7f89072e6000 r--p 00018000 08:06 693201                     /lib/x86_64-linux-gnu/libpthread-2.21.so
7f89072e6000-7f89072e7000 rw-p 00019000 08:06 693201                     /lib/x86_64-linux-gnu/libpthread-2.21.so
7f89072e7000-7f89072eb000 rw-p 00000000 00:00 0 
7f89072eb000-7f890730f000 r-xp 00000000 08:06 693257                     /lib/x86_64-linux-gnu/ld-2.21.so
7f8907313000-7f89073e5000 rw-p 00000000 00:00 0 
7f89073e5000-7f89073e8000 ---p 00000000 00:00 0 
7f89073e8000-7f89074ea000 rw-p 00000000 00:00 0 
7f89074ed000-7f8907502000 rw-p 00000000 00:00 0 
7f8907502000-7f890750a000 rw-s 00000000 08:06 1060074                    /tmp/hsperfdata_geng/16186
7f890750a000-7f890750b000 rw-p 00000000 00:00 0 
7f890750b000-7f890750c000 ---p 00000000 00:00 0 
7f890750c000-7f890750e000 rw-p 00000000 00:00 0 
7f890750e000-7f890750f000 r--p 00023000 08:06 693257                     /lib/x86_64-linux-gnu/ld-2.21.so
7f890750f000-7f8907510000 rw-p 00024000 08:06 693257                     /lib/x86_64-linux-gnu/ld-2.21.so
7f8907510000-7f8907511000 rw-p 00000000 00:00 0 
7ffeb35ac000-7ffeb35ce000 rw-p 00000000 00:00 0                          [stack]
7ffeb35f8000-7ffeb35fa000 r--p 00000000 00:00 0                          [vvar]
7ffeb35fa000-7ffeb35fc000 r-xp 00000000 00:00 0                          [vdso]
ffffffffff600000-ffffffffff601000 r-xp 00000000 00:00 0                  [vsyscall]

VM Arguments:
jvm_args: -Djava.awt.headless=true -Xmx1024M -Dfile.encoding=UTF-8 -Duser.country=US -Duser.language=en -Duser.variant 
java_command: com.android.dx.command.Main --dex --force-jumbo --num-threads=4 --output /home/geng/grad/GuideMe/app/build/intermediates/pre-dexed/debug/main_ea915ed5d932ed306bde3f56528ac0bb7a5ad9ed.jar /home/geng/grad/GuideMe/app/build/intermediates/transforms/instantRun/debug/folders/1/5/main
java_class_path (initial): /home/geng/Android/Sdk/build-tools/23.0.2/lib/dx.jar
Launcher Type: SUN_STANDARD

Environment Variables:
PATH=/home/geng/.rvm/gems/jruby-1.7.19/bin:/home/geng/.rvm/gems/jruby-1.7.19@global/bin:/home/geng/.rvm/rubies/jruby-1.7.19/bin:/usr/local/heroku/bin:/usr/local/sbin:/usr/local/bin:/usr/sbin:/usr/bin:/sbin:/bin:/usr/games:/usr/local/games:/home/geng/.rvm/bin:/home/geng/.rvm/bin:/home/geng/.rvm/bin
LD_LIBRARY_PATH=/opt/android-studio/bin:
SHELL=/bin/bash
DISPLAY=:0

Signal Handlers:
SIGSEGV: [libjvm.so+0xaba2a0], sa_mask[0]=11111111011111111101111111111110, sa_flags=SA_RESTART|SA_SIGINFO
SIGBUS: [libjvm.so+0xaba2a0], sa_mask[0]=11111111011111111101111111111110, sa_flags=SA_RESTART|SA_SIGINFO
SIGFPE: [libjvm.so+0x917710], sa_mask[0]=11111111011111111101111111111110, sa_flags=SA_RESTART|SA_SIGINFO
SIGPIPE: [libjvm.so+0x917710], sa_mask[0]=11111111011111111101111111111110, sa_flags=SA_RESTART|SA_SIGINFO
SIGXFSZ: [libjvm.so+0x917710], sa_mask[0]=11111111011111111101111111111110, sa_flags=SA_RESTART|SA_SIGINFO
SIGILL: [libjvm.so+0x917710], sa_mask[0]=11111111011111111101111111111110, sa_flags=SA_RESTART|SA_SIGINFO
SIGUSR1: SIG_DFL, sa_mask[0]=00000000000000000000000000000000, sa_flags=none
SIGUSR2: [libjvm.so+0x918d40], sa_mask[0]=00100000000000000000000000000000, sa_flags=SA_RESTART|SA_SIGINFO
SIGHUP: [libjvm.so+0x91a140], sa_mask[0]=11111111011111111101111111111110, sa_flags=SA_RESTART|SA_SIGINFO
SIGINT: [libjvm.so+0x91a140], sa_mask[0]=11111111011111111101111111111110, sa_flags=SA_RESTART|SA_SIGINFO
SIGTERM: [libjvm.so+0x91a140], sa_mask[0]=11111111011111111101111111111110, sa_flags=SA_RESTART|SA_SIGINFO
SIGQUIT: [libjvm.so+0x91a140], sa_mask[0]=11111111011111111101111111111110, sa_flags=SA_RESTART|SA_SIGINFO


---------------  S Y S T E M  ---------------

OS:DISTRIB_ID=Ubuntu
DISTRIB_RELEASE=15.10
DISTRIB_CODENAME=wily
DISTRIB_DESCRIPTION="Ubuntu 15.10"

uname:Linux 4.2.0-36-generic #42-Ubuntu SMP Thu May 12 22:05:35 UTC 2016 x86_64
libc:glibc 2.21 NPTL 2.21 
rlimit: STACK 8192k, CORE 0k, NPROC 15268, NOFILE 65536, AS infinity
load average:13.42 4.12 1.76

/proc/meminfo:
MemTotal:        3945428 kB
MemFree:           30476 kB
MemAvailable:      65040 kB
Buffers:            1236 kB
Cached:           344836 kB
SwapCached:         3604 kB
Active:          2670132 kB
Inactive:        1051356 kB
Active(anon):    2656492 kB
Inactive(anon):  1040032 kB
Active(file):      13640 kB
Inactive(file):    11324 kB
Unevictable:         264 kB
Mlocked:             264 kB
SwapTotal:        976892 kB
SwapFree:              0 kB
Dirty:               692 kB
Writeback:             0 kB
AnonPages:       3373432 kB
Mapped:           181576 kB
Shmem:            320456 kB
Slab:              83764 kB
SReclaimable:      38952 kB
SUnreclaim:        44812 kB
KernelStack:       13568 kB
PageTables:        55928 kB
NFS_Unstable:          0 kB
Bounce:                0 kB
WritebackTmp:          0 kB
CommitLimit:     2949604 kB
Committed_AS:   10530148 kB
VmallocTotal:   34359738367 kB
VmallocUsed:      352356 kB
VmallocChunk:   34358945788 kB
HardwareCorrupted:     0 kB
AnonHugePages:   1370112 kB
CmaTotal:              0 kB
CmaFree:               0 kB
HugePages_Total:       0
HugePages_Free:        0
HugePages_Rsvd:        0
HugePages_Surp:        0
Hugepagesize:       2048 kB
DirectMap4k:      183328 kB
DirectMap2M:     3911680 kB


CPU:total 4 (2 cores per cpu, 2 threads per core) family 6 model 42 stepping 7, cmov, cx8, fxsr, mmx, sse, sse2, sse3, ssse3, sse4.1, sse4.2, popcnt, avx, aes, clmul, ht, tsc, tscinvbit

/proc/cpuinfo:
processor	: 0
vendor_id	: GenuineIntel
cpu family	: 6
model		: 42
model name	: Intel(R) Core(TM) i5-2467M CPU @ 1.60GHz
stepping	: 7
microcode	: 0x1a
cpu MHz		: 1999.937
cache size	: 3072 KB
physical id	: 0
siblings	: 4
core id		: 0
cpu cores	: 2
apicid		: 0
initial apicid	: 0
fpu		: yes
fpu_exception	: yes
cpuid level	: 13
wp		: yes
flags		: fpu vme de pse tsc msr pae mce cx8 apic sep mtrr pge mca cmov pat pse36 clflush dts acpi mmx fxsr sse sse2 ss ht tm pbe syscall nx rdtscp lm constant_tsc arch_perfmon pebs bts rep_good nopl xtopology nonstop_tsc aperfmperf eagerfpu pni pclmulqdq dtes64 monitor ds_cpl vmx est tm2 ssse3 cx16 xtpr pdcm pcid sse4_1 sse4_2 x2apic popcnt tsc_deadline_timer aes xsave avx lahf_lm ida arat epb pln pts dtherm tpr_shadow vnmi flexpriority ept vpid xsaveopt
bugs		:
bogomips	: 3192.82
clflush size	: 64
cache_alignment	: 64
address sizes	: 36 bits physical, 48 bits virtual
power management:

processor	: 1
vendor_id	: GenuineIntel
cpu family	: 6
model		: 42
model name	: Intel(R) Core(TM) i5-2467M CPU @ 1.60GHz
stepping	: 7
microcode	: 0x1a
cpu MHz		: 1999.937
cache size	: 3072 KB
physical id	: 0
siblings	: 4
core id		: 1
cpu cores	: 2
apicid		: 2
initial apicid	: 2
fpu		: yes
fpu_exception	: yes
cpuid level	: 13
wp		: yes
flags		: fpu vme de pse tsc msr pae mce cx8 apic sep mtrr pge mca cmov pat pse36 clflush dts acpi mmx fxsr sse sse2 ss ht tm pbe syscall nx rdtscp lm constant_tsc arch_perfmon pebs bts rep_good nopl xtopology nonstop_tsc aperfmperf eagerfpu pni pclmulqdq dtes64 monitor ds_cpl vmx est tm2 ssse3 cx16 xtpr pdcm pcid sse4_1 sse4_2 x2apic popcnt tsc_deadline_timer aes xsave avx lahf_lm ida arat epb pln pts dtherm tpr_shadow vnmi flexpriority ept vpid xsaveopt
bugs		:
bogomips	: 3192.82
clflush size	: 64
cache_alignment	: 64
address sizes	: 36 bits physical, 48 bits virtual
power management:

processor	: 2
vendor_id	: GenuineIntel
cpu family	: 6
model		: 42
model name	: Intel(R) Core(TM) i5-2467M CPU @ 1.60GHz
stepping	: 7
microcode	: 0x1a
cpu MHz		: 2000.000
cache size	: 3072 KB
physical id	: 0
siblings	: 4
core id		: 0
cpu cores	: 2
apicid		: 1
initial apicid	: 1
fpu		: yes
fpu_exception	: yes
cpuid level	: 13
wp		: yes
flags		: fpu vme de pse tsc msr pae mce cx8 apic sep mtrr pge mca cmov pat pse36 clflush dts acpi mmx fxsr sse sse2 ss ht tm pbe syscall nx rdtscp lm constant_tsc arch_perfmon pebs bts rep_good nopl xtopology nonstop_tsc aperfmperf eagerfpu pni pclmulqdq dtes64 monitor ds_cpl vmx est tm2 ssse3 cx16 xtpr pdcm pcid sse4_1 sse4_2 x2apic popcnt tsc_deadline_timer aes xsave avx lahf_lm ida arat epb pln pts dtherm tpr_shadow vnmi flexpriority ept vpid xsaveopt
bugs		:
bogomips	: 3192.82
clflush size	: 64
cache_alignment	: 64
address sizes	: 36 bits physical, 48 bits virtual
power management:

processor	: 3
vendor_id	: GenuineIntel
cpu family	: 6
model		: 42
model name	: Intel(R) Core(TM) i5-2467M CPU @ 1.60GHz
stepping	: 7
microcode	: 0x1a
cpu MHz		: 2000.000
cache size	: 3072 KB
physical id	: 0
siblings	: 4
core id		: 1
cpu cores	: 2
apicid		: 3
initial apicid	: 3
fpu		: yes
fpu_exception	: yes
cpuid level	: 13
wp		: yes
flags		: fpu vme de pse tsc msr pae mce cx8 apic sep mtrr pge mca cmov pat pse36 clflush dts acpi mmx fxsr sse sse2 ss ht tm pbe syscall nx rdtscp lm constant_tsc arch_perfmon pebs bts rep_good nopl xtopology nonstop_tsc aperfmperf eagerfpu pni pclmulqdq dtes64 monitor ds_cpl vmx est tm2 ssse3 cx16 xtpr pdcm pcid sse4_1 sse4_2 x2apic popcnt tsc_deadline_timer aes xsave avx lahf_lm ida arat epb pln pts dtherm tpr_shadow vnmi flexpriority ept vpid xsaveopt
bugs		:
bogomips	: 3192.82
clflush size	: 64
cache_alignment	: 64
address sizes	: 36 bits physical, 48 bits virtual
power management:



Memory: 4k page, physical 3945428k(30840k free), swap 976892k(0k free)

vm_info: Java HotSpot(TM) 64-Bit Server VM (25.66-b17) for linux-amd64 JRE (1.8.0_66-b17), built on Oct  6 2015 17:28:34 by "java_re" with gcc 4.3.0 20080428 (Red Hat 4.3.0-8)

time: Sun Jun 12 19:32:30 2016
elapsed time: 17 seconds (0d 0h 0m 17s)

