#
# There is insufficient memory for the Java Runtime Environment to continue.
# Native memory allocation (mmap) failed to map 161480704 bytes for committing reserved memory.
# Possible reasons:
#   The system is out of physical RAM or swap space
#   In 32 bit mode, the process size limit was hit
# Possible solutions:
#   Reduce memory load on the system
#   Increase physical memory or swap space
#   Check if swap backing store is full
#   Use 64 bit Java on a 64 bit OS
#   Decrease Java heap size (-Xmx/-Xms)
#   Decrease number of Java threads
#   Decrease Java thread stack sizes (-Xss)
#   Set larger code cache with -XX:ReservedCodeCacheSize=
# This output file may be truncated or incomplete.
#
#  Out of Memory Error (os_linux.cpp:2627), pid=10623, tid=140029560809216
#
# JRE version: Java(TM) SE Runtime Environment (8.0_66-b17) (build 1.8.0_66-b17)
# Java VM: Java HotSpot(TM) 64-Bit Server VM (25.66-b17 mixed mode linux-amd64 compressed oops)
# Failed to write core dump. Core dumps have been disabled. To enable core dumping, try "ulimit -c unlimited" before starting Java again
#

---------------  T H R E A D  ---------------

Current thread (0x00007f5b40078000):  VMThread [stack: 0x00007f5b2c2ae000,0x00007f5b2c3af000] [id=10651]

Stack: [0x00007f5b2c2ae000,0x00007f5b2c3af000],  sp=0x00007f5b2c3ad1a0,  free space=1020k
Native frames: (J=compiled Java code, j=interpreted, Vv=VM code, C=native code)
V  [libjvm.so+0xab9a1a]  VMError::report_and_die()+0x2ba
V  [libjvm.so+0x4f9e0b]  report_vm_out_of_memory(char const*, int, unsigned long, VMErrorType, char const*)+0x8b
V  [libjvm.so+0x91a8a3]  os::Linux::commit_memory_impl(char*, unsigned long, bool)+0x103
V  [libjvm.so+0x91adf9]  os::pd_commit_memory(char*, unsigned long, unsigned long, bool)+0x29
V  [libjvm.so+0x91510a]  os::commit_memory(char*, unsigned long, unsigned long, bool)+0x2a
V  [libjvm.so+0x9887a3]  PSVirtualSpace::expand_by(unsigned long)+0x53
V  [libjvm.so+0x989ba8]  PSYoungGen::resize_generation(unsigned long, unsigned long)+0xf8
V  [libjvm.so+0x988d02]  PSYoungGen::resize(unsigned long, unsigned long)+0x22
V  [libjvm.so+0x985fdb]  PSScavenge::invoke_no_policy()+0xf3b
V  [libjvm.so+0x986761]  PSScavenge::invoke()+0x41
V  [libjvm.so+0x93e500]  ParallelScavengeHeap::failed_mem_allocate(unsigned long)+0x70
V  [libjvm.so+0xabb437]  VM_ParallelGCFailedAllocation::doit()+0x97
V  [libjvm.so+0xac2e65]  VM_Operation::evaluate()+0x55
V  [libjvm.so+0xac123a]  VMThread::evaluate_operation(VM_Operation*)+0xba
V  [libjvm.so+0xac15fd]  VMThread::loop()+0x20d
V  [libjvm.so+0xac1a30]  VMThread::run()+0x70
V  [libjvm.so+0x91cc68]  java_start(Thread*)+0x108

VM_Operation (0x00007f5b1700cc20): ParallelGCFailedAllocation, mode: safepoint, requested by thread 0x00007f5b4013f000


---------------  P R O C E S S  ---------------

Java Threads: ( => current thread )
  0x00007f5b40140800 JavaThread "pool-1-thread-4" [_thread_blocked, id=10685, stack(0x00007f5b16e0d000,0x00007f5b16f0e000)]
  0x00007f5b4013f000 JavaThread "pool-1-thread-3" [_thread_blocked, id=10684, stack(0x00007f5b16f0e000,0x00007f5b1700f000)]
  0x00007f5b4013c800 JavaThread "pool-1-thread-2" [_thread_blocked, id=10678, stack(0x00007f5b1700f000,0x00007f5b17110000)]
  0x00007f5b4013b000 JavaThread "pool-2-thread-1" [_thread_blocked, id=10677, stack(0x00007f5b17110000,0x00007f5b17211000)]
  0x00007f5b40139000 JavaThread "pool-1-thread-1" [_thread_blocked, id=10676, stack(0x00007f5b17211000,0x00007f5b17312000)]
  0x00007f5b400c1000 JavaThread "Service Thread" daemon [_thread_blocked, id=10672, stack(0x00007f5b17413000,0x00007f5b17514000)]
  0x00007f5b400bc000 JavaThread "C1 CompilerThread2" daemon [_thread_blocked, id=10666, stack(0x00007f5b17514000,0x00007f5b17615000)]
  0x00007f5b400ba000 JavaThread "C2 CompilerThread1" daemon [_thread_blocked, id=10663, stack(0x00007f5b17615000,0x00007f5b17716000)]
  0x00007f5b400b7000 JavaThread "C2 CompilerThread0" daemon [_thread_blocked, id=10660, stack(0x00007f5b17716000,0x00007f5b17817000)]
  0x00007f5b400b5800 JavaThread "Signal Dispatcher" daemon [_thread_blocked, id=10659, stack(0x00007f5b17817000,0x00007f5b17918000)]
  0x00007f5b4007f800 JavaThread "Finalizer" daemon [_thread_blocked, id=10657, stack(0x00007f5b2c0ac000,0x00007f5b2c1ad000)]
  0x00007f5b4007d000 JavaThread "Reference Handler" daemon [_thread_blocked, id=10652, stack(0x00007f5b2c1ad000,0x00007f5b2c2ae000)]
  0x00007f5b4000a000 JavaThread "main" [_thread_blocked, id=10635, stack(0x00007f5b4694c000,0x00007f5b46a4d000)]

Other Threads:
=>0x00007f5b40078000 VMThread [stack: 0x00007f5b2c2ae000,0x00007f5b2c3af000] [id=10651]
  0x00007f5b400c4000 WatcherThread [stack: 0x00007f5b17312000,0x00007f5b17413000] [id=10673]

VM state:at safepoint (normal execution)

VM Mutex/Monitor currently owned by a thread:  ([mutex/lock_event])
[0x00007f5b40006430] Threads_lock - owner thread: 0x00007f5b40078000
[0x00007f5b40006930] Heap_lock - owner thread: 0x00007f5b4013f000

Heap:
 PSYoungGen      total 139264K, used 14321K [0x00000000eab00000, 0x00000000f4300000, 0x0000000100000000)
  eden space 124928K, 0% used [0x00000000eab00000,0x00000000eab00000,0x00000000f2500000)
  from space 14336K, 99% used [0x00000000f2500000,0x00000000f32fc658,0x00000000f3300000)
  to   space 12288K, 0% used [0x00000000f3300000,0x00000000f3300000,0x00000000f3f00000)
 ParOldGen       total 53760K, used 53540K [0x00000000c0000000, 0x00000000c3480000, 0x00000000eab00000)
  object space 53760K, 99% used [0x00000000c0000000,0x00000000c3449338,0x00000000c3480000)
 Metaspace       used 5807K, capacity 6960K, committed 7040K, reserved 1056768K
  class space    used 571K, capacity 616K, committed 640K, reserved 1048576K

Card table byte_map: [0x00007f5b3040b000,0x00007f5b3060c000] byte_map_base: 0x00007f5b2fe0b000

Marking Bits: (ParMarkBitMap*) 0x00007f5b45e25020
 Begin Bits: [0x00007f5b2dfb2000, 0x00007f5b2efb2000)
 End Bits:   [0x00007f5b2efb2000, 0x00007f5b2ffb2000)

Polling page: 0x00007f5b46a72000

CodeCache: size=245760Kb used=6317Kb max_used=6317Kb free=239442Kb
 bounds [0x00007f5b309cc000, 0x00007f5b3100c000, 0x00007f5b3f9cc000]
 total_blobs=1755 nmethods=1494 adapters=175
 compilation: enabled

Compilation events (10 events):
Event: 17.768 Thread 0x00007f5b400bc000 nmethod 1865 0x00007f5b30fac050 code [0x00007f5b30fac1a0, 0x00007f5b30fac350]
Event: 17.772 Thread 0x00007f5b400bc000 1878 %     3       com.android.dx.ssa.DomFront::calcDomFronts @ 10 (154 bytes)
Event: 17.774 Thread 0x00007f5b400bc000 nmethod 1878% 0x00007f5b30faa8d0 code [0x00007f5b30faab20, 0x00007f5b30fab728]
Event: 17.774 Thread 0x00007f5b400bc000 1877       3       com.android.dx.ssa.DomFront::run (264 bytes)
Event: 17.780 Thread 0x00007f5b400bc000 nmethod 1877 0x00007f5b30fee390 code [0x00007f5b30fee940, 0x00007f5b30ff21d8]
Event: 17.780 Thread 0x00007f5b400bc000 1884 %     3       com.android.dx.ssa.SsaConverter::placePhiFunctions @ 131 (394 bytes)
Event: 17.787 Thread 0x00007f5b400bc000 nmethod 1884% 0x00007f5b30ff41d0 code [0x00007f5b30ff4760, 0x00007f5b30ff7e68]
Event: 17.787 Thread 0x00007f5b400bc000 1883 %     3       com.android.dx.ssa.DomFront::calcDomFronts @ 67 (154 bytes)
Event: 17.796 Thread 0x00007f5b400bc000 nmethod 1883% 0x00007f5b30ffb750 code [0x00007f5b30ffb9a0, 0x00007f5b30ffc6a8]
Event: 17.796 Thread 0x00007f5b400bc000 1891       3       com.android.dx.ssa.SsaConverter::placePhiFunctions (394 bytes)

GC Heap History (10 events):
Event: 2.962 GC heap after
Heap after GC invocations=2 (full 0):
 PSYoungGen      total 34304K, used 2536K [0x00000000eab00000, 0x00000000ecf00000, 0x0000000100000000)
  eden space 31744K, 0% used [0x00000000eab00000,0x00000000eab00000,0x00000000eca00000)
  from space 2560K, 99% used [0x00000000ecc80000,0x00000000ecefa1b8,0x00000000ecf00000)
  to   space 2560K, 0% used [0x00000000eca00000,0x00000000eca00000,0x00000000ecc80000)
 ParOldGen       total 42496K, used 4269K [0x00000000c0000000, 0x00000000c2980000, 0x00000000eab00000)
  object space 42496K, 10% used [0x00000000c0000000,0x00000000c042b668,0x00000000c2980000)
 Metaspace       used 5451K, capacity 6704K, committed 6784K, reserved 1056768K
  class space    used 565K, capacity 616K, committed 640K, reserved 1048576K
}
Event: 4.374 GC heap before
{Heap before GC invocations=3 (full 0):
 PSYoungGen      total 34304K, used 34280K [0x00000000eab00000, 0x00000000ecf00000, 0x0000000100000000)
  eden space 31744K, 100% used [0x00000000eab00000,0x00000000eca00000,0x00000000eca00000)
  from space 2560K, 99% used [0x00000000ecc80000,0x00000000ecefa1b8,0x00000000ecf00000)
  to   space 2560K, 0% used [0x00000000eca00000,0x00000000eca00000,0x00000000ecc80000)
 ParOldGen       total 42496K, used 4269K [0x00000000c0000000, 0x00000000c2980000, 0x00000000eab00000)
  object space 42496K, 10% used [0x00000000c0000000,0x00000000c042b668,0x00000000c2980000)
 Metaspace       used 5580K, capacity 6832K, committed 7040K, reserved 1056768K
  class space    used 570K, capacity 616K, committed 640K, reserved 1048576K
Event: 4.469 GC heap after
Heap after GC invocations=3 (full 0):
 PSYoungGen      total 34304K, used 2540K [0x00000000eab00000, 0x00000000eee00000, 0x0000000100000000)
  eden space 31744K, 0% used [0x00000000eab00000,0x00000000eab00000,0x00000000eca00000)
  from space 2560K, 99% used [0x00000000eca00000,0x00000000ecc7b0f0,0x00000000ecc80000)
  to   space 2560K, 0% used [0x00000000eeb80000,0x00000000eeb80000,0x00000000eee00000)
 ParOldGen       total 42496K, used 9100K [0x00000000c0000000, 0x00000000c2980000, 0x00000000eab00000)
  object space 42496K, 21% used [0x00000000c0000000,0x00000000c08e3378,0x00000000c2980000)
 Metaspace       used 5580K, capacity 6832K, committed 7040K, reserved 1056768K
  class space    used 570K, capacity 616K, committed 640K, reserved 1048576K
}
Event: 5.280 GC heap before
{Heap before GC invocations=4 (full 0):
 PSYoungGen      total 34304K, used 34284K [0x00000000eab00000, 0x00000000eee00000, 0x0000000100000000)
  eden space 31744K, 100% used [0x00000000eab00000,0x00000000eca00000,0x00000000eca00000)
  from space 2560K, 99% used [0x00000000eca00000,0x00000000ecc7b0f0,0x00000000ecc80000)
  to   space 2560K, 0% used [0x00000000eeb80000,0x00000000eeb80000,0x00000000eee00000)
 ParOldGen       total 42496K, used 9100K [0x00000000c0000000, 0x00000000c2980000, 0x00000000eab00000)
  object space 42496K, 21% used [0x00000000c0000000,0x00000000c08e3378,0x00000000c2980000)
 Metaspace       used 5612K, capacity 6832K, committed 7040K, reserved 1056768K
  class space    used 571K, capacity 616K, committed 640K, reserved 1048576K
Event: 5.365 GC heap after
Heap after GC invocations=4 (full 0):
 PSYoungGen      total 66048K, used 2540K [0x00000000eab00000, 0x00000000eee00000, 0x0000000100000000)
  eden space 63488K, 0% used [0x00000000eab00000,0x00000000eab00000,0x00000000ee900000)
  from space 2560K, 99% used [0x00000000eeb80000,0x00000000eedfb0f0,0x00000000eee00000)
  to   space 2560K, 0% used [0x00000000ee900000,0x00000000ee900000,0x00000000eeb80000)
 ParOldGen       total 42496K, used 14136K [0x00000000c0000000, 0x00000000c2980000, 0x00000000eab00000)
  object space 42496K, 33% used [0x00000000c0000000,0x00000000c0dce0d8,0x00000000c2980000)
 Metaspace       used 5612K, capacity 6832K, committed 7040K, reserved 1056768K
  class space    used 571K, capacity 616K, committed 640K, reserved 1048576K
}
Event: 9.475 GC heap before
{Heap before GC invocations=5 (full 0):
 PSYoungGen      total 66048K, used 66028K [0x00000000eab00000, 0x00000000eee00000, 0x0000000100000000)
  eden space 63488K, 100% used [0x00000000eab00000,0x00000000ee900000,0x00000000ee900000)
  from space 2560K, 99% used [0x00000000eeb80000,0x00000000eedfb0f0,0x00000000eee00000)
  to   space 2560K, 0% used [0x00000000ee900000,0x00000000ee900000,0x00000000eeb80000)
 ParOldGen       total 42496K, used 14136K [0x00000000c0000000, 0x00000000c2980000, 0x00000000eab00000)
  object space 42496K, 33% used [0x00000000c0000000,0x00000000c0dce0d8,0x00000000c2980000)
 Metaspace       used 5690K, capacity 6896K, committed 7040K, reserved 1056768K
  class space    used 571K, capacity 616K, committed 640K, reserved 1048576K
Event: 9.606 GC heap after
Heap after GC invocations=5 (full 0):
 PSYoungGen      total 66048K, used 2552K [0x00000000eab00000, 0x00000000f3f00000, 0x0000000100000000)
  eden space 63488K, 0% used [0x00000000eab00000,0x00000000eab00000,0x00000000ee900000)
  from space 2560K, 99% used [0x00000000ee900000,0x00000000eeb7e3f8,0x00000000eeb80000)
  to   space 12288K, 0% used [0x00000000f3300000,0x00000000f3300000,0x00000000f3f00000)
 ParOldGen       total 42496K, used 23054K [0x00000000c0000000, 0x00000000c2980000, 0x00000000eab00000)
  object space 42496K, 54% used [0x00000000c0000000,0x00000000c1683a60,0x00000000c2980000)
 Metaspace       used 5690K, capacity 6896K, committed 7040K, reserved 1056768K
  class space    used 571K, capacity 616K, committed 640K, reserved 1048576K
}
Event: 10.603 GC heap before
{Heap before GC invocations=6 (full 0):
 PSYoungGen      total 66048K, used 66040K [0x00000000eab00000, 0x00000000f3f00000, 0x0000000100000000)
  eden space 63488K, 100% used [0x00000000eab00000,0x00000000ee900000,0x00000000ee900000)
  from space 2560K, 99% used [0x00000000ee900000,0x00000000eeb7e3f8,0x00000000eeb80000)
  to   space 12288K, 0% used [0x00000000f3300000,0x00000000f3300000,0x00000000f3f00000)
 ParOldGen       total 42496K, used 23054K [0x00000000c0000000, 0x00000000c2980000, 0x00000000eab00000)
  object space 42496K, 54% used [0x00000000c0000000,0x00000000c1683a60,0x00000000c2980000)
 Metaspace       used 5741K, capacity 6960K, committed 7040K, reserved 1056768K
  class space    used 571K, capacity 616K, committed 640K, reserved 1048576K
Event: 10.769 GC heap after
Heap after GC invocations=6 (full 0):
 PSYoungGen      total 137216K, used 12253K [0x00000000eab00000, 0x00000000f4300000, 0x0000000100000000)
  eden space 124928K, 0% used [0x00000000eab00000,0x00000000eab00000,0x00000000f2500000)
  from space 12288K, 99% used [0x00000000f3300000,0x00000000f3ef7700,0x00000000f3f00000)
  to   space 14336K, 0% used [0x00000000f2500000,0x00000000f2500000,0x00000000f3300000)
 ParOldGen       total 42496K, used 23054K [0x00000000c0000000, 0x00000000c2980000, 0x00000000eab00000)
  object space 42496K, 54% used [0x00000000c0000000,0x00000000c1683a60,0x00000000c2980000)
 Metaspace       used 5741K, capacity 6960K, committed 7040K, reserved 1056768K
  class space    used 571K, capacity 616K, committed 640K, reserved 1048576K
}
Event: 17.819 GC heap before
{Heap before GC invocations=7 (full 0):
 PSYoungGen      total 137216K, used 137181K [0x00000000eab00000, 0x00000000f4300000, 0x0000000100000000)
  eden space 124928K, 100% used [0x00000000eab00000,0x00000000f2500000,0x00000000f2500000)
  from space 12288K, 99% used [0x00000000f3300000,0x00000000f3ef7700,0x00000000f3f00000)
  to   space 14336K, 0% used [0x00000000f2500000,0x00000000f2500000,0x00000000f3300000)
 ParOldGen       total 42496K, used 23054K [0x00000000c0000000, 0x00000000c2980000, 0x00000000eab00000)
  object space 42496K, 54% used [0x00000000c0000000,0x00000000c1683a60,0x00000000c2980000)
 Metaspace       used 5807K, capacity 6960K, committed 7040K, reserved 1056768K
  class space    used 571K, capacity 616K, committed 640K, reserved 1048576K

Deoptimization events (10 events):
Event: 3.318 Thread 0x00007f5b40140800 Uncommon trap: reason=unloaded action=reinterpret pc=0x00007f5b30c6d8e8 method=com.android.dx.ssa.SsaRenamer$BlockRenamer.visitMoveInsn(Lcom/android/dx/ssa/NormalSsaInsn;)V @ 208
Event: 3.318 Thread 0x00007f5b40140800 Uncommon trap: reason=null_check action=make_not_entrant pc=0x00007f5b30c3bf5c method=com.android.dx.ssa.SsaRenamer.getLocalForNewReg(I)Lcom/android/dx/rop/code/LocalItem; @ 19
Event: 3.319 Thread 0x00007f5b40140800 Uncommon trap: reason=unstable_if action=reinterpret pc=0x00007f5b30c64010 method=com.android.dx.ssa.NormalSsaInsn.getLocalAssignment()Lcom/android/dx/rop/code/RegisterSpec; @ 12
Event: 3.422 Thread 0x00007f5b40139000 Uncommon trap: reason=unstable_if action=reinterpret pc=0x00007f5b30bb9978 method=java.util.BitSet.ensureCapacity(I)V @ 6
Event: 3.487 Thread 0x00007f5b40139000 Uncommon trap: reason=unstable_if action=reinterpret pc=0x00007f5b30ca8698 method=com.android.dx.rop.code.RegisterSpec.equals(ILcom/android/dx/rop/type/TypeBearer;Lcom/android/dx/rop/code/LocalItem;)Z @ 16
Event: 3.487 Thread 0x00007f5b4013f000 Uncommon trap: reason=unstable_if action=reinterpret pc=0x00007f5b30bb756c method=com.android.dx.rop.code.RegisterSpec.equals(ILcom/android/dx/rop/type/TypeBearer;Lcom/android/dx/rop/code/LocalItem;)Z @ 24
Event: 4.113 Thread 0x00007f5b4013c800 Uncommon trap: reason=unstable_if action=reinterpret pc=0x00007f5b30ce731c method=com.android.dx.rop.cst.Constant.compareTo(Lcom/android/dx/rop/cst/Constant;)I @ 12
Event: 5.901 Thread 0x00007f5b40140800 Uncommon trap: reason=unstable_if action=reinterpret pc=0x00007f5b30dc7434 method=com.android.dx.ssa.SsaRenamer$BlockRenamer.addMapping(ILcom/android/dx/rop/code/RegisterSpec;)V @ 120
Event: 9.376 Thread 0x00007f5b4000a000 Uncommon trap: reason=class_check action=maybe_recompile pc=0x00007f5b30d6c8b0 method=java.util.HashMap.putVal(ILjava/lang/Object;Ljava/lang/Object;ZZ)Ljava/lang/Object; @ 203
Event: 11.650 Thread 0x00007f5b40139000 Uncommon trap: reason=unstable_if action=reinterpret pc=0x00007f5b30e6fb58 method=com.android.dx.ssa.SCCP.simulateStmt(Lcom/android/dx/ssa/SsaInsn;)V @ 59

Internal exceptions (3 events):
Event: 0.233 Thread 0x00007f5b4000a000 Exception <a 'java/lang/NoSuchMethodError': Method sun.misc.Unsafe.defineClass(Ljava/lang/String;[BII)Ljava/lang/Class; name or signature does not match> (0x00000000eab12b90) thrown at [/HUDSON/workspace/8-2-build-linux-amd64/jdk8u66/4988/hotspot/src/shar
Event: 0.233 Thread 0x00007f5b4000a000 Exception <a 'java/lang/NoSuchMethodError': Method sun.misc.Unsafe.prefetchRead(Ljava/lang/Object;J)V name or signature does not match> (0x00000000eab12e78) thrown at [/HUDSON/workspace/8-2-build-linux-amd64/jdk8u66/4988/hotspot/src/share/vm/prims/jni.cpp
Event: 3.318 Thread 0x00007f5b40140800 Implicit null exception at 0x00007f5b30c3a43c to 0x00007f5b30c3bf3d

Events (10 events):
Event: 17.760 Thread 0x00007f5b40139000 DEOPT UNPACKING pc=0x00007f5b30a13633 sp=0x00007f5b1730feb8 mode 0
Event: 17.768 Thread 0x00007f5b4013c800 DEOPT PACKING pc=0x00007f5b30ee3abe sp=0x00007f5b1710dff0
Event: 17.768 Thread 0x00007f5b4013c800 DEOPT UNPACKING pc=0x00007f5b30a13633 sp=0x00007f5b1710de18 mode 0
Event: 17.778 Thread 0x00007f5b4013c800 DEOPT PACKING pc=0x00007f5b30ee5a24 sp=0x00007f5b1710e130
Event: 17.778 Thread 0x00007f5b4013c800 DEOPT UNPACKING pc=0x00007f5b30a13633 sp=0x00007f5b1710df98 mode 0
Event: 17.788 Thread 0x00007f5b40140800 DEOPT PACKING pc=0x00007f5b30ee5a24 sp=0x00007f5b16f0be30
Event: 17.788 Thread 0x00007f5b40140800 DEOPT UNPACKING pc=0x00007f5b30a13633 sp=0x00007f5b16f0bc98 mode 0
Event: 17.797 loading class com/android/dx/util/ListIntSet$1
Event: 17.797 loading class com/android/dx/util/ListIntSet$1 done
Event: 17.800 Executing VM operation: RevokeBias


Dynamic libraries:
00400000-00401000 r-xp 00000000 08:06 2375596                            /usr/lib/jvm/java-8-oracle/bin/java
00600000-00601000 rw-p 00000000 08:06 2375596                            /usr/lib/jvm/java-8-oracle/bin/java
01be2000-01c03000 rw-p 00000000 00:00 0                                  [heap]
c0000000-c3480000 rw-p 00000000 00:00 0 
c3480000-eab00000 ---p 00000000 00:00 0 
eab00000-f4300000 rw-p 00000000 00:00 0 
fdd00000-100000000 ---p 00000000 00:00 0 
100000000-1000a0000 rw-p 00000000 00:00 0 
1000a0000-140000000 ---p 00000000 00:00 0 
7f5ae0000000-7f5ae0021000 rw-p 00000000 00:00 0 
7f5ae0021000-7f5ae4000000 ---p 00000000 00:00 0 
7f5ae4000000-7f5ae402d000 rw-p 00000000 00:00 0 
7f5ae402d000-7f5ae8000000 ---p 00000000 00:00 0 
7f5ae8000000-7f5ae8035000 rw-p 00000000 00:00 0 
7f5ae8035000-7f5aec000000 ---p 00000000 00:00 0 
7f5aec000000-7f5aec047000 rw-p 00000000 00:00 0 
7f5aec047000-7f5af0000000 ---p 00000000 00:00 0 
7f5af0000000-7f5af0021000 rw-p 00000000 00:00 0 
7f5af0021000-7f5af4000000 ---p 00000000 00:00 0 
7f5af4000000-7f5af4021000 rw-p 00000000 00:00 0 
7f5af4021000-7f5af8000000 ---p 00000000 00:00 0 
7f5af8000000-7f5af89b8000 rw-p 00000000 00:00 0 
7f5af89b8000-7f5afc000000 ---p 00000000 00:00 0 
7f5afc000000-7f5afc021000 rw-p 00000000 00:00 0 
7f5afc021000-7f5b00000000 ---p 00000000 00:00 0 
7f5b00000000-7f5b00e41000 rw-p 00000000 00:00 0 
7f5b00e41000-7f5b04000000 ---p 00000000 00:00 0 
7f5b04000000-7f5b04bd0000 rw-p 00000000 00:00 0 
7f5b04bd0000-7f5b08000000 ---p 00000000 00:00 0 
7f5b08000000-7f5b08021000 rw-p 00000000 00:00 0 
7f5b08021000-7f5b0c000000 ---p 00000000 00:00 0 
7f5b0c000000-7f5b0c021000 rw-p 00000000 00:00 0 
7f5b0c021000-7f5b10000000 ---p 00000000 00:00 0 
7f5b10000000-7f5b10021000 rw-p 00000000 00:00 0 
7f5b10021000-7f5b14000000 ---p 00000000 00:00 0 
7f5b16e0d000-7f5b16e10000 ---p 00000000 00:00 0 
7f5b16e10000-7f5b16f0e000 rw-p 00000000 00:00 0 
7f5b16f0e000-7f5b16f11000 ---p 00000000 00:00 0 
7f5b16f11000-7f5b1700f000 rw-p 00000000 00:00 0 
7f5b1700f000-7f5b17012000 ---p 00000000 00:00 0 
7f5b17012000-7f5b17110000 rw-p 00000000 00:00 0 
7f5b17110000-7f5b17113000 ---p 00000000 00:00 0 
7f5b17113000-7f5b17211000 rw-p 00000000 00:00 0 
7f5b17211000-7f5b17214000 ---p 00000000 00:00 0 
7f5b17214000-7f5b17312000 rw-p 00000000 00:00 0 
7f5b17312000-7f5b17313000 ---p 00000000 00:00 0 
7f5b17313000-7f5b17413000 rw-p 00000000 00:00 0 
7f5b17413000-7f5b17416000 ---p 00000000 00:00 0 
7f5b17416000-7f5b17514000 rw-p 00000000 00:00 0 
7f5b17514000-7f5b17517000 ---p 00000000 00:00 0 
7f5b17517000-7f5b17615000 rw-p 00000000 00:00 0 
7f5b17615000-7f5b17618000 ---p 00000000 00:00 0 
7f5b17618000-7f5b17716000 rw-p 00000000 00:00 0 
7f5b17716000-7f5b17719000 ---p 00000000 00:00 0 
7f5b17719000-7f5b17817000 rw-p 00000000 00:00 0 
7f5b17817000-7f5b1781a000 ---p 00000000 00:00 0 
7f5b1781a000-7f5b17918000 rw-p 00000000 00:00 0 
7f5b17918000-7f5b18000000 r--p 00000000 08:06 2106131                    /usr/lib/locale/locale-archive
7f5b18000000-7f5b18021000 rw-p 00000000 00:00 0 
7f5b18021000-7f5b1c000000 ---p 00000000 00:00 0 
7f5b1c000000-7f5b1c293000 rw-p 00000000 00:00 0 
7f5b1c293000-7f5b20000000 ---p 00000000 00:00 0 
7f5b20000000-7f5b20021000 rw-p 00000000 00:00 0 
7f5b20021000-7f5b24000000 ---p 00000000 00:00 0 
7f5b24000000-7f5b24021000 rw-p 00000000 00:00 0 
7f5b24021000-7f5b28000000 ---p 00000000 00:00 0 
7f5b28000000-7f5b28021000 rw-p 00000000 00:00 0 
7f5b28021000-7f5b2c000000 ---p 00000000 00:00 0 
7f5b2c09d000-7f5b2c0ac000 r--s 000df000 08:06 2100170                    /home/geng/Android/Sdk/build-tools/23.0.2/lib/dx.jar
7f5b2c0ac000-7f5b2c0af000 ---p 00000000 00:00 0 
7f5b2c0af000-7f5b2c1ad000 rw-p 00000000 00:00 0 
7f5b2c1ad000-7f5b2c1b0000 ---p 00000000 00:00 0 
7f5b2c1b0000-7f5b2c2ae000 rw-p 00000000 00:00 0 
7f5b2c2ae000-7f5b2c2af000 ---p 00000000 00:00 0 
7f5b2c2af000-7f5b2d363000 rw-p 00000000 00:00 0 
7f5b2d363000-7f5b2d53c000 r--s 03d20000 08:06 2242548                    /usr/lib/jvm/java-8-oracle/jre/lib/rt.jar
7f5b2d53c000-7f5b2dbf2000 rw-p 00000000 00:00 0 
7f5b2dbf2000-7f5b2ddb2000 ---p 00000000 00:00 0 
7f5b2ddb2000-7f5b2ffb2000 rw-p 00000000 00:00 0 
7f5b2ffb2000-7f5b2ffb3000 ---p 00000000 00:00 0 
7f5b2ffb3000-7f5b300b3000 rw-p 00000000 00:00 0 
7f5b300b3000-7f5b300b4000 ---p 00000000 00:00 0 
7f5b300b4000-7f5b301b4000 rw-p 00000000 00:00 0 
7f5b301b4000-7f5b301b5000 ---p 00000000 00:00 0 
7f5b301b5000-7f5b302d0000 rw-p 00000000 00:00 0 
7f5b302d0000-7f5b3040b000 ---p 00000000 00:00 0 
7f5b3040b000-7f5b30426000 rw-p 00000000 00:00 0 
7f5b30426000-7f5b30560000 ---p 00000000 00:00 0 
7f5b30560000-7f5b305ad000 rw-p 00000000 00:00 0 
7f5b305ad000-7f5b3060b000 ---p 00000000 00:00 0 
7f5b3060b000-7f5b30625000 rw-p 00000000 00:00 0 
7f5b30625000-7f5b309cc000 ---p 00000000 00:00 0 
7f5b309cc000-7f5b3100c000 rwxp 00000000 00:00 0 
7f5b3100c000-7f5b3f9cc000 ---p 00000000 00:00 0 
7f5b3f9cc000-7f5b3f9e6000 r-xp 00000000 08:06 2242601                    /usr/lib/jvm/java-8-oracle/jre/lib/amd64/libzip.so
7f5b3f9e6000-7f5b3fbe6000 ---p 0001a000 08:06 2242601                    /usr/lib/jvm/java-8-oracle/jre/lib/amd64/libzip.so
7f5b3fbe6000-7f5b3fbe7000 rw-p 0001a000 08:06 2242601                    /usr/lib/jvm/java-8-oracle/jre/lib/amd64/libzip.so
7f5b3fbe7000-7f5b3fbf3000 r-xp 00000000 08:06 660723                     /lib/x86_64-linux-gnu/libnss_files-2.21.so
7f5b3fbf3000-7f5b3fdf2000 ---p 0000c000 08:06 660723                     /lib/x86_64-linux-gnu/libnss_files-2.21.so
7f5b3fdf2000-7f5b3fdf3000 r--p 0000b000 08:06 660723                     /lib/x86_64-linux-gnu/libnss_files-2.21.so
7f5b3fdf3000-7f5b3fdf4000 rw-p 0000c000 08:06 660723                     /lib/x86_64-linux-gnu/libnss_files-2.21.so
7f5b3fdf4000-7f5b3fdff000 r-xp 00000000 08:06 662850                     /lib/x86_64-linux-gnu/libnss_nis-2.21.so
7f5b3fdff000-7f5b3fffe000 ---p 0000b000 08:06 662850                     /lib/x86_64-linux-gnu/libnss_nis-2.21.so
7f5b3fffe000-7f5b3ffff000 r--p 0000a000 08:06 662850                     /lib/x86_64-linux-gnu/libnss_nis-2.21.so
7f5b3ffff000-7f5b40000000 rw-p 0000b000 08:06 662850                     /lib/x86_64-linux-gnu/libnss_nis-2.21.so
7f5b40000000-7f5b403a7000 rw-p 00000000 00:00 0 
7f5b403a7000-7f5b44000000 ---p 00000000 00:00 0 
7f5b44007000-7f5b44008000 ---p 00000000 00:00 0 
7f5b44008000-7f5b44108000 rw-p 00000000 00:00 0 
7f5b44108000-7f5b4411f000 r-xp 00000000 08:06 662279                     /lib/x86_64-linux-gnu/libnsl-2.21.so
7f5b4411f000-7f5b4431e000 ---p 00017000 08:06 662279                     /lib/x86_64-linux-gnu/libnsl-2.21.so
7f5b4431e000-7f5b4431f000 r--p 00016000 08:06 662279                     /lib/x86_64-linux-gnu/libnsl-2.21.so
7f5b4431f000-7f5b44320000 rw-p 00017000 08:06 662279                     /lib/x86_64-linux-gnu/libnsl-2.21.so
7f5b44320000-7f5b44322000 rw-p 00000000 00:00 0 
7f5b44322000-7f5b4432a000 r-xp 00000000 08:06 660725                     /lib/x86_64-linux-gnu/libnss_compat-2.21.so
7f5b4432a000-7f5b44529000 ---p 00008000 08:06 660725                     /lib/x86_64-linux-gnu/libnss_compat-2.21.so
7f5b44529000-7f5b4452a000 r--p 00007000 08:06 660725                     /lib/x86_64-linux-gnu/libnss_compat-2.21.so
7f5b4452a000-7f5b4452b000 rw-p 00008000 08:06 660725                     /lib/x86_64-linux-gnu/libnss_compat-2.21.so
7f5b4452b000-7f5b44555000 r-xp 00000000 08:06 2242596                    /usr/lib/jvm/java-8-oracle/jre/lib/amd64/libjava.so
7f5b44555000-7f5b44755000 ---p 0002a000 08:06 2242596                    /usr/lib/jvm/java-8-oracle/jre/lib/amd64/libjava.so
7f5b44755000-7f5b44757000 rw-p 0002a000 08:06 2242596                    /usr/lib/jvm/java-8-oracle/jre/lib/amd64/libjava.so
7f5b44757000-7f5b44764000 r-xp 00000000 08:06 2242600                    /usr/lib/jvm/java-8-oracle/jre/lib/amd64/libverify.so
7f5b44764000-7f5b44964000 ---p 0000d000 08:06 2242600                    /usr/lib/jvm/java-8-oracle/jre/lib/amd64/libverify.so
7f5b44964000-7f5b44966000 rw-p 0000d000 08:06 2242600                    /usr/lib/jvm/java-8-oracle/jre/lib/amd64/libverify.so
7f5b44966000-7f5b4496d000 r-xp 00000000 08:06 659846                     /lib/x86_64-linux-gnu/librt-2.21.so
7f5b4496d000-7f5b44b6c000 ---p 00007000 08:06 659846                     /lib/x86_64-linux-gnu/librt-2.21.so
7f5b44b6c000-7f5b44b6d000 r--p 00006000 08:06 659846                     /lib/x86_64-linux-gnu/librt-2.21.so
7f5b44b6d000-7f5b44b6e000 rw-p 00007000 08:06 659846                     /lib/x86_64-linux-gnu/librt-2.21.so
7f5b44b6e000-7f5b44c75000 r-xp 00000000 08:06 662854                     /lib/x86_64-linux-gnu/libm-2.21.so
7f5b44c75000-7f5b44e74000 ---p 00107000 08:06 662854                     /lib/x86_64-linux-gnu/libm-2.21.so
7f5b44e74000-7f5b44e75000 r--p 00106000 08:06 662854                     /lib/x86_64-linux-gnu/libm-2.21.so
7f5b44e75000-7f5b44e76000 rw-p 00107000 08:06 662854                     /lib/x86_64-linux-gnu/libm-2.21.so
7f5b44e76000-7f5b45b34000 r-xp 00000000 08:06 2242621                    /usr/lib/jvm/java-8-oracle/jre/lib/amd64/server/libjvm.so
7f5b45b34000-7f5b45d33000 ---p 00cbe000 08:06 2242621                    /usr/lib/jvm/java-8-oracle/jre/lib/amd64/server/libjvm.so
7f5b45d33000-7f5b45e0c000 rw-p 00cbd000 08:06 2242621                    /usr/lib/jvm/java-8-oracle/jre/lib/amd64/server/libjvm.so
7f5b45e0c000-7f5b45e50000 rw-p 00000000 00:00 0 
7f5b45e50000-7f5b46010000 r-xp 00000000 08:06 662856                     /lib/x86_64-linux-gnu/libc-2.21.so
7f5b46010000-7f5b46210000 ---p 001c0000 08:06 662856                     /lib/x86_64-linux-gnu/libc-2.21.so
7f5b46210000-7f5b46214000 r--p 001c0000 08:06 662856                     /lib/x86_64-linux-gnu/libc-2.21.so
7f5b46214000-7f5b46216000 rw-p 001c4000 08:06 662856                     /lib/x86_64-linux-gnu/libc-2.21.so
7f5b46216000-7f5b4621a000 rw-p 00000000 00:00 0 
7f5b4621a000-7f5b4621d000 r-xp 00000000 08:06 662848                     /lib/x86_64-linux-gnu/libdl-2.21.so
7f5b4621d000-7f5b4641c000 ---p 00003000 08:06 662848                     /lib/x86_64-linux-gnu/libdl-2.21.so
7f5b4641c000-7f5b4641d000 r--p 00002000 08:06 662848                     /lib/x86_64-linux-gnu/libdl-2.21.so
7f5b4641d000-7f5b4641e000 rw-p 00003000 08:06 662848                     /lib/x86_64-linux-gnu/libdl-2.21.so
7f5b4641e000-7f5b46433000 r-xp 00000000 08:06 2257905                    /usr/lib/jvm/java-8-oracle/lib/amd64/jli/libjli.so
7f5b46433000-7f5b46633000 ---p 00015000 08:06 2257905                    /usr/lib/jvm/java-8-oracle/lib/amd64/jli/libjli.so
7f5b46633000-7f5b46634000 rw-p 00015000 08:06 2257905                    /usr/lib/jvm/java-8-oracle/lib/amd64/jli/libjli.so
7f5b46634000-7f5b4664c000 r-xp 00000000 08:06 660721                     /lib/x86_64-linux-gnu/libpthread-2.21.so
7f5b4664c000-7f5b4684c000 ---p 00018000 08:06 660721                     /lib/x86_64-linux-gnu/libpthread-2.21.so
7f5b4684c000-7f5b4684d000 r--p 00018000 08:06 660721                     /lib/x86_64-linux-gnu/libpthread-2.21.so
7f5b4684d000-7f5b4684e000 rw-p 00019000 08:06 660721                     /lib/x86_64-linux-gnu/libpthread-2.21.so
7f5b4684e000-7f5b46852000 rw-p 00000000 00:00 0 
7f5b46852000-7f5b46876000 r-xp 00000000 08:06 662553                     /lib/x86_64-linux-gnu/ld-2.21.so
7f5b4687a000-7f5b4694c000 rw-p 00000000 00:00 0 
7f5b4694c000-7f5b4694f000 ---p 00000000 00:00 0 
7f5b4694f000-7f5b46a51000 rw-p 00000000 00:00 0 
7f5b46a54000-7f5b46a69000 rw-p 00000000 00:00 0 
7f5b46a69000-7f5b46a71000 rw-s 00000000 08:06 1060573                    /tmp/hsperfdata_geng/10623
7f5b46a71000-7f5b46a72000 rw-p 00000000 00:00 0 
7f5b46a72000-7f5b46a73000 ---p 00000000 00:00 0 
7f5b46a73000-7f5b46a75000 rw-p 00000000 00:00 0 
7f5b46a75000-7f5b46a76000 r--p 00023000 08:06 662553                     /lib/x86_64-linux-gnu/ld-2.21.so
7f5b46a76000-7f5b46a77000 rw-p 00024000 08:06 662553                     /lib/x86_64-linux-gnu/ld-2.21.so
7f5b46a77000-7f5b46a78000 rw-p 00000000 00:00 0 
7fffd3f85000-7fffd3fa7000 rw-p 00000000 00:00 0                          [stack]
7fffd3fd5000-7fffd3fd7000 r--p 00000000 00:00 0                          [vvar]
7fffd3fd7000-7fffd3fd9000 r-xp 00000000 00:00 0                          [vdso]
ffffffffff600000-ffffffffff601000 r-xp 00000000 00:00 0                  [vsyscall]

VM Arguments:
jvm_args: -Djava.awt.headless=true -Xmx1024M -Dfile.encoding=UTF-8 -Duser.country=US -Duser.language=en -Duser.variant 
java_command: com.android.dx.command.Main --dex --force-jumbo --num-threads=4 --output /home/geng/grad/GuideMe/app/build/intermediates/pre-dexed/debug/main_ea915ed5d932ed306bde3f56528ac0bb7a5ad9ed.jar /home/geng/grad/GuideMe/app/build/intermediates/transforms/instantRun/debug/folders/1/5/main
java_class_path (initial): /home/geng/Android/Sdk/build-tools/23.0.2/lib/dx.jar
Launcher Type: SUN_STANDARD

Environment Variables:
PATH=/home/geng/.rvm/gems/jruby-1.7.19/bin:/home/geng/.rvm/gems/jruby-1.7.19@global/bin:/home/geng/.rvm/rubies/jruby-1.7.19/bin:/usr/local/heroku/bin:/usr/local/sbin:/usr/local/bin:/usr/sbin:/usr/bin:/sbin:/bin:/usr/games:/usr/local/games:/home/geng/.rvm/bin:/home/geng/.rvm/bin:/home/geng/.rvm/bin
LD_LIBRARY_PATH=/opt/android-studio/bin:
SHELL=/bin/bash
DISPLAY=:0

Signal Handlers:
SIGSEGV: [libjvm.so+0xaba2a0], sa_mask[0]=11111111011111111101111111111110, sa_flags=SA_RESTART|SA_SIGINFO
SIGBUS: [libjvm.so+0xaba2a0], sa_mask[0]=11111111011111111101111111111110, sa_flags=SA_RESTART|SA_SIGINFO
SIGFPE: [libjvm.so+0x917710], sa_mask[0]=11111111011111111101111111111110, sa_flags=SA_RESTART|SA_SIGINFO
SIGPIPE: [libjvm.so+0x917710], sa_mask[0]=11111111011111111101111111111110, sa_flags=SA_RESTART|SA_SIGINFO
SIGXFSZ: [libjvm.so+0x917710], sa_mask[0]=11111111011111111101111111111110, sa_flags=SA_RESTART|SA_SIGINFO
SIGILL: [libjvm.so+0x917710], sa_mask[0]=11111111011111111101111111111110, sa_flags=SA_RESTART|SA_SIGINFO
SIGUSR1: SIG_DFL, sa_mask[0]=00000000000000000000000000000000, sa_flags=none
SIGUSR2: [libjvm.so+0x918d40], sa_mask[0]=00100000000000000000000000000000, sa_flags=SA_RESTART|SA_SIGINFO
SIGHUP: [libjvm.so+0x91a140], sa_mask[0]=11111111011111111101111111111110, sa_flags=SA_RESTART|SA_SIGINFO
SIGINT: [libjvm.so+0x91a140], sa_mask[0]=11111111011111111101111111111110, sa_flags=SA_RESTART|SA_SIGINFO
SIGTERM: [libjvm.so+0x91a140], sa_mask[0]=11111111011111111101111111111110, sa_flags=SA_RESTART|SA_SIGINFO
SIGQUIT: [libjvm.so+0x91a140], sa_mask[0]=11111111011111111101111111111110, sa_flags=SA_RESTART|SA_SIGINFO


---------------  S Y S T E M  ---------------

OS:DISTRIB_ID=Ubuntu
DISTRIB_RELEASE=15.10
DISTRIB_CODENAME=wily
DISTRIB_DESCRIPTION="Ubuntu 15.10"

uname:Linux 4.2.0-36-generic #41-Ubuntu SMP Mon Apr 18 15:49:10 UTC 2016 x86_64
libc:glibc 2.21 NPTL 2.21 
rlimit: STACK 8192k, CORE 0k, NPROC 15268, NOFILE 65536, AS infinity
load average:20.79 6.94 2.85

/proc/meminfo:
MemTotal:        3945428 kB
MemFree:          267068 kB
MemAvailable:     362716 kB
Buffers:            2860 kB
Cached:           459248 kB
SwapCached:        23856 kB
Active:          2506672 kB
Inactive:         988532 kB
Active(anon):    2475224 kB
Inactive(anon):   934596 kB
Active(file):      31448 kB
Inactive(file):    53936 kB
Unevictable:         120 kB
Mlocked:             120 kB
SwapTotal:        976892 kB
SwapFree:           2712 kB
Dirty:                76 kB
Writeback:         11108 kB
AnonPages:       3012088 kB
Mapped:           269504 kB
Shmem:            376608 kB
Slab:              80096 kB
SReclaimable:      39616 kB
SUnreclaim:        40480 kB
KernelStack:       12304 kB
PageTables:        50256 kB
NFS_Unstable:          0 kB
Bounce:                0 kB
WritebackTmp:          0 kB
CommitLimit:     2949604 kB
Committed_AS:    9497548 kB
VmallocTotal:   34359738367 kB
VmallocUsed:      352264 kB
VmallocChunk:   34358945788 kB
HardwareCorrupted:     0 kB
AnonHugePages:   1777664 kB
CmaTotal:              0 kB
CmaFree:               0 kB
HugePages_Total:       0
HugePages_Free:        0
HugePages_Rsvd:        0
HugePages_Surp:        0
Hugepagesize:       2048 kB
DirectMap4k:      142368 kB
DirectMap2M:     3952640 kB


CPU:total 4 (2 cores per cpu, 2 threads per core) family 6 model 42 stepping 7, cmov, cx8, fxsr, mmx, sse, sse2, sse3, ssse3, sse4.1, sse4.2, popcnt, avx, aes, clmul, ht, tsc, tscinvbit

/proc/cpuinfo:
processor	: 0
vendor_id	: GenuineIntel
cpu family	: 6
model		: 42
model name	: Intel(R) Core(TM) i5-2467M CPU @ 1.60GHz
stepping	: 7
microcode	: 0x1a
cpu MHz		: 1249.562
cache size	: 3072 KB
physical id	: 0
siblings	: 4
core id		: 0
cpu cores	: 2
apicid		: 0
initial apicid	: 0
fpu		: yes
fpu_exception	: yes
cpuid level	: 13
wp		: yes
flags		: fpu vme de pse tsc msr pae mce cx8 apic sep mtrr pge mca cmov pat pse36 clflush dts acpi mmx fxsr sse sse2 ss ht tm pbe syscall nx rdtscp lm constant_tsc arch_perfmon pebs bts rep_good nopl xtopology nonstop_tsc aperfmperf eagerfpu pni pclmulqdq dtes64 monitor ds_cpl vmx est tm2 ssse3 cx16 xtpr pdcm pcid sse4_1 sse4_2 x2apic popcnt tsc_deadline_timer aes xsave avx lahf_lm ida arat epb pln pts dtherm tpr_shadow vnmi flexpriority ept vpid xsaveopt
bugs		:
bogomips	: 3192.72
clflush size	: 64
cache_alignment	: 64
address sizes	: 36 bits physical, 48 bits virtual
power management:

processor	: 1
vendor_id	: GenuineIntel
cpu family	: 6
model		: 42
model name	: Intel(R) Core(TM) i5-2467M CPU @ 1.60GHz
stepping	: 7
microcode	: 0x1a
cpu MHz		: 2055.250
cache size	: 3072 KB
physical id	: 0
siblings	: 4
core id		: 1
cpu cores	: 2
apicid		: 2
initial apicid	: 2
fpu		: yes
fpu_exception	: yes
cpuid level	: 13
wp		: yes
flags		: fpu vme de pse tsc msr pae mce cx8 apic sep mtrr pge mca cmov pat pse36 clflush dts acpi mmx fxsr sse sse2 ss ht tm pbe syscall nx rdtscp lm constant_tsc arch_perfmon pebs bts rep_good nopl xtopology nonstop_tsc aperfmperf eagerfpu pni pclmulqdq dtes64 monitor ds_cpl vmx est tm2 ssse3 cx16 xtpr pdcm pcid sse4_1 sse4_2 x2apic popcnt tsc_deadline_timer aes xsave avx lahf_lm ida arat epb pln pts dtherm tpr_shadow vnmi flexpriority ept vpid xsaveopt
bugs		:
bogomips	: 3192.72
clflush size	: 64
cache_alignment	: 64
address sizes	: 36 bits physical, 48 bits virtual
power management:

processor	: 2
vendor_id	: GenuineIntel
cpu family	: 6
model		: 42
model name	: Intel(R) Core(TM) i5-2467M CPU @ 1.60GHz
stepping	: 7
microcode	: 0x1a
cpu MHz		: 1932.062
cache size	: 3072 KB
physical id	: 0
siblings	: 4
core id		: 0
cpu cores	: 2
apicid		: 1
initial apicid	: 1
fpu		: yes
fpu_exception	: yes
cpuid level	: 13
wp		: yes
flags		: fpu vme de pse tsc msr pae mce cx8 apic sep mtrr pge mca cmov pat pse36 clflush dts acpi mmx fxsr sse sse2 ss ht tm pbe syscall nx rdtscp lm constant_tsc arch_perfmon pebs bts rep_good nopl xtopology nonstop_tsc aperfmperf eagerfpu pni pclmulqdq dtes64 monitor ds_cpl vmx est tm2 ssse3 cx16 xtpr pdcm pcid sse4_1 sse4_2 x2apic popcnt tsc_deadline_timer aes xsave avx lahf_lm ida arat epb pln pts dtherm tpr_shadow vnmi flexpriority ept vpid xsaveopt
bugs		:
bogomips	: 3192.72
clflush size	: 64
cache_alignment	: 64
address sizes	: 36 bits physical, 48 bits virtual
power management:

processor	: 3
vendor_id	: GenuineIntel
cpu family	: 6
model		: 42
model name	: Intel(R) Core(TM) i5-2467M CPU @ 1.60GHz
stepping	: 7
microcode	: 0x1a
cpu MHz		: 2055.250
cache size	: 3072 KB
physical id	: 0
siblings	: 4
core id		: 1
cpu cores	: 2
apicid		: 3
initial apicid	: 3
fpu		: yes
fpu_exception	: yes
cpuid level	: 13
wp		: yes
flags		: fpu vme de pse tsc msr pae mce cx8 apic sep mtrr pge mca cmov pat pse36 clflush dts acpi mmx fxsr sse sse2 ss ht tm pbe syscall nx rdtscp lm constant_tsc arch_perfmon pebs bts rep_good nopl xtopology nonstop_tsc aperfmperf eagerfpu pni pclmulqdq dtes64 monitor ds_cpl vmx est tm2 ssse3 cx16 xtpr pdcm pcid sse4_1 sse4_2 x2apic popcnt tsc_deadline_timer aes xsave avx lahf_lm ida arat epb pln pts dtherm tpr_shadow vnmi flexpriority ept vpid xsaveopt
bugs		:
bogomips	: 3192.72
clflush size	: 64
cache_alignment	: 64
address sizes	: 36 bits physical, 48 bits virtual
power management:



Memory: 4k page, physical 3945428k(267216k free), swap 976892k(2712k free)

vm_info: Java HotSpot(TM) 64-Bit Server VM (25.66-b17) for linux-amd64 JRE (1.8.0_66-b17), built on Oct  6 2015 17:28:34 by "java_re" with gcc 4.3.0 20080428 (Red Hat 4.3.0-8)

time: Wed May 11 11:28:32 2016
elapsed time: 24 seconds (0d 0h 0m 24s)

